[{32768}
,{"prob":0.4,"time":0.006768976275675853}
,{"prob":0.401,"time":-4.913358508036468E-4}
,{"prob":0.402,"time":0.0015663386644302034}
,{"prob":0.403,"time":-0.030008814124915306}
,{"prob":0.404,"time":-5.833758927059176E-4}
,{"prob":0.405,"time":7.86214547623211E-4}
,{"prob":0.406,"time":0.0022089864326800385}
,{"prob":0.40700000000000003,"time":0.008131299550791851}
,{"prob":0.40800000000000003,"time":-0.005965747686464932}
,{"prob":0.40900000000000003,"time":-0.001964523099478124}
,{"prob":0.41000000000000003,"time":-0.0011063719256154492}
,{"prob":0.41100000000000003,"time":-8.593940321517014E-4}
,{"prob":0.41200000000000003,"time":-9.731086876389924E-4}
,{"prob":0.41300000000000003,"time":-0.0015663636968250413}
,{"prob":0.41400000000000003,"time":-0.0038490203720881445}
,{"prob":0.41500000000000004,"time":0.018723552662889158}
,{"prob":0.41600000000000004,"time":0.0027980164200127073}
,{"prob":0.41700000000000004,"time":0.0012040822558011541}
,{"prob":0.41800000000000004,"time":1.4052354556395253E-4}
,{"prob":0.41900000000000004,"time":-0.00294505135410113}
,{"prob":0.42000000000000004,"time":0.002760905757628722}
,{"prob":0.42100000000000004,"time":5.910641872338484E-4}
,{"prob":0.42200000000000004,"time":-0.0035270037704185826}
,{"prob":0.42300000000000004,"time":0.0016459450973247938}
,{"prob":0.42400000000000004,"time":-6.410515552524984E-4}
,{"prob":0.42500000000000004,"time":0.0022323621905956134}
,{"prob":0.42600000000000005,"time":-5.315217929251174E-4}
,{"prob":0.42700000000000005,"time":0.0017722826590075812}
,{"prob":0.42800000000000005,"time":-0.002415386358428303}
,{"prob":0.42900000000000005,"time":8.451224933006548E-4}
,{"prob":0.43000000000000005,"time":0.0035136560666937005}
,{"prob":0.43100000000000005,"time":-0.0012535664605007454}
,{"prob":0.43200000000000005,"time":6.949642716937028E-4}
,{"prob":0.43300000000000005,"time":0.0018486169284835385}
,{"prob":0.43400000000000005,"time":0.0061013686198753666}
,{"prob":0.43500000000000005,"time":-0.0025897930199922123}
,{"prob":0.43600000000000005,"time":-2.216907139495028E-4}
,{"prob":0.43700000000000006,"time":4.7084945309871644E-4}
,{"prob":0.43800000000000006,"time":8.52408660792643E-4}
,{"prob":0.43900000000000006,"time":0.0010851681869917115}
,{"prob":0.44000000000000006,"time":0.001195526176487892}
,{"prob":0.44100000000000006,"time":0.0011853753405054533}
,{"prob":0.44200000000000006,"time":0.0010594203328560651}
,{"prob":0.44300000000000006,"time":8.137731694413498E-4}
,{"prob":0.44400000000000006,"time":3.780746937529596E-4}
,{"prob":0.44500000000000006,"time":-6.979802514017121E-4}
,{"prob":0.44600000000000006,"time":-0.05033848245031174}
,{"prob":0.44700000000000006,"time":0.00302110384869707}
,{"prob":0.44800000000000006,"time":0.0017007287102849384}
,{"prob":0.44900000000000007,"time":7.768402626702522E-4}
,{"prob":0.45000000000000007,"time":-0.01062757161903349}
,{"prob":0.45100000000000007,"time":0.002737040231915212}
,{"prob":0.45200000000000007,"time":0.002290416371293744}
,{"prob":0.45300000000000007,"time":0.0019017846437233451}
,{"prob":0.45400000000000007,"time":0.0016348287598847075}
,{"prob":0.45500000000000007,"time":0.0014808574108125814}
,{"prob":0.45600000000000007,"time":0.0013719172218079915}
,{"prob":0.4570000000000001,"time":0.0012874609995665762}
,{"prob":0.4580000000000001,"time":0.0012184619991405118}
,{"prob":0.4590000000000001,"time":0.0011601370097842226}
,{"prob":0.4600000000000001,"time":0.001109640225092321}
,{"prob":0.4610000000000001,"time":0.0010651385806583495}
,{"prob":0.4620000000000001,"time":0.0010253807296906438}
,{"prob":0.4630000000000001,"time":9.89473618328261E-4}
,{"prob":0.4640000000000001,"time":9.567571014856659E-4}
,{"prob":0.4650000000000001,"time":9.267290890380098E-4}
,{"prob":0.4660000000000001,"time":8.989985837467773E-4}
,{"prob":0.4670000000000001,"time":8.732549911994144E-4}
,{"prob":0.4680000000000001,"time":8.492473669065492E-4}
,{"prob":0.4690000000000001,"time":8.26769969651801E-4}
,{"prob":0.4700000000000001,"time":8.056519504709622E-4}
,{"prob":0.4710000000000001,"time":7.857498313860507E-4}
,{"prob":0.4720000000000001,"time":7.6694191347461E-4}
,{"prob":0.4730000000000001,"time":7.491240483215442E-4}
,{"prob":0.4740000000000001,"time":7.322063918870659E-4}
,{"prob":0.4750000000000001,"time":7.161108785691033E-4}
,{"prob":0.4760000000000001,"time":7.007692314729053E-4}
,{"prob":0.4770000000000001,"time":6.861213776054044E-4}
,{"prob":0.4780000000000001,"time":6.72114172770839E-4}
,{"prob":0.4790000000000001,"time":6.587003660646142E-4}
,{"prob":0.4800000000000001,"time":6.458377518226084E-4}
,{"prob":0.4810000000000001,"time":6.334884695916305E-4}
,{"prob":0.4820000000000001,"time":6.216184220740996E-4}
,{"prob":0.4830000000000001,"time":6.101967879187503E-4}
,{"prob":0.4840000000000001,"time":5.991956113487684E-4}
,{"prob":0.4850000000000001,"time":5.885894544592216E-4}
,{"prob":0.4860000000000001,"time":5.783551010159084E-4}
,{"prob":0.4870000000000001,"time":5.684713028595017E-4}
,{"prob":0.4880000000000001,"time":5.589185616733978E-4}
,{"prob":0.4890000000000001,"time":5.496789404389099E-4}
,{"prob":0.4900000000000001,"time":5.407358997289064E-4}
,{"prob":0.4910000000000001,"time":5.320741550991431E-4}
,{"prob":0.4920000000000001,"time":5.23679552309366E-4}
,{"prob":0.4930000000000001,"time":5.155389578072182E-4}
,{"prob":0.4940000000000001,"time":5.076401622354469E-4}
,{"prob":0.4950000000000001,"time":4.999717951680906E-4}
,{"prob":0.4960000000000001,"time":4.925232495309551E-4}
,{"prob":0.4970000000000001,"time":4.852846143998183E-4}
,{"prob":0.4980000000000001,"time":4.782466150833059E-4}
,{"prob":0.4990000000000001,"time":4.7140055958547986E-4}
,{"prob":0.5000000000000001,"time":4.647382905852884E-4}
,{"prob":0.5010000000000001,"time":4.58252142335374E-4}
,{"prob":0.5020000000000001,"time":4.5193490182773816E-4}
,{"prob":0.5030000000000001,"time":4.45779773752778E-4}
,{"prob":0.5040000000000001,"time":4.397803488043841E-4}
,{"prob":0.5050000000000001,"time":4.3393057496524925E-4}
,{"prob":0.5060000000000001,"time":4.282247314197786E-4}
,{"prob":0.5070000000000001,"time":4.2265740483287713E-4}
,{"prob":0.5080000000000001,"time":4.1722346771745714E-4}
,{"prob":0.5090000000000001,"time":4.1191805869216977E-4}
,{"prob":0.5100000000000001,"time":4.0673656441966697E-4}
,{"prob":0.5110000000000001,"time":4.016746030784251E-4}
,{"prob":0.5120000000000001,"time":3.9672800915778613E-4}
,{"prob":0.5130000000000001,"time":3.918928195373544E-4}
,{"prob":0.5140000000000001,"time":3.871652606375274E-4}
,{"prob":0.5150000000000001,"time":3.825417365948523E-4}
,{"prob":0.5160000000000001,"time":3.780188183558561E-4}
,{"prob":0.5170000000000001,"time":3.735932335860587E-4}
,{"prob":0.5180000000000001,"time":3.692618573311475E-4}
,{"prob":0.5190000000000001,"time":3.650217033926195E-4}
,{"prob":0.5200000000000001,"time":3.6086991630034624E-4}
,{"prob":0.5210000000000001,"time":3.5680376386925316E-4}
,{"prob":0.5220000000000001,"time":3.528206302905521E-4}
,{"prob":0.5230000000000001,"time":3.4891800968223937E-4}
,{"prob":0.5240000000000001,"time":3.4509350009602745E-4}
,{"prob":0.5250000000000001,"time":3.4134479792867457E-4}
,{"prob":0.5260000000000001,"time":3.376696926928836E-4}
,{"prob":0.5270000000000001,"time":3.340660621485166E-4}
,{"prob":0.5280000000000001,"time":3.305318677394419E-4}
,{"prob":0.5290000000000001,"time":3.270651503124758E-4}
,{"prob":0.5300000000000001,"time":3.2366402612987293E-4}
,{"prob":0.5310000000000001,"time":3.203266831090743E-4}
,{"prob":0.5320000000000001,"time":3.1705137731206955E-4}
,{"prob":0.5330000000000001,"time":3.138364296181043E-4}
,{"prob":0.5340000000000001,"time":3.1068022263658145E-4}
,{"prob":0.5350000000000001,"time":3.075811977668817E-4}
,{"prob":0.5360000000000001,"time":3.0453785245461326E-4}
,{"prob":0.5370000000000001,"time":3.01548737588845E-4}
,{"prob":0.5380000000000001,"time":2.9861245506107635E-4}
,{"prob":0.5390000000000001,"time":2.9572765545341845E-4}
,{"prob":0.5400000000000001,"time":2.9289303585789463E-4}
,{"prob":0.5410000000000001,"time":2.901073378287733E-4}
,{"prob":0.5420000000000001,"time":2.873693454214887E-4}
,{"prob":0.5430000000000001,"time":2.84677883353947E-4}
,{"prob":0.5440000000000002,"time":2.82031815274206E-4}
,{"prob":0.5450000000000002,"time":2.794300420910722E-4}
,{"prob":0.5460000000000002,"time":2.768715004282064E-4}
,{"prob":0.5470000000000002,"time":2.7435516112611803E-4}
,{"prob":0.5480000000000002,"time":2.718800278366103E-4}
,{"prob":0.5490000000000002,"time":2.6944513569033694E-4}
,{"prob":0.5500000000000002,"time":2.6704955002521645E-4}
,{"prob":0.5510000000000002,"time":2.646923651779528E-4}
,{"prob":0.5520000000000002,"time":2.623727033348448E-4}
,{"prob":0.5530000000000002,"time":2.600897134422624E-4}
,{"prob":0.5540000000000002,"time":2.578425701695502E-4}
,{"prob":0.5550000000000002,"time":2.556304729157748E-4}
,{"prob":0.5560000000000002,"time":2.534526448670834E-4}
,{"prob":0.5570000000000002,"time":2.5130833209994276E-4}
,{"prob":0.5580000000000002,"time":2.491968027223118E-4}
,{"prob":0.5590000000000002,"time":2.4711734605244623E-4}
,{"prob":0.5600000000000002,"time":2.4506927184930126E-4}
,{"prob":0.5610000000000002,"time":2.4305190955284237E-4}
,{"prob":0.5620000000000002,"time":2.4106460758464358E-4}
,{"prob":0.5630000000000002,"time":2.391067326550316E-4}
,{"prob":0.5640000000000002,"time":2.37177669126582E-4}
,{"prob":0.5650000000000002,"time":2.3527681837611595E-4}
,{"prob":0.5660000000000002,"time":2.3340359821656803E-4}
,{"prob":0.5670000000000002,"time":2.3155744230808953E-4}
,{"prob":0.5680000000000002,"time":2.297377996276543E-4}
,{"prob":0.5690000000000002,"time":2.2794413393930832E-4}
,{"prob":0.5700000000000002,"time":2.261759232947762E-4}
,{"prob":0.5710000000000002,"time":2.2443265954981184E-4}
,{"prob":0.5720000000000002,"time":2.2271384790848952E-4}
,{"prob":0.5730000000000002,"time":2.2101900647798162E-4}
,{"prob":0.5740000000000002,"time":2.1934766584610145E-4}
,{"prob":0.5750000000000002,"time":2.17699368674167E-4}
,{"prob":0.5760000000000002,"time":2.160736693044787E-4}
,{"prob":0.5770000000000002,"time":2.144701333910525E-4}
,{"prob":0.5780000000000002,"time":2.1288833752620878E-4}
,{"prob":0.5790000000000002,"time":2.1132786890784675E-4}
,{"prob":0.5800000000000002,"time":2.0978832499959896E-4}
,{"prob":0.5810000000000002,"time":2.0826931320557884E-4}
,{"prob":0.5820000000000002,"time":2.0677045057548564E-4}
,{"prob":0.5830000000000002,"time":2.0529136349243057E-4}
,{"prob":0.5840000000000002,"time":2.0383168739767998E-4}
,{"prob":0.5850000000000002,"time":2.0239106651086816E-4}
,{"prob":0.5860000000000002,"time":2.0096915356784549E-4}
,{"prob":0.5870000000000002,"time":1.9956560956230717E-4}
,{"prob":0.5880000000000002,"time":1.981801035040253E-4}
,{"prob":0.5890000000000002,"time":1.9681231217863812E-4}
,{"prob":0.5900000000000002,"time":1.95461919920325E-4}
,{"prob":0.5910000000000002,"time":1.9412861839115318E-4}
,{"prob":0.5920000000000002,"time":1.9281210636682455E-4}
,{"prob":0.5930000000000002,"time":1.915120895355272E-4}
,{"prob":0.5940000000000002,"time":1.902282802996233E-4}
,{"prob":0.5950000000000002,"time":1.88960397577355E-4}
,{"prob":0.5960000000000002,"time":1.8770816662914736E-4}
,{"prob":0.5970000000000002,"time":1.864713188721534E-4}
,{"prob":0.5980000000000002,"time":1.8524959171059422E-4}
,{"prob":0.5990000000000002,"time":1.8404272836777753E-4}
,{"prob":0.6000000000000002,"time":1.8285047772775666E-4}
,{"prob":0.6010000000000002,"time":1.8167259417960408E-4}
,{"prob":0.6020000000000002,"time":1.8050883746553747E-4}
,{"prob":0.6030000000000002,"time":1.7935897253796757E-4}
,{"prob":0.6040000000000002,"time":1.7822276941730687E-4}
,{"prob":0.6050000000000002,"time":1.771000030557199E-4}
,{"prob":0.6060000000000002,"time":1.7599045320909002E-4}
,{"prob":0.6070000000000002,"time":1.7489390430547595E-4}
,{"prob":0.6080000000000002,"time":1.7381014532281207E-4}
,{"prob":0.6090000000000002,"time":1.727389696717785E-4}
,{"prob":0.6100000000000002,"time":1.7168017507982722E-4}
,{"prob":0.6110000000000002,"time":1.7063356347885684E-4}
,{"prob":0.6120000000000002,"time":1.69598940892695E-4}
,{"prob":0.6130000000000002,"time":1.685761173415696E-4}
,{"prob":0.6140000000000002,"time":1.6756490672997323E-4}
,{"prob":0.6150000000000002,"time":1.6656512675499016E-4}
,{"prob":0.6160000000000002,"time":1.6557659881013783E-4}
,{"prob":0.6170000000000002,"time":1.6459914788614455E-4}
,{"prob":0.6180000000000002,"time":1.6363260249022504E-4}
,{"prob":0.6190000000000002,"time":1.6267679455234332E-4}
,{"prob":0.6200000000000002,"time":1.6173155934488196E-4}
,{"prob":0.6210000000000002,"time":1.607967353953188E-4}
,{"prob":0.6220000000000002,"time":1.598721644108118E-4}
,{"prob":0.6230000000000002,"time":1.5895769120148859E-4}
,{"prob":0.6240000000000002,"time":1.5805316360138397E-4}
,{"prob":0.6250000000000002,"time":1.5715843239854182E-4}
,{"prob":0.6260000000000002,"time":1.562733512637107E-4}
,{"prob":0.6270000000000002,"time":1.55397776679952E-4}
,{"prob":0.6280000000000002,"time":1.5453156787877126E-4}
,{"prob":0.6290000000000002,"time":1.5367458677244917E-4}
,{"prob":0.6300000000000002,"time":1.5282669789274978E-4}
,{"prob":0.6310000000000002,"time":1.5198776833024003E-4}
,{"prob":0.6320000000000002,"time":1.511576676719884E-4}
,{"prob":0.6330000000000002,"time":1.503362679464993E-4}
,{"prob":0.6340000000000002,"time":1.4952344356470348E-4}
,{"prob":0.6350000000000002,"time":1.4871907126800602E-4}
,{"prob":0.6360000000000002,"time":1.4792303007343016E-4}
,{"prob":0.6370000000000002,"time":1.4713520122348596E-4}
,{"prob":0.6380000000000002,"time":1.463554681331243E-4}
,{"prob":0.6390000000000002,"time":1.455837163434315E-4}
,{"prob":0.6400000000000002,"time":1.448198334713047E-4}
,{"prob":0.6410000000000002,"time":1.4406370916569258E-4}
,{"prob":0.6420000000000002,"time":1.4331523506189552E-4}
,{"prob":0.6430000000000002,"time":1.4257430473497572E-4}
,{"prob":0.6440000000000002,"time":1.4184081366062004E-4}
,{"prob":0.6450000000000002,"time":1.411146591718688E-4}
,{"prob":0.6460000000000002,"time":1.4039574041800151E-4}
,{"prob":0.6470000000000002,"time":1.3968395832552442E-4}
,{"prob":0.6480000000000002,"time":1.3897921556114742E-4}
,{"prob":0.6490000000000002,"time":1.3828141649071813E-4}
,{"prob":0.6500000000000002,"time":1.37590467146189E-4}
,{"prob":0.6510000000000002,"time":1.3690627518946616E-4}
,{"prob":0.6520000000000002,"time":1.3622874987615413E-4}
,{"prob":0.6530000000000002,"time":1.3555780202222285E-4}
,{"prob":0.6540000000000002,"time":1.3489334397149652E-4}
,{"prob":0.6550000000000002,"time":1.3423528956493932E-4}
,{"prob":0.6560000000000002,"time":1.3358355410681458E-4}
,{"prob":0.6570000000000003,"time":1.3293805433458442E-4}
,{"prob":0.6580000000000003,"time":1.3229870839149888E-4}
,{"prob":0.6590000000000003,"time":1.316654357950375E-4}
,{"prob":0.6600000000000003,"time":1.3103815740996913E-4}
,{"prob":0.6610000000000003,"time":1.3041679541920208E-4}
,{"prob":0.6620000000000003,"time":1.298012732981878E-4}
,{"prob":0.6630000000000003,"time":1.2919151578900427E-4}
,{"prob":0.6640000000000003,"time":1.2858744887411477E-4}
,{"prob":0.6650000000000003,"time":1.2798899974983594E-4}
,{"prob":0.6660000000000003,"time":1.2739609680508597E-4}
,{"prob":0.6670000000000003,"time":1.2680866959415178E-4}
,{"prob":0.6680000000000003,"time":1.2622664881747583E-4}
,{"prob":0.6690000000000003,"time":1.2564996629281795E-4}
,{"prob":0.6700000000000003,"time":1.2507855493895003E-4}
,{"prob":0.6710000000000003,"time":1.2451234875246903E-4}
,{"prob":0.6720000000000003,"time":1.239512827851418E-4}
,{"prob":0.6730000000000003,"time":1.2339529312269893E-4}
,{"prob":0.6740000000000003,"time":1.2284431686856727E-4}
,{"prob":0.6750000000000003,"time":1.2229829211908818E-4}
,{"prob":0.6760000000000003,"time":1.2175715794816394E-4}
,{"prob":0.6770000000000003,"time":1.2122085438783971E-4}
,{"prob":0.6780000000000003,"time":1.2068932240581577E-4}
,{"prob":0.6790000000000003,"time":1.201625038957162E-4}
,{"prob":0.6800000000000003,"time":1.1964034164928632E-4}
,{"prob":0.6810000000000003,"time":1.1912277934916786E-4}
,{"prob":0.6820000000000003,"time":1.1860976154368621E-4}
,{"prob":0.6830000000000003,"time":1.1810123363770177E-4}
,{"prob":0.6840000000000003,"time":1.1759714187078824E-4}
,{"prob":0.6850000000000003,"time":1.1709743330445942E-4}
,{"prob":0.6860000000000003,"time":1.1660205580625268E-4}
,{"prob":0.6870000000000003,"time":1.161109580350213E-4}
,{"prob":0.6880000000000003,"time":1.1562408942653961E-4}
,{"prob":0.6890000000000003,"time":1.151414001785956E-4}
,{"prob":0.6900000000000003,"time":1.1466284123555774E-4}
,{"prob":0.6910000000000003,"time":1.1418836427745397E-4}
,{"prob":0.6920000000000003,"time":1.1371792170595458E-4}
,{"prob":0.6930000000000003,"time":1.1325146662818694E-4}
,{"prob":0.6940000000000003,"time":1.1278895284994473E-4}
,{"prob":0.6950000000000003,"time":1.123303348559304E-4}
,{"prob":0.6960000000000003,"time":1.1187556780184789E-4}
,{"prob":0.6970000000000003,"time":1.1142460750340312E-4}
,{"prob":0.6980000000000003,"time":1.1097741042149535E-4}
,{"prob":0.6990000000000003,"time":1.1053393365013989E-4}
,{"prob":0.7000000000000003,"time":1.1009413490945605E-4}
,{"prob":0.7010000000000003,"time":1.0965797253080889E-4}
,{"prob":0.7020000000000003,"time":1.0922540544703643E-4}
,{"prob":0.7030000000000003,"time":1.0879639318288369E-4}
,{"prob":0.7040000000000003,"time":1.0837089584325419E-4}
,{"prob":0.7050000000000003,"time":1.0794887410329332E-4}
,{"prob":0.7060000000000003,"time":1.0753028920022362E-4}
,{"prob":0.7070000000000003,"time":1.0711510291990008E-4}
,{"prob":0.7080000000000003,"time":1.0670327759218158E-4}
,{"prob":0.7090000000000003,"time":1.0629477607632638E-4}
,{"prob":0.7100000000000003,"time":1.0588956175595667E-4}
,{"prob":0.7110000000000003,"time":1.0548759852872216E-4}
,{"prob":0.7120000000000003,"time":1.0508885079695568E-4}
,{"prob":0.7130000000000003,"time":1.0469328345926617E-4}
,{"prob":0.7140000000000003,"time":1.0430086190231313E-4}
,{"prob":0.7150000000000003,"time":1.0391155199348364E-4}
,{"prob":0.7160000000000003,"time":1.0352532007071628E-4}
,{"prob":0.7170000000000003,"time":1.0314213293626754E-4}
,{"prob":0.7180000000000003,"time":1.027619578491156E-4}
,{"prob":0.7190000000000003,"time":1.023847625152686E-4}
,{"prob":0.7200000000000003,"time":1.0201051508346596E-4}
,{"prob":0.7210000000000003,"time":1.0163918413355918E-4}
,{"prob":0.7220000000000003,"time":1.0127073867324E-4}
,{"prob":0.7230000000000003,"time":1.0090514813040906E-4}
,{"prob":0.7240000000000003,"time":1.0054238234423552E-4}
,{"prob":0.7250000000000003,"time":1.0018241155931047E-4}
,{"prob":0.7260000000000003,"time":9.982520642062831E-5}
,{"prob":0.7270000000000003,"time":9.947073796505112E-5}
,{"prob":0.7280000000000003,"time":9.911897761438294E-5}
,{"prob":0.7290000000000003,"time":9.876989717287708E-5}
,{"prob":0.7300000000000003,"time":9.842346881620244E-5}
,{"prob":0.7310000000000003,"time":9.807966508989725E-5}
,{"prob":0.7320000000000003,"time":9.773845889860196E-5}
,{"prob":0.7330000000000003,"time":9.739982350542232E-5}
,{"prob":0.7340000000000003,"time":9.706373252352784E-5}
,{"prob":0.7350000000000003,"time":9.673015990932336E-5}
,{"prob":0.7360000000000003,"time":9.639907995924454E-5}
,{"prob":0.7370000000000003,"time":9.607046730522402E-5}
,{"prob":0.7380000000000003,"time":9.574429690605462E-5}
,{"prob":0.7390000000000003,"time":9.542054404377729E-5}
,{"prob":0.7400000000000003,"time":9.50991843201292E-5}
,{"prob":0.7410000000000003,"time":9.478019364961376E-5}
,{"prob":0.7420000000000003,"time":9.446354825544624E-5}
,{"prob":0.7430000000000003,"time":9.414922466419661E-5}
,{"prob":0.7440000000000003,"time":9.383719970122108E-5}
,{"prob":0.7450000000000003,"time":9.352745048753229E-5}
,{"prob":0.7460000000000003,"time":9.321995443265708E-5}
,{"prob":0.7470000000000003,"time":9.291468923167917E-5}
,{"prob":0.7480000000000003,"time":9.261163286233171E-5}
,{"prob":0.7490000000000003,"time":9.231076357610621E-5}
,{"prob":0.7500000000000003,"time":9.201205989954863E-5}
,{"prob":0.7510000000000003,"time":9.171550062686882E-5}
,{"prob":0.7520000000000003,"time":9.142106481466917E-5}
,{"prob":0.7530000000000003,"time":9.112873178340479E-5}
,{"prob":0.7540000000000003,"time":9.083848110624485E-5}
,{"prob":0.7550000000000003,"time":9.055029261132629E-5}
,{"prob":0.7560000000000003,"time":9.026414637409975E-5}
,{"prob":0.7570000000000003,"time":8.998002271571417E-5}
,{"prob":0.7580000000000003,"time":8.969790219880402E-5}
,{"prob":0.7590000000000003,"time":8.941776562206598E-5}
,{"prob":0.7600000000000003,"time":8.913959402075461E-5}
,{"prob":0.7610000000000003,"time":8.886336865941186E-5}
,{"prob":0.7620000000000003,"time":8.858907102988265E-5}
,{"prob":0.7630000000000003,"time":8.831668284807787E-5}
,{"prob":0.7640000000000003,"time":8.804618605142721E-5}
,{"prob":0.7650000000000003,"time":8.77775627938319E-5}
,{"prob":0.7660000000000003,"time":8.751079544387804E-5}
,{"prob":0.7670000000000003,"time":8.724586658054164E-5}
,{"prob":0.7680000000000003,"time":8.698275899213936E-5}
,{"prob":0.7690000000000003,"time":8.672145567149703E-5}
,{"prob":0.7700000000000004,"time":8.64619398130995E-5}
,{"prob":0.7710000000000004,"time":8.620419481153411E-5}
,{"prob":0.7720000000000004,"time":8.594820425621344E-5}
,{"prob":0.7730000000000004,"time":8.569395193179574E-5}
,{"prob":0.7740000000000004,"time":8.544142181237733E-5}
,{"prob":0.7750000000000004,"time":8.519059806075163E-5}
,{"prob":0.7760000000000004,"time":8.49414650251933E-5}
,{"prob":0.7770000000000004,"time":8.469400723507433E-5}
,{"prob":0.7780000000000004,"time":8.444820940207655E-5}
,{"prob":0.7790000000000004,"time":8.420405641464983E-5}
,{"prob":0.7800000000000004,"time":8.396153333560848E-5}
,{"prob":0.7810000000000004,"time":8.372062540099025E-5}
,{"prob":0.7820000000000004,"time":8.348131801711169E-5}
,{"prob":0.7830000000000004,"time":8.324359675827282E-5}
,{"prob":0.7840000000000004,"time":8.300744736329681E-5}
,{"prob":0.7850000000000004,"time":8.277285573452827E-5}
,{"prob":0.7860000000000004,"time":8.253980793625587E-5}
,{"prob":0.7870000000000004,"time":8.230829019015194E-5}
,{"prob":0.7880000000000004,"time":8.207828887498074E-5}
,{"prob":0.7890000000000004,"time":8.184979052391985E-5}
,{"prob":0.7900000000000004,"time":8.162278182192533E-5}
,{"prob":0.7910000000000004,"time":8.139724960373684E-5}
,{"prob":0.7920000000000004,"time":8.117318085367458E-5}
,{"prob":0.7930000000000004,"time":8.095056270074195E-5}
,{"prob":0.7940000000000004,"time":8.072938241849176E-5}
,{"prob":0.7950000000000004,"time":8.050962742197318E-5}
,{"prob":0.7960000000000004,"time":8.029128526764609E-5}
,{"prob":0.7970000000000004,"time":8.007434364979573E-5}
,{"prob":0.7980000000000004,"time":7.985879039759435E-5}
,{"prob":0.7990000000000004,"time":7.964461347683598E-5}
,{"prob":0.8000000000000004,"time":7.943180098586836E-5}
,{"prob":0.8010000000000004,"time":7.922034115273931E-5}
,{"prob":0.8020000000000004,"time":7.901022233583783E-5}
,{"prob":0.8030000000000004,"time":7.880143302108346E-5}
,{"prob":0.8040000000000004,"time":7.859396181916274E-5}
,{"prob":0.8050000000000004,"time":7.838779746679176E-5}
,{"prob":0.8060000000000004,"time":7.818292882114527E-5}
,{"prob":0.8070000000000004,"time":7.797934486230208E-5}
,{"prob":0.8080000000000004,"time":7.777703468774054E-5}
,{"prob":0.8090000000000004,"time":7.757598751424606E-5}
,{"prob":0.8100000000000004,"time":7.737619267473244E-5}
,{"prob":0.8110000000000004,"time":7.717763961510059E-5}
,{"prob":0.8120000000000004,"time":7.698031789675555E-5}
,{"prob":0.8130000000000004,"time":7.67842171907019E-5}
,{"prob":0.8140000000000004,"time":7.658932728063794E-5}
,{"prob":0.8150000000000004,"time":7.639563805656338E-5}
,{"prob":0.8160000000000004,"time":7.620313951734843E-5}
,{"prob":0.8170000000000004,"time":7.601182176883938E-5}
,{"prob":0.8180000000000004,"time":7.582167501868642E-5}
,{"prob":0.8190000000000004,"time":7.563268958115173E-5}
,{"prob":0.8200000000000004,"time":7.544485587031112E-5}
,{"prob":0.8210000000000004,"time":7.52581644015866E-5}
,{"prob":0.8220000000000004,"time":7.507260579050621E-5}
,{"prob":0.8230000000000004,"time":7.488817074986433E-5}
,{"prob":0.8240000000000004,"time":7.470485009016804E-5}
,{"prob":0.8250000000000004,"time":7.452263471683821E-5}
,{"prob":0.8260000000000004,"time":7.434151563068882E-5}
,{"prob":0.8270000000000004,"time":7.416148392462454E-5}
,{"prob":0.8280000000000004,"time":7.398253078523022E-5}
,{"prob":0.8290000000000004,"time":7.38046474889666E-5}
,{"prob":0.8300000000000004,"time":7.362782540217284E-5}
,{"prob":0.8310000000000004,"time":7.34520559810674E-5}
,{"prob":0.8320000000000004,"time":7.327733076748289E-5}
,{"prob":0.8330000000000004,"time":7.310364139211102E-5}
,{"prob":0.8340000000000004,"time":7.293097956920988E-5}
,{"prob":0.8350000000000004,"time":7.275933709826705E-5}
,{"prob":0.8360000000000004,"time":7.258870586194308E-5}
,{"prob":0.8370000000000004,"time":7.241907782562574E-5}
,{"prob":0.8380000000000004,"time":7.225044503541432E-5}
,{"prob":0.8390000000000004,"time":7.208279961770008E-5}
,{"prob":0.8400000000000004,"time":7.191613377980781E-5}
,{"prob":0.8410000000000004,"time":7.175043980487777E-5}
,{"prob":0.8420000000000004,"time":7.158571005516015E-5}
,{"prob":0.8430000000000004,"time":7.142193696953751E-5}
,{"prob":0.8440000000000004,"time":7.125911306057526E-5}
,{"prob":0.8450000000000004,"time":7.109723091832866E-5}
,{"prob":0.8460000000000004,"time":7.093628320377865E-5}
,{"prob":0.8470000000000004,"time":7.07762626526558E-5}
,{"prob":0.8480000000000004,"time":7.061716207150805E-5}
,{"prob":0.8490000000000004,"time":7.045897433894405E-5}
,{"prob":0.8500000000000004,"time":7.030169240276986E-5}
,{"prob":0.8510000000000004,"time":7.014530928175858E-5}
,{"prob":0.8520000000000004,"time":6.998981806128815E-5}
,{"prob":0.8530000000000004,"time":6.983521189563188E-5}
,{"prob":0.8540000000000004,"time":6.968148400668645E-5}
,{"prob":0.8550000000000004,"time":6.952862768068014E-5}
,{"prob":0.8560000000000004,"time":6.937663627048157E-5}
,{"prob":0.8570000000000004,"time":6.92255031938533E-5}
,{"prob":0.8580000000000004,"time":6.907522193172004E-5}
,{"prob":0.8590000000000004,"time":6.892578602797178E-5}
,{"prob":0.8600000000000004,"time":6.877718908926701E-5}
,{"prob":0.8610000000000004,"time":6.862942478383785E-5}
,{"prob":0.8620000000000004,"time":6.848248684081446E-5}
,{"prob":0.8630000000000004,"time":6.833636904905525E-5}
,{"prob":0.8640000000000004,"time":6.819106525847837E-5}
,{"prob":0.8650000000000004,"time":6.804656937543193E-5}
,{"prob":0.8660000000000004,"time":6.790287536602881E-5}
,{"prob":0.8670000000000004,"time":6.775997725402019E-5}
,{"prob":0.8680000000000004,"time":6.761786911868884E-5}
,{"prob":0.8690000000000004,"time":6.747654509621407E-5}
,{"prob":0.8700000000000004,"time":6.73359993785656E-5}
,{"prob":0.8710000000000004,"time":6.719622621192332E-5}
,{"prob":0.8720000000000004,"time":6.705721989706742E-5}
,{"prob":0.8730000000000004,"time":6.691897478782205E-5}
,{"prob":0.8740000000000004,"time":6.678148529194064E-5}
,{"prob":0.8750000000000004,"time":6.664474586956263E-5}
,{"prob":0.8760000000000004,"time":6.650875103120018E-5}
,{"prob":0.8770000000000004,"time":6.637349533961824E-5}
,{"prob":0.8780000000000004,"time":6.623897340879557E-5}
,{"prob":0.8790000000000004,"time":6.610517990194369E-5}
,{"prob":0.8800000000000004,"time":6.597210953146113E-5}
,{"prob":0.8810000000000004,"time":6.583975705937602E-5}
,{"prob":0.8820000000000005,"time":6.570811729634377E-5}
,{"prob":0.8830000000000005,"time":6.557718509970722E-5}
,{"prob":0.8840000000000005,"time":6.544695537538659E-5}
,{"prob":0.8850000000000005,"time":6.531742307499637E-5}
,{"prob":0.8860000000000005,"time":6.518858319774002E-5}
,{"prob":0.8870000000000005,"time":6.506043078707533E-5}
,{"prob":0.8880000000000005,"time":6.493296093308852E-5}
,{"prob":0.8890000000000005,"time":6.480616876918294E-5}
,{"prob":0.8900000000000005,"time":6.468004947398266E-5}
,{"prob":0.8910000000000005,"time":6.455459826993162E-5}
,{"prob":0.8920000000000005,"time":6.44298104223675E-5}
,{"prob":0.8930000000000005,"time":6.430568123955289E-5}
,{"prob":0.8940000000000005,"time":6.418220607223599E-5}
,{"prob":0.8950000000000005,"time":6.405938031274903E-5}
,{"prob":0.8960000000000005,"time":6.393719939505023E-5}
,{"prob":0.8970000000000005,"time":6.381565879383491E-5}
,{"prob":0.8980000000000005,"time":6.369475402412275E-5}
,{"prob":0.8990000000000005,"time":6.357448064223697E-5}
,{"prob":0.9000000000000005,"time":6.34548342426164E-5}
,{"prob":0.9010000000000005,"time":6.333581046019653E-5}
,{"prob":0.9020000000000005,"time":6.3217404967242E-5}
,{"prob":0.9030000000000005,"time":6.30996134761859E-5}
,{"prob":0.9040000000000005,"time":6.298243173555907E-5}
,{"prob":0.9050000000000005,"time":6.286585553283503E-5}
,{"prob":0.9060000000000005,"time":6.274988069221226E-5}
,{"prob":0.9070000000000005,"time":6.263450307425051E-5}
,{"prob":0.9080000000000005,"time":6.251971857641697E-5}
,{"prob":0.9090000000000005,"time":6.240552313226983E-5}
,{"prob":0.9100000000000005,"time":6.229191271019313E-5}
,{"prob":0.9110000000000005,"time":6.217888331486194E-5}
,{"prob":0.9120000000000005,"time":6.206643098417837E-5}
,{"prob":0.9130000000000005,"time":6.195455179254755E-5}
,{"prob":0.9140000000000005,"time":6.184324184692477E-5}
,{"prob":0.9150000000000005,"time":6.173249728873894E-5}
,{"prob":0.9160000000000005,"time":6.162231429221166E-5}
,{"prob":0.9170000000000005,"time":6.151268906538371E-5}
,{"prob":0.9180000000000005,"time":6.140361784888892E-5}
,{"prob":0.9190000000000005,"time":6.129509691474888E-5}
,{"prob":0.9200000000000005,"time":6.118712256873836E-5}
,{"prob":0.9210000000000005,"time":6.107969114650724E-5}
,{"prob":0.9220000000000005,"time":6.097279901595108E-5}
,{"prob":0.9230000000000005,"time":6.086644257601645E-5}
,{"prob":0.9240000000000005,"time":6.0760618256405484E-5}
,{"prob":0.9250000000000005,"time":6.0655322516836196E-5}
,{"prob":0.9260000000000005,"time":6.055055184763991E-5}
,{"prob":0.9270000000000005,"time":6.044630276858895E-5}
,{"prob":0.9280000000000005,"time":6.034257182817809E-5}
,{"prob":0.9290000000000005,"time":6.02393556059789E-5}
,{"prob":0.9300000000000005,"time":6.0136650708413186E-5}
,{"prob":0.9310000000000005,"time":6.003445377198741E-5}
,{"prob":0.9320000000000005,"time":5.993276145996132E-5}
,{"prob":0.9330000000000005,"time":5.983157046557566E-5}
,{"prob":0.9340000000000005,"time":5.9730877507427574E-5}
,{"prob":0.9350000000000005,"time":5.963067933356774E-5}
,{"prob":0.9360000000000005,"time":5.9530972718197914E-5}
,{"prob":0.9370000000000005,"time":5.943175446272008E-5}
,{"prob":0.9380000000000005,"time":5.9333021394621585E-5}
,{"prob":0.9390000000000005,"time":5.9234770368094913E-5}
,{"prob":0.9400000000000005,"time":5.9136998263788314E-5}
,{"prob":0.9410000000000005,"time":5.9039701987275426E-5}
,{"prob":0.9420000000000005,"time":5.894287847010835E-5}
,{"prob":0.9430000000000005,"time":5.884652466958001E-5}
,{"prob":0.9440000000000005,"time":5.875063756763343E-5}
,{"prob":0.9450000000000005,"time":5.865521417020753E-5}
,{"prob":0.9460000000000005,"time":5.8560251509572875E-5}
,{"prob":0.9470000000000005,"time":5.8465746640264775E-5}
,{"prob":0.9480000000000005,"time":5.837169664227705E-5}
,{"prob":0.9490000000000005,"time":5.827809861913288E-5}
,{"prob":0.9500000000000005,"time":5.818494969767387E-5}
,{"prob":0.9510000000000005,"time":5.809224702826979E-5}
,{"prob":0.9520000000000005,"time":5.7999987784182884E-5}
,{"prob":0.9530000000000005,"time":5.790816916178412E-5}
,{"prob":0.9540000000000005,"time":5.7816788380345656E-5}
,{"prob":0.9550000000000005,"time":5.7725842680572044E-5}
,{"prob":0.9560000000000005,"time":5.7635329326928906E-5}
,{"prob":0.9570000000000005,"time":5.7545245604493305E-5}
,{"prob":0.9580000000000005,"time":5.745558882086566E-5}
,{"prob":0.9590000000000005,"time":5.736635630554724E-5}
,{"prob":0.9600000000000005,"time":5.72775454080813E-5}
,{"prob":0.9610000000000005,"time":5.71891535003716E-5}
,{"prob":0.9620000000000005,"time":5.710117797481857E-5}
,{"prob":0.9630000000000005,"time":5.701361624497359E-5}
,{"prob":0.9640000000000005,"time":5.692646574451935E-5}
,{"prob":0.9650000000000005,"time":5.68397239275093E-5}
,{"prob":0.9660000000000005,"time":5.675338826818671E-5}
,{"prob":0.9670000000000005,"time":5.666745626080743E-5}
,{"prob":0.9680000000000005,"time":5.6581925419877975E-5}
,{"prob":0.9690000000000005,"time":5.649679327833515E-5}
,{"prob":0.9700000000000005,"time":5.641205738984376E-5}
,{"prob":0.9710000000000005,"time":5.632771532657186E-5}
,{"prob":0.9720000000000005,"time":5.624376467943753E-5}
,{"prob":0.9730000000000005,"time":5.616020305876264E-5}
,{"prob":0.9740000000000005,"time":5.607702809288332E-5}
,{"prob":0.9750000000000005,"time":5.599423743002928E-5}
,{"prob":0.9760000000000005,"time":5.591182873530701E-5}
,{"prob":0.9770000000000005,"time":5.582979969217719E-5}
,{"prob":0.9780000000000005,"time":5.5748148002706196E-5}
,{"prob":0.9790000000000005,"time":5.566687138618796E-5}
,{"prob":0.9800000000000005,"time":5.558596758021293E-5}
,{"prob":0.9810000000000005,"time":5.5505434338896166E-5}
,{"prob":0.9820000000000005,"time":5.54252694343482E-5}
,{"prob":0.9830000000000005,"time":5.534547065571881E-5}
,{"prob":0.9840000000000005,"time":5.5266035809454586E-5}
,{"prob":0.9850000000000005,"time":5.518696271754591E-5}
,{"prob":0.9860000000000005,"time":5.510824922020179E-5}
,{"prob":0.9870000000000005,"time":5.5029893172895146E-5}
,{"prob":0.9880000000000005,"time":5.49518924490315E-5}
,{"prob":0.9890000000000005,"time":5.487424493660723E-5}
,{"prob":0.9900000000000005,"time":5.479694854047737E-5}
,{"prob":0.9910000000000005,"time":5.4720001181020455E-5}
,{"prob":0.9920000000000005,"time":5.464340079480466E-5}
,{"prob":0.9930000000000005,"time":5.456714533405617E-5}
,{"prob":0.9940000000000005,"time":5.449123276573714E-5}
,{"prob":0.9950000000000006,"time":5.441566107339912E-5}
,{"prob":0.9960000000000006,"time":5.434042825428444E-5}
,{"prob":0.9970000000000006,"time":5.426553232197183E-5}
,{"prob":0.9980000000000006,"time":5.419097130427282E-5}
,{"prob":0.9990000000000006,"time":5.4116743243899885E-5}
,{"prob":1.0000000000000004,"time":5.4042846198348326E-5}
,{"prob":1.0010000000000003,"time":5.396927823937726E-5}
,{"prob":1.0020000000000002,"time":5.3896037453682415E-5}
,{"prob":1.0030000000000001,"time":5.382312194159477E-5}
,{"prob":1.004,"time":5.3750529817755564E-5}
,{"prob":1.005,"time":5.3678259210605735E-5}
,{"prob":1.0059999999999998,"time":5.3606308263057416E-5}
,{"prob":1.0069999999999997,"time":5.353467513159564E-5}
,{"prob":1.0079999999999996,"time":5.3463357985780864E-5}
,{"prob":1.0089999999999995,"time":5.3392355008919525E-5}
,{"prob":1.0099999999999993,"time":5.332166439834088E-5}
,{"prob":1.0109999999999992,"time":5.3251284363737224E-5}
,{"prob":1.0119999999999991,"time":5.318121312822187E-5}
,{"prob":1.012999999999999,"time":5.311144892783925E-5}
,{"prob":1.013999999999999,"time":5.304199001222845E-5}
,{"prob":1.0149999999999988,"time":5.2972834643364304E-5}
,{"prob":1.0159999999999987,"time":5.2903981095455336E-5}
,{"prob":1.0169999999999986,"time":5.2835427655615894E-5}
,{"prob":1.0179999999999985,"time":5.2767172623766E-5}
,{"prob":1.0189999999999984,"time":5.269921431176179E-5}
,{"prob":1.0199999999999982,"time":5.263155104406493E-5}
,{"prob":1.0209999999999981,"time":5.2564181156500845E-5}
,{"prob":1.021999999999998,"time":5.2497102997692856E-5}
,{"prob":1.022999999999998,"time":5.2430314927818725E-5}
,{"prob":1.0239999999999978,"time":5.236381531928358E-5}
,{"prob":1.0249999999999977,"time":5.229760255548024E-5}
,{"prob":1.0259999999999976,"time":5.223167503222586E-5}
,{"prob":1.0269999999999975,"time":5.21660311561448E-5}
,{"prob":1.0279999999999974,"time":5.21006693453451E-5}
,{"prob":1.0289999999999973,"time":5.203558803008441E-5}
,{"prob":1.0299999999999971,"time":5.197078565078673E-5}
,{"prob":1.030999999999997,"time":5.190626065909593E-5}
,{"prob":1.031999999999997,"time":5.184201151854346E-5}
,{"prob":1.0329999999999968,"time":5.177803670295172E-5}
,{"prob":1.0339999999999967,"time":5.171433469672868E-5}
,{"prob":1.0349999999999966,"time":5.1650903995163755E-5}
,{"prob":1.0359999999999965,"time":5.1587743105095056E-5}
,{"prob":1.0369999999999964,"time":5.1524850542197894E-5}
,{"prob":1.0379999999999963,"time":5.146222483428485E-5}
,{"prob":1.0389999999999961,"time":5.139986451859815E-5}
,{"prob":1.039999999999996,"time":5.133776814285661E-5}
,{"prob":1.040999999999996,"time":5.127593426480431E-5}
,{"prob":1.0419999999999958,"time":5.1214361452507256E-5}
,{"prob":1.0429999999999957,"time":5.115304828427332E-5}
,{"prob":1.0439999999999956,"time":5.109199334783581E-5}
,{"prob":1.0449999999999955,"time":5.103119524139252E-5}
,{"prob":1.0459999999999954,"time":5.09706525720443E-5}
,{"prob":1.0469999999999953,"time":5.091036395721267E-5}
,{"prob":1.0479999999999952,"time":5.0850328023818424E-5}
,{"prob":1.048999999999995,"time":5.0790543408583424E-5}
,{"prob":1.049999999999995,"time":5.073100875684996E-5}
,{"prob":1.0509999999999948,"time":5.067172272398958E-5}
,{"prob":1.0519999999999947,"time":5.061268397459233E-5}
,{"prob":1.0529999999999946,"time":5.0553891182400955E-5}
,{"prob":1.0539999999999945,"time":5.049534303024012E-5}
,{"prob":1.0549999999999944,"time":5.043703820995059E-5}
,{"prob":1.0559999999999943,"time":5.037897542195737E-5}
,{"prob":1.0569999999999942,"time":5.032115337666683E-5}
,{"prob":1.057999999999994,"time":5.026357079220513E-5}
,{"prob":1.058999999999994,"time":5.020622639618415E-5}
,{"prob":1.0599999999999938,"time":5.014911892453784E-5}
,{"prob":1.0609999999999937,"time":5.009224712146234E-5}
,{"prob":1.0619999999999936,"time":5.0035609740810656E-5}
,{"prob":1.0629999999999935,"time":4.9979205543842895E-5}
,{"prob":1.0639999999999934,"time":4.992303330062336E-5}
,{"prob":1.0649999999999933,"time":4.986709178923128E-5}
,{"prob":1.0659999999999932,"time":4.98113797967907E-5}
,{"prob":1.066999999999993,"time":4.975589611759325E-5}
,{"prob":1.067999999999993,"time":4.9700639554859784E-5}
,{"prob":1.0689999999999928,"time":4.964560891958473E-5}
,{"prob":1.0699999999999927,"time":4.959080303084688E-5}
,{"prob":1.0709999999999926,"time":4.9536220715029954E-5}
,{"prob":1.0719999999999925,"time":4.948186080720718E-5}
,{"prob":1.0729999999999924,"time":4.9427722150002774E-5}
,{"prob":1.0739999999999923,"time":4.937380359389798E-5}
,{"prob":1.0749999999999922,"time":4.932010399645614E-5}
,{"prob":1.075999999999992,"time":4.92666222233473E-5}
,{"prob":1.076999999999992,"time":4.9213357147576166E-5}
,{"prob":1.0779999999999919,"time":4.916030765014339E-5}
,{"prob":1.0789999999999917,"time":4.9107472618563374E-5}
,{"prob":1.0799999999999916,"time":4.905485094895519E-5}
,{"prob":1.0809999999999915,"time":4.9002441543135316E-5}
,{"prob":1.0819999999999914,"time":4.895024331177624E-5}
,{"prob":1.0829999999999913,"time":4.889825517186099E-5}
,{"prob":1.0839999999999912,"time":4.8846476047343675E-5}
,{"prob":1.084999999999991,"time":4.879490486981507E-5}
,{"prob":1.085999999999991,"time":4.8743540577738034E-5}
,{"prob":1.0869999999999909,"time":4.869238211604589E-5}
,{"prob":1.0879999999999908,"time":4.864142843751173E-5}
,{"prob":1.0889999999999906,"time":4.859067850093061E-5}
,{"prob":1.0899999999999905,"time":4.8540131272131314E-5}
,{"prob":1.0909999999999904,"time":4.8489785723579125E-5}
,{"prob":1.0919999999999903,"time":4.843964083538696E-5}
,{"prob":1.0929999999999902,"time":4.838969559244461E-5}
,{"prob":1.09399999999999,"time":4.833994898825548E-5}
,{"prob":1.09499999999999,"time":4.829040002136443E-5}
,{"prob":1.0959999999999899,"time":4.8241047697076995E-5}
,{"prob":1.0969999999999898,"time":4.819189102811626E-5}
,{"prob":1.0979999999999897,"time":4.814292903246891E-5}
,{"prob":1.0989999999999895,"time":4.809416073440046E-5}
,{"prob":1.0999999999999894,"time":4.804558516580867E-5}
,{"prob":1.1009999999999893,"time":4.799720136303221E-5}
,{"prob":1.1019999999999892,"time":4.79490083699559E-5}
,{"prob":1.102999999999989,"time":4.7901005235874E-5}
,{"prob":1.103999999999989,"time":4.785319101649316E-5}
,{"prob":1.1049999999999889,"time":4.780556477354427E-5}
,{"prob":1.1059999999999888,"time":4.775812557439451E-5}
,{"prob":1.1069999999999887,"time":4.771087249304877E-5}
,{"prob":1.1079999999999885,"time":4.766380460872093E-5}
,{"prob":1.1089999999999884,"time":4.761692100648803E-5}
,{"prob":1.1099999999999883,"time":4.757022077794774E-5}
,{"prob":1.1109999999999882,"time":4.7523703019443935E-5}
,{"prob":1.111999999999988,"time":4.74773668344509E-5}
,{"prob":1.112999999999988,"time":4.7431211330425504E-5}
,{"prob":1.1139999999999879,"time":4.738523562187824E-5}
,{"prob":1.1149999999999878,"time":4.733943882791837E-5}
,{"prob":1.1159999999999877,"time":4.7293820073600684E-5}
,{"prob":1.1169999999999876,"time":4.7248378489882196E-5}
,{"prob":1.1179999999999874,"time":4.720311321255875E-5}
,{"prob":1.1189999999999873,"time":4.7158023383257846E-5}
,{"prob":1.1199999999999872,"time":4.711310814837514E-5}
,{"prob":1.1209999999999871,"time":4.7068366660067716E-5}
,{"prob":1.121999999999987,"time":4.7023798076218135E-5}
,{"prob":1.122999999999987,"time":4.697940155937256E-5}
,{"prob":1.1239999999999868,"time":4.693517627739188E-5}
,{"prob":1.1249999999999867,"time":4.689112140341712E-5}
,{"prob":1.1259999999999866,"time":4.684723611549536E-5}
,{"prob":1.1269999999999865,"time":4.680351959688701E-5}
,{"prob":1.1279999999999863,"time":4.675997103637425E-5}
,{"prob":1.1289999999999862,"time":4.671658962720392E-5}
,{"prob":1.1299999999999861,"time":4.667337456773901E-5}
,{"prob":1.130999999999986,"time":4.6630325061425144E-5}
,{"prob":1.131999999999986,"time":4.658744031608165E-5}
,{"prob":1.1329999999999858,"time":4.6544719545562754E-5}
,{"prob":1.1339999999999857,"time":4.650216196701722E-5}
,{"prob":1.1349999999999856,"time":4.645976680356828E-5}
,{"prob":1.1359999999999855,"time":4.6417533282925665E-5}
,{"prob":1.1369999999999854,"time":4.63754606370194E-5}
,{"prob":1.1379999999999852,"time":4.633354810298278E-5}
,{"prob":1.1389999999999851,"time":4.629179492244882E-5}
,{"prob":1.139999999999985,"time":4.625020034151816E-5}
,{"prob":1.140999999999985,"time":4.620876361073405E-5}
,{"prob":1.1419999999999848,"time":4.6167483985722444E-5}
,{"prob":1.1429999999999847,"time":4.612636072682762E-5}
,{"prob":1.1439999999999846,"time":4.608539309740655E-5}
,{"prob":1.1449999999999845,"time":4.604458036715551E-5}
,{"prob":1.1459999999999844,"time":4.600392180906308E-5}
,{"prob":1.1469999999999843,"time":4.596341670039039E-5}
,{"prob":1.1479999999999841,"time":4.5923064323646006E-5}
,{"prob":1.148999999999984,"time":4.588286396488585E-5}
,{"prob":1.149999999999984,"time":4.584281491502494E-5}
,{"prob":1.1509999999999838,"time":4.580291646847424E-5}
,{"prob":1.1519999999999837,"time":4.576316792444863E-5}
,{"prob":1.1529999999999836,"time":4.5723568586608E-5}
,{"prob":1.1539999999999835,"time":4.568411776203136E-5}
,{"prob":1.1549999999999834,"time":4.5644814762522206E-5}
,{"prob":1.1559999999999833,"time":4.5605658903587346E-5}
,{"prob":1.1569999999999832,"time":4.556664950540513E-5}
,{"prob":1.157999999999983,"time":4.5527785891476136E-5}
,{"prob":1.158999999999983,"time":4.5489067389590765E-5}
,{"prob":1.1599999999999828,"time":4.5450493332137735E-5}
,{"prob":1.1609999999999827,"time":4.541206305442312E-5}
,{"prob":1.1619999999999826,"time":4.537377589630051E-5}
,{"prob":1.1629999999999825,"time":4.533563120181716E-5}
,{"prob":1.1639999999999824,"time":4.5297628317869024E-5}
,{"prob":1.1649999999999823,"time":4.525976659615782E-5}
,{"prob":1.1659999999999822,"time":4.522204539217643E-5}
,{"prob":1.166999999999982,"time":4.5184464064529E-5}
,{"prob":1.167999999999982,"time":4.514702197589527E-5}
,{"prob":1.1689999999999818,"time":4.510971849333758E-5}
,{"prob":1.1699999999999817,"time":4.507255298630331E-5}
,{"prob":1.1709999999999816,"time":4.503552482956182E-5}
,{"prob":1.1719999999999815,"time":4.4998633399899796E-5}
,{"prob":1.1729999999999814,"time":4.496187807872277E-5}
,{"prob":1.1739999999999813,"time":4.492525825104855E-5}
,{"prob":1.1749999999999812,"time":4.488877330548822E-5}
,{"prob":1.175999999999981,"time":4.485242263324148E-5}
,{"prob":1.176999999999981,"time":4.481620563036772E-5}
,{"prob":1.1779999999999808,"time":4.478012169579834E-5}
,{"prob":1.1789999999999807,"time":4.4744170231649256E-5}
,{"prob":1.1799999999999806,"time":4.4708350644175336E-5}
,{"prob":1.1809999999999805,"time":4.467266234277236E-5}
,{"prob":1.1819999999999804,"time":4.463710473995856E-5}
,{"prob":1.1829999999999803,"time":4.4601677252003416E-5}
,{"prob":1.1839999999999802,"time":4.45663792982593E-5}
,{"prob":1.18499999999998,"time":4.4531210302113605E-5}
,{"prob":1.18599999999998,"time":4.449616968902637E-5}
,{"prob":1.1869999999999798,"time":4.4461256889100554E-5}
,{"prob":1.1879999999999797,"time":4.442647133447412E-5}
,{"prob":1.1889999999999796,"time":4.4391812461566024E-5}
,{"prob":1.1899999999999795,"time":4.435727970911658E-5}
,{"prob":1.1909999999999794,"time":4.432287252010671E-5}
,{"prob":1.1919999999999793,"time":4.4288590339482566E-5}
,{"prob":1.1929999999999792,"time":4.4254432616392146E-5}
,{"prob":1.193999999999979,"time":4.422039880287772E-5}
,{"prob":1.194999999999979,"time":4.4186488353216413E-5}
,{"prob":1.1959999999999789,"time":4.41527007261542E-5}
,{"prob":1.1969999999999787,"time":4.4119035382312805E-5}
,{"prob":1.1979999999999786,"time":4.408549178642542E-5}
,{"prob":1.1989999999999785,"time":4.405206940506916E-5}
,{"prob":1.1999999999999784,"time":4.401876770889496E-5}
,{"prob":1.2009999999999783,"time":4.3985586171007166E-5}
,{"prob":1.2019999999999782,"time":4.3952524267584513E-5}
,{"prob":1.202999999999978,"time":4.3919581477869345E-5}
,{"prob":1.203999999999978,"time":4.3886757283505414E-5}
,{"prob":1.2049999999999779,"time":4.3854051169803696E-5}
,{"prob":1.2059999999999778,"time":4.382146262412734E-5}
,{"prob":1.2069999999999776,"time":4.378899113778966E-5}
,{"prob":1.2079999999999775,"time":4.3756636204126076E-5}
,{"prob":1.2089999999999774,"time":4.3724397319113845E-5}
,{"prob":1.2099999999999773,"time":4.3692273982632766E-5}
,{"prob":1.2109999999999772,"time":4.366026569590019E-5}
,{"prob":1.211999999999977,"time":4.362837196400268E-5}
,{"prob":1.212999999999977,"time":4.359659229460726E-5}
,{"prob":1.2139999999999769,"time":4.356492619731231E-5}
,{"prob":1.2149999999999768,"time":4.3533373185851834E-5}
,{"prob":1.2159999999999767,"time":4.350193277522921E-5}
,{"prob":1.2169999999999765,"time":4.347060448391849E-5}
,{"prob":1.2179999999999764,"time":4.3439387832900366E-5}
,{"prob":1.2189999999999763,"time":4.340828234564621E-5}
,{"prob":1.2199999999999762,"time":4.337728754873874E-5}
,{"prob":1.220999999999976,"time":4.334640297059068E-5}
,{"prob":1.221999999999976,"time":4.3315628143010115E-5}
,{"prob":1.2229999999999759,"time":4.328496259961009E-5}
,{"prob":1.2239999999999758,"time":4.325440587705436E-5}
,{"prob":1.2249999999999757,"time":4.322395751441407E-5}
,{"prob":1.2259999999999756,"time":4.319361705315305E-5}
,{"prob":1.2269999999999754,"time":4.316338403743023E-5}
,{"prob":1.2279999999999753,"time":4.31332580140834E-5}
,{"prob":1.2289999999999752,"time":4.310323853198902E-5}
,{"prob":1.2299999999999751,"time":4.307332514267771E-5}
,{"prob":1.230999999999975,"time":4.304351740000542E-5}
,{"prob":1.231999999999975,"time":4.301381486045574E-5}
,{"prob":1.2329999999999748,"time":4.298421708249803E-5}
,{"prob":1.2339999999999747,"time":4.295472362751547E-5}
,{"prob":1.2349999999999746,"time":4.29253340591657E-5}
,{"prob":1.2359999999999745,"time":4.2896047943055935E-5}
,{"prob":1.2369999999999743,"time":4.28668648476665E-5}
,{"prob":1.2379999999999742,"time":4.283778434340274E-5}
,{"prob":1.2389999999999741,"time":4.2808806003207354E-5}
,{"prob":1.239999999999974,"time":4.277992940192257E-5}
,{"prob":1.240999999999974,"time":4.2751154117525814E-5}
,{"prob":1.2419999999999738,"time":4.272247972924888E-5}
,{"prob":1.2429999999999737,"time":4.269390581943152E-5}
,{"prob":1.2439999999999736,"time":4.266543197195844E-5}
,{"prob":1.2449999999999735,"time":4.263705777348489E-5}
,{"prob":1.2459999999999734,"time":4.260878281250021E-5}
,{"prob":1.2469999999999732,"time":4.258060667961947E-5}
,{"prob":1.2479999999999731,"time":4.2552528968198875E-5}
,{"prob":1.248999999999973,"time":4.2524549273389394E-5}
,{"prob":1.249999999999973,"time":4.249666719212677E-5}
,{"prob":1.2509999999999728,"time":4.2468882324360615E-5}
,{"prob":1.2519999999999727,"time":4.2441194271185214E-5}
,{"prob":1.2529999999999726,"time":4.2413602636682075E-5}
,{"prob":1.2539999999999725,"time":4.238610702606014E-5}
,{"prob":1.2549999999999724,"time":4.2358707048108094E-5}
,{"prob":1.2559999999999722,"time":4.233140231179606E-5}
,{"prob":1.2569999999999721,"time":4.2304192429652115E-5}
,{"prob":1.257999999999972,"time":4.2277077015289066E-5}
,{"prob":1.258999999999972,"time":4.22500556852402E-5}
,{"prob":1.2599999999999718,"time":4.2223128057411326E-5}
,{"prob":1.2609999999999717,"time":4.219629375168259E-5}
,{"prob":1.2619999999999716,"time":4.216955239051795E-5}
,{"prob":1.2629999999999715,"time":4.21429035974145E-5}
,{"prob":1.2639999999999714,"time":4.211634699873823E-5}
,{"prob":1.2649999999999713,"time":4.2089882222174515E-5}
,{"prob":1.2659999999999711,"time":4.206350889795102E-5}
,{"prob":1.266999999999971,"time":4.20372266575972E-5}
,{"prob":1.267999999999971,"time":4.2011035135162976E-5}
,{"prob":1.2689999999999708,"time":4.198493396598078E-5}
,{"prob":1.2699999999999707,"time":4.195892278757874E-5}
,{"prob":1.2709999999999706,"time":4.193300123966652E-5}
,{"prob":1.2719999999999705,"time":4.190716896351577E-5}
,{"prob":1.2729999999999704,"time":4.188142560164905E-5}
,{"prob":1.2739999999999703,"time":4.1855770799961034E-5}
,{"prob":1.2749999999999702,"time":4.183020420435892E-5}
,{"prob":1.27599999999997,"time":4.180472546410402E-5}
,{"prob":1.27699999999997,"time":4.177933422936518E-5}
,{"prob":1.2779999999999698,"time":4.1754030152429246E-5}
,{"prob":1.2789999999999697,"time":4.1728812887386734E-5}
,{"prob":1.2799999999999696,"time":4.170368209012245E-5}
,{"prob":1.2809999999999695,"time":4.167863741800422E-5}
,{"prob":1.2819999999999694,"time":4.165367853017688E-5}
,{"prob":1.2829999999999693,"time":4.162880508816153E-5}
,{"prob":1.2839999999999692,"time":4.16040167543283E-5}
,{"prob":1.284999999999969,"time":4.1579313193406E-5}
,{"prob":1.285999999999969,"time":4.1554694071562514E-5}
,{"prob":1.2869999999999688,"time":4.153015905670151E-5}
,{"prob":1.2879999999999687,"time":4.150570781845144E-5}
,{"prob":1.2889999999999686,"time":4.148134002815986E-5}
,{"prob":1.2899999999999685,"time":4.145705535858E-5}
,{"prob":1.2909999999999684,"time":4.143285348447082E-5}
,{"prob":1.2919999999999683,"time":4.14087340819815E-5}
,{"prob":1.2929999999999682,"time":4.138469682924726E-5}
,{"prob":1.293999999999968,"time":4.1360741405479636E-5}
,{"prob":1.294999999999968,"time":4.13368674921612E-5}
,{"prob":1.2959999999999678,"time":4.131307477183269E-5}
,{"prob":1.2969999999999677,"time":4.1289362928690204E-5}
,{"prob":1.2979999999999676,"time":4.126573164887522E-5}
,{"prob":1.2989999999999675,"time":4.1242180619868294E-5}
,{"prob":1.2999999999999674,"time":4.1218709530479554E-5}
,{"prob":1.3009999999999673,"time":4.119531807174181E-5}
,{"prob":1.3019999999999672,"time":4.117200593570377E-5}
,{"prob":1.302999999999967,"time":4.114877281572327E-5}
,{"prob":1.303999999999967,"time":4.112561840765737E-5}
,{"prob":1.3049999999999669,"time":4.110254240775714E-5}
,{"prob":1.3059999999999667,"time":4.1079544514759316E-5}
,{"prob":1.3069999999999666,"time":4.1056624428080695E-5}
,{"prob":1.3079999999999665,"time":4.103378184900951E-5}
,{"prob":1.3089999999999664,"time":4.1011016480398525E-5}
,{"prob":1.3099999999999663,"time":4.0988328026658185E-5}
,{"prob":1.3109999999999662,"time":4.096571619315041E-5}
,{"prob":1.311999999999966,"time":4.09431806873791E-5}
,{"prob":1.312999999999966,"time":4.0920721217489804E-5}
,{"prob":1.3139999999999659,"time":4.089833749405151E-5}
,{"prob":1.3149999999999658,"time":4.0876029228262124E-5}
,{"prob":1.3159999999999656,"time":4.085379613283634E-5}
,{"prob":1.3169999999999655,"time":4.083163792229548E-5}
,{"prob":1.3179999999999654,"time":4.0809554312663467E-5}
,{"prob":1.3189999999999653,"time":4.0787545020271686E-5}
,{"prob":1.3199999999999652,"time":4.076560976442563E-5}
,{"prob":1.320999999999965,"time":4.074374826443057E-5}
,{"prob":1.321999999999965,"time":4.072196024195806E-5}
,{"prob":1.3229999999999649,"time":4.0700245419259195E-5}
,{"prob":1.3239999999999648,"time":4.067860352034674E-5}
,{"prob":1.3249999999999647,"time":4.065703427098617E-5}
,{"prob":1.3259999999999645,"time":4.063553739721013E-5}
,{"prob":1.3269999999999644,"time":4.06141126273836E-5}
,{"prob":1.3279999999999643,"time":4.059275969071999E-5}
,{"prob":1.3289999999999642,"time":4.057147831786362E-5}
,{"prob":1.329999999999964,"time":4.055026824059173E-5}
,{"prob":1.330999999999964,"time":4.052912919239635E-5}
,{"prob":1.3319999999999639,"time":4.0508060907593936E-5}
,{"prob":1.3329999999999638,"time":4.0487063122203814E-5}
,{"prob":1.3339999999999637,"time":4.04661355730595E-5}
,{"prob":1.3349999999999635,"time":4.0445277998685395E-5}
,{"prob":1.3359999999999634,"time":4.042449013840829E-5}
,{"prob":1.3369999999999633,"time":4.040377173352771E-5}
,{"prob":1.3379999999999632,"time":4.038312252613542E-5}
,{"prob":1.338999999999963,"time":4.0362542259107494E-5}
,{"prob":1.339999999999963,"time":4.0342030677571656E-5}
,{"prob":1.3409999999999629,"time":4.0321587527135174E-5}
,{"prob":1.3419999999999628,"time":4.030121255476273E-5}
,{"prob":1.3429999999999627,"time":4.0280905508477154E-5}
,{"prob":1.3439999999999626,"time":4.026066613823377E-5}
,{"prob":1.3449999999999624,"time":4.024049419444853E-5}
,{"prob":1.3459999999999623,"time":4.022038942916441E-5}
,{"prob":1.3469999999999622,"time":4.020035159487779E-5}
,{"prob":1.3479999999999621,"time":4.0180380445992904E-5}
,{"prob":1.348999999999962,"time":4.016047573823385E-5}
,{"prob":1.349999999999962,"time":4.014063722776058E-5}
,{"prob":1.3509999999999618,"time":4.012086467233374E-5}
,{"prob":1.3519999999999617,"time":4.0101157830726015E-5}
,{"prob":1.3529999999999616,"time":4.008151646300764E-5}
,{"prob":1.3539999999999615,"time":4.006194033025053E-5}
,{"prob":1.3549999999999613,"time":4.004242919481376E-5}
,{"prob":1.3559999999999612,"time":4.002298281975634E-5}
,{"prob":1.3569999999999611,"time":4.000360096970834E-5}
,{"prob":1.357999999999961,"time":3.998428341057043E-5}
,{"prob":1.358999999999961,"time":3.996502990834881E-5}
,{"prob":1.3599999999999608,"time":3.994584023147534E-5}
,{"prob":1.3609999999999607,"time":3.992671414847789E-5}
,{"prob":1.3619999999999606,"time":3.990765142942745E-5}
,{"prob":1.3629999999999605,"time":3.98886518453542E-5}
,{"prob":1.3639999999999604,"time":3.986971516824151E-5}
,{"prob":1.3649999999999602,"time":3.985084117131161E-5}
,{"prob":1.3659999999999601,"time":3.983202962902231E-5}
,{"prob":1.36699999999996,"time":3.981328031619049E-5}
,{"prob":1.36799999999996,"time":3.979459300972721E-5}
,{"prob":1.3689999999999598,"time":3.977596748660677E-5}
,{"prob":1.3699999999999597,"time":3.97574035253084E-5}
,{"prob":1.3709999999999596,"time":3.9738900905522835E-5}
,{"prob":1.3719999999999595,"time":3.9720459407280703E-5}
,{"prob":1.3729999999999594,"time":3.9702078812681926E-5}
,{"prob":1.3739999999999593,"time":3.968375890357963E-5}
,{"prob":1.3749999999999591,"time":3.96654994636E-5}
,{"prob":1.375999999999959,"time":3.964730027755606E-5}
,{"prob":1.376999999999959,"time":3.962916113087187E-5}
,{"prob":1.3779999999999588,"time":3.9611081809860756E-5}
,{"prob":1.3789999999999587,"time":3.959306210201424E-5}
,{"prob":1.3799999999999586,"time":3.957510179599677E-5}
,{"prob":1.3809999999999585,"time":3.955720068106235E-5}
,{"prob":1.3819999999999584,"time":3.953935854763227E-5}
,{"prob":1.3829999999999583,"time":3.952157518699578E-5}
,{"prob":1.3839999999999582,"time":3.950385039131417E-5}
,{"prob":1.384999999999958,"time":3.9486183954472715E-5}
,{"prob":1.385999999999958,"time":3.94685756700672E-5}
,{"prob":1.3869999999999578,"time":3.945102533341289E-5}
,{"prob":1.3879999999999577,"time":3.9433532740675386E-5}
,{"prob":1.3889999999999576,"time":3.941609768887038E-5}
,{"prob":1.3899999999999575,"time":3.939871997585733E-5}
,{"prob":1.3909999999999574,"time":3.938139940033587E-5}
,{"prob":1.3919999999999573,"time":3.93641357627049E-5}
,{"prob":1.3929999999999572,"time":3.934692886276034E-5}
,{"prob":1.393999999999957,"time":3.932977850284929E-5}
,{"prob":1.394999999999957,"time":3.931268448528403E-5}
,{"prob":1.3959999999999568,"time":3.9295646612914236E-5}
,{"prob":1.3969999999999567,"time":3.9278664690836327E-5}
,{"prob":1.3979999999999566,"time":3.9261738523533705E-5}
,{"prob":1.3989999999999565,"time":3.924486791744424E-5}
]