[{32768}
,{"prob":0.4,"time":-0.02254684666563307}
,{"prob":0.401,"time":-0.006981775460771418}
,{"prob":0.402,"time":-0.002094601978292954}
,{"prob":0.403,"time":0.20176454900707447}
,{"prob":0.404,"time":-0.006103511528345133}
,{"prob":0.405,"time":-0.003934555640481941}
,{"prob":0.406,"time":-0.002072178145827888}
,{"prob":0.40700000000000003,"time":0.004154579731935849}
,{"prob":0.40800000000000003,"time":-0.009709959624338233}
,{"prob":0.40900000000000003,"time":-0.005521182086157886}
,{"prob":0.41000000000000003,"time":-0.004506363577782743}
,{"prob":0.41100000000000003,"time":-0.0041253191432721065}
,{"prob":0.41200000000000003,"time":-0.004122270209404461}
,{"prob":0.41300000000000003,"time":-0.004612468135062209}
,{"prob":0.41400000000000003,"time":-0.006803219547755823}
,{"prob":0.41500000000000004,"time":0.01585198720761663}
,{"prob":0.41600000000000004,"time":1.2370109105902286E-6}
,{"prob":0.41700000000000004,"time":-0.0015246552290698577}
,{"prob":0.41800000000000004,"time":-0.002526044338162371}
,{"prob":0.41900000000000004,"time":-0.005554622262939698}
,{"prob":0.42000000000000004,"time":2.0372815146573576E-4}
,{"prob":0.42100000000000004,"time":-0.0019178561896625332}
,{"prob":0.42200000000000004,"time":-0.005991415430643777}
,{"prob":0.42300000000000004,"time":-7.773831035689611E-4}
,{"prob":0.42400000000000004,"time":-0.003026450832094441}
,{"prob":0.42500000000000004,"time":-1.1803560768243606E-4}
,{"prob":0.42600000000000005,"time":-0.0028496553308180917}
,{"prob":0.42700000000000005,"time":-5.161653209470626E-4}
,{"prob":0.42800000000000005,"time":-0.004676596791446313}
,{"prob":0.42900000000000005,"time":-0.001391192668085183}
,{"prob":0.43000000000000005,"time":0.001299976696278351}
,{"prob":0.43100000000000005,"time":-0.003446808405374179}
,{"prob":0.43200000000000005,"time":-0.0014799986195963217}
,{"prob":0.43300000000000005,"time":-3.1020655783400223E-4}
,{"prob":0.43400000000000005,"time":0.003956541435015237}
,{"prob":0.43500000000000005,"time":-0.004722794425123812}
,{"prob":0.43600000000000005,"time":-0.0023450911038643907}
,{"prob":0.43700000000000006,"time":-0.0016452600072487983}
,{"prob":0.43800000000000006,"time":-0.0012588424921333758}
,{"prob":0.43900000000000006,"time":-0.0010238258164352004}
,{"prob":0.44000000000000006,"time":-9.140390077084484E-4}
,{"prob":0.44100000000000006,"time":-9.278936088416762E-4}
,{"prob":0.44200000000000006,"time":-0.00106109382416872}
,{"prob":0.44300000000000006,"time":-0.001318083387974395}
,{"prob":0.44400000000000006,"time":-0.0017699915379197888}
,{"prob":0.44500000000000006,"time":-0.002868220528308421}
,{"prob":0.44600000000000006,"time":-0.052538484967843906}
,{"prob":0.44700000000000006,"time":7.812184787733406E-4}
,{"prob":0.44800000000000006,"time":-5.934091142578898E-4}
,{"prob":0.44900000000000007,"time":-0.0015938567134415223}
,{"prob":0.45000000000000007,"time":-0.013114748209534462}
,{"prob":0.45100000000000007,"time":3.90469872407254E-5}
,{"prob":0.45200000000000007,"time":-0.00134953877801788}
,{"prob":0.45300000000000007,"time":0.01432552946498152}
,{"prob":0.45400000000000007,"time":-5.4401325644386E-4}
,{"prob":0.45500000000000007,"time":-0.003428140618728789}
,{"prob":0.45600000000000007,"time":-1.6463780493057123E-4}
,{"prob":0.4570000000000001,"time":-0.0027949865196027555}
,{"prob":0.4580000000000001,"time":-2.6089026447347036E-4}
,{"prob":0.4590000000000001,"time":-0.005762817608915597}
,{"prob":0.4600000000000001,"time":-7.505152177937795E-4}
,{"prob":0.4610000000000001,"time":0.0016521612917368904}
,{"prob":0.4620000000000001,"time":-0.0019523108398832522}
,{"prob":0.4630000000000001,"time":-4.917143040494093E-4}
,{"prob":0.4640000000000001,"time":0.001304578062052024}
,{"prob":0.4650000000000001,"time":-0.003479524842420168}
,{"prob":0.4660000000000001,"time":-0.001117620308227915}
,{"prob":0.4670000000000001,"time":-3.7125402612498673E-4}
,{"prob":0.4680000000000001,"time":4.545897500685715E-4}
,{"prob":0.4690000000000001,"time":0.0028580868740062824}
,{"prob":0.4700000000000001,"time":-0.009129174150766417}
,{"prob":0.4710000000000001,"time":-0.0026875390238882964}
,{"prob":0.4720000000000001,"time":-0.0017831180664387178}
,{"prob":0.4730000000000001,"time":-0.0014406719912172957}
,{"prob":0.4740000000000001,"time":-0.0013129690897688527}
,{"prob":0.4750000000000001,"time":-0.0013326104297217737}
,{"prob":0.4760000000000001,"time":-0.0015137295774815735}
,{"prob":0.4770000000000001,"time":-0.001989607362982805}
,{"prob":0.4780000000000001,"time":-0.0036087077989613164}
,{"prob":0.4790000000000001,"time":0.01677742857930029}
,{"prob":0.4800000000000001,"time":0.0013406981611881414}
,{"prob":0.4810000000000001,"time":1.599678585945849E-4}
,{"prob":0.4820000000000001,"time":-4.700802963060489E-4}
,{"prob":0.4830000000000001,"time":-0.0012674513183938236}
,{"prob":0.4840000000000001,"time":-0.013336123577942728}
,{"prob":0.4850000000000001,"time":5.626004466437705E-4}
,{"prob":0.4860000000000001,"time":-5.110866074570198E-4}
,{"prob":0.4870000000000001,"time":-0.0023852431358226296}
,{"prob":0.4880000000000001,"time":8.367389858003497E-4}
,{"prob":0.4890000000000001,"time":-5.969704688950971E-4}
,{"prob":0.4900000000000001,"time":-0.012034814515861813}
,{"prob":0.4910000000000001,"time":-4.07861458628774E-5}
,{"prob":0.4920000000000001,"time":-0.0020197192096605733}
,{"prob":0.4930000000000001,"time":2.664900615605274E-4}
,{"prob":0.4940000000000001,"time":-0.001635793933413866}
,{"prob":0.4950000000000001,"time":2.1473765567113872E-4}
,{"prob":0.4960000000000001,"time":-0.0024242429338346147}
,{"prob":0.4970000000000001,"time":-1.4067854421146624E-4}
,{"prob":0.4980000000000001,"time":0.007728477971468067}
,{"prob":0.4990000000000001,"time":-7.430307933993216E-4}
,{"prob":0.5000000000000001,"time":3.820096090439319E-4}
,{"prob":0.5010000000000001,"time":-0.0067254189126458586}
,{"prob":0.5020000000000001,"time":-6.966879957122543E-4}
,{"prob":0.5030000000000001,"time":1.4817698208592677E-4}
,{"prob":0.5040000000000001,"time":0.0025762465244699873}
,{"prob":0.5050000000000001,"time":-0.0019572907313088733}
,{"prob":0.5060000000000001,"time":-6.27457039687978E-4}
,{"prob":0.5070000000000001,"time":-7.807832456980965E-5}
,{"prob":0.5080000000000001,"time":5.155361202839753E-4}
,{"prob":0.5090000000000001,"time":0.0018888119906049798}
,{"prob":0.5100000000000001,"time":-0.04660044467864291}
,{"prob":0.5110000000000001,"time":-0.0025523287628660676}
,{"prob":0.5120000000000001,"time":-0.001434782838140071}
,{"prob":0.5130000000000001,"time":-0.0010444293565936773}
,{"prob":0.5140000000000001,"time":-8.677981623174772E-4}
,{"prob":0.5150000000000001,"time":-8.056165712931597E-4}
,{"prob":0.5160000000000001,"time":-8.350907412129898E-4}
,{"prob":0.5170000000000001,"time":-9.685023323849918E-4}
,{"prob":0.5180000000000001,"time":-0.001276337894388754}
,{"prob":0.5190000000000001,"time":-0.002088469231301963}
,{"prob":0.5200000000000001,"time":-0.008847267543922564}
,{"prob":0.5210000000000001,"time":0.002589328851986276}
,{"prob":0.5220000000000001,"time":7.405146397938664E-4}
,{"prob":0.5230000000000001,"time":1.253345625058256E-4}
,{"prob":0.5240000000000001,"time":-3.3770794654721926E-4}
,{"prob":0.5250000000000001,"time":-0.0010879648524040149}
,{"prob":0.5260000000000001,"time":0.044744172031512104}
,{"prob":0.5270000000000001,"time":6.287544141893202E-4}
,{"prob":0.5280000000000001,"time":-1.8035068440898683E-4}
,{"prob":0.5290000000000001,"time":-0.0012538151170901053}
,{"prob":0.5300000000000001,"time":0.001829621128031263}
,{"prob":0.5310000000000001,"time":4.369046630092297E-6}
,{"prob":0.5320000000000001,"time":-0.0011649853798813392}
,{"prob":0.5330000000000001,"time":0.0011493288600435887}
,{"prob":0.5340000000000001,"time":-2.600468622851063E-4}
,{"prob":0.5350000000000001,"time":-0.010537125205541445}
,{"prob":0.5360000000000001,"time":1.2100605167164618E-4}
,{"prob":0.5370000000000001,"time":-0.0017149670062073243}
,{"prob":0.5380000000000001,"time":3.319308107741841E-4}
,{"prob":0.5390000000000001,"time":-0.001326906848932845}
,{"prob":0.5400000000000001,"time":3.1817023762804934E-4}
,{"prob":0.5410000000000001,"time":-0.0018464403632809428}
,{"prob":0.5420000000000001,"time":9.659073848036617E-5}
,{"prob":0.5430000000000001,"time":-0.5244846774994799}
,{"prob":0.5440000000000002,"time":-2.797996574637723E-4}
,{"prob":0.5450000000000002,"time":9.166444872057747E-4}
,{"prob":0.5460000000000002,"time":-0.0013039090087604414}
,{"prob":0.5470000000000002,"time":-1.649844724629826E-5}
,{"prob":0.5480000000000002,"time":0.0013291887432408372}
,{"prob":0.5490000000000002,"time":-0.0013464782446980215}
,{"prob":0.5500000000000002,"time":-1.5120459891391537E-4}
,{"prob":0.5510000000000002,"time":5.675933260593861E-4}
,{"prob":0.5520000000000002,"time":0.011819682404506362}
,{"prob":0.5530000000000002,"time":-8.977061802382437E-4}
,{"prob":0.5540000000000002,"time":-1.7638456863871717E-4}
,{"prob":0.5550000000000002,"time":2.831142089700685E-4}
,{"prob":0.5560000000000002,"time":0.0010236501544832212}
,{"prob":0.5570000000000002,"time":0.008961437142893568}
,{"prob":0.5580000000000002,"time":-0.0017757043596678206}
,{"prob":0.5590000000000002,"time":-7.274897801854162E-4}
,{"prob":0.5600000000000002,"time":-3.5745146600612865E-4}
,{"prob":0.5610000000000002,"time":-1.3884737370189565E-4}
,{"prob":0.5620000000000002,"time":1.7321132251595596E-5}
,{"prob":0.5630000000000002,"time":1.3438497066177484E-4}
,{"prob":0.5640000000000002,"time":2.159527509171847E-4}
,{"prob":0.5650000000000002,"time":2.5863382801082703E-4}
,{"prob":0.5660000000000002,"time":2.5907455732421264E-4}
,{"prob":0.5670000000000002,"time":2.1807502207251285E-4}
,{"prob":0.5680000000000002,"time":1.4028373187328206E-4}
,{"prob":0.5690000000000002,"time":2.98049706405015E-5}
,{"prob":0.5700000000000002,"time":-1.1647449086715997E-4}
,{"prob":0.5710000000000002,"time":-3.2058931949221695E-4}
,{"prob":0.5720000000000002,"time":-6.660141967751289E-4}
,{"prob":0.5730000000000002,"time":-0.001635764848884371}
,{"prob":0.5740000000000002,"time":0.010172308781582217}
,{"prob":0.5750000000000002,"time":0.0010765129467911706}
,{"prob":0.5760000000000002,"time":3.6242065572801097E-4}
,{"prob":0.5770000000000002,"time":-4.78788896814535E-5}
,{"prob":0.5780000000000002,"time":-6.02308768686726E-4}
,{"prob":0.5790000000000002,"time":-0.007851147390419037}
,{"prob":0.5800000000000002,"time":8.43465357492656E-4}
,{"prob":0.5810000000000002,"time":1.029832527355633E-4}
,{"prob":0.5820000000000002,"time":-5.737823626757338E-4}
,{"prob":0.5830000000000002,"time":0.005327051495123551}
,{"prob":0.5840000000000002,"time":3.905091044745142E-4}
,{"prob":0.5850000000000002,"time":-3.1000731113584506E-4}
,{"prob":0.5860000000000002,"time":0.02340161886497499}
,{"prob":0.5870000000000002,"time":3.47981388587428E-4}
,{"prob":0.5880000000000002,"time":-5.068934686992446E-4}
,{"prob":0.5890000000000002,"time":0.001573051454617047}
,{"prob":0.5900000000000002,"time":1.5160820200091476E-5}
,{"prob":0.5910000000000002,"time":-0.0037601274475045814}
,{"prob":0.5920000000000002,"time":3.094949513314752E-4}
,{"prob":0.5930000000000002,"time":-0.0010124529041957446}
,{"prob":0.5940000000000002,"time":5.141841465867642E-4}
,{"prob":0.5950000000000002,"time":-6.902305897483669E-4}
,{"prob":0.5960000000000002,"time":5.706536611147376E-4}
,{"prob":0.5970000000000002,"time":-7.48874854931621E-4}
,{"prob":0.5980000000000002,"time":4.4890201041962994E-4}
,{"prob":0.5990000000000002,"time":-0.0013662230930130293}
,{"prob":0.6000000000000002,"time":2.193175970915027E-4}
,{"prob":0.6010000000000002,"time":0.0168465651178576}
,{"prob":0.6020000000000002,"time":-9.834481529976844E-5}
,{"prob":0.6030000000000002,"time":8.80161253387007E-4}
,{"prob":0.6040000000000002,"time":-8.962391032583192E-4}
,{"prob":0.6050000000000002,"time":1.720468121274132E-4}
,{"prob":0.6060000000000002,"time":0.0016494757903298522}
,{"prob":0.6070000000000002,"time":-6.125399099433401E-4}
,{"prob":0.6080000000000002,"time":1.8237401892143596E-4}
,{"prob":0.6090000000000002,"time":0.0011905829877628831}
,{"prob":0.6100000000000002,"time":-0.0012235172880262163}
,{"prob":0.6110000000000002,"time":-5.628048369873863E-5}
,{"prob":0.6120000000000002,"time":4.5829760897206216E-4}
,{"prob":0.6130000000000002,"time":0.002174851815462949}
,{"prob":0.6140000000000002,"time":-0.0010628773904705583}
,{"prob":0.6150000000000002,"time":-1.3869756307823008E-4}
,{"prob":0.6160000000000002,"time":2.492626825493531E-4}
,{"prob":0.6170000000000002,"time":7.160092675760119E-4}
,{"prob":0.6180000000000002,"time":0.002567395402156494}
,{"prob":0.6190000000000002,"time":-0.001903911547023786}
,{"prob":0.6200000000000002,"time":-4.926518442020768E-4}
,{"prob":0.6210000000000002,"time":-1.131171209634156E-4}
,{"prob":0.6220000000000002,"time":1.1492294823364095E-4}
,{"prob":0.6230000000000002,"time":3.054080028550005E-4}
,{"prob":0.6240000000000002,"time":4.991565163254494E-4}
,{"prob":0.6250000000000002,"time":7.242516877202101E-4}
,{"prob":0.6260000000000002,"time":0.0010099054734913123}
,{"prob":0.6270000000000002,"time":0.001387161766879904}
,{"prob":0.6280000000000002,"time":0.0018660092935036164}
,{"prob":0.6290000000000002,"time":0.0023602758215087536}
,{"prob":0.6300000000000002,"time":0.002617505536991478}
,{"prob":0.6310000000000002,"time":0.0024330143557072244}
,{"prob":0.6320000000000002,"time":0.0019603781601248748}
,{"prob":0.6330000000000002,"time":0.0014717518173947542}
,{"prob":0.6340000000000002,"time":0.0010812893381060627}
,{"prob":0.6350000000000002,"time":7.885678404376989E-4}
,{"prob":0.6360000000000002,"time":5.635933538175199E-4}
,{"prob":0.6370000000000002,"time":3.7713482702776815E-4}
,{"prob":0.6380000000000002,"time":2.0326078579819732E-4}
,{"prob":0.6390000000000002,"time":1.0660342839017295E-5}
,{"prob":0.6400000000000002,"time":-2.6855350977509626E-4}
,{"prob":0.6410000000000002,"time":-9.557793343841967E-4}
,{"prob":0.6420000000000002,"time":0.01695248373270564}
,{"prob":0.6430000000000002,"time":0.0010766959085061517}
,{"prob":0.6440000000000002,"time":4.682770678796881E-4}
,{"prob":0.6450000000000002,"time":1.3302356977012528E-4}
,{"prob":0.6460000000000002,"time":-2.973561309604839E-4}
,{"prob":0.6470000000000002,"time":-0.0033599612034411978}
,{"prob":0.6480000000000002,"time":0.0010395861191587871}
,{"prob":0.6490000000000002,"time":3.433793010818493E-4}
,{"prob":0.6500000000000002,"time":-1.0400490786551722E-4}
,{"prob":0.6510000000000002,"time":-0.0022924007456413234}
,{"prob":0.6520000000000002,"time":8.849972833458409E-4}
,{"prob":0.6530000000000002,"time":2.154926172632946E-4}
,{"prob":0.6540000000000002,"time":-5.027727746052751E-4}
,{"prob":0.6550000000000002,"time":0.0016128148296500231}
,{"prob":0.6560000000000002,"time":3.2160684427038727E-4}
,{"prob":0.6570000000000003,"time":-3.897815977969878E-4}
,{"prob":0.6580000000000003,"time":0.001455157950643167}
,{"prob":0.6590000000000003,"time":2.4695445421060876E-4}
,{"prob":0.6600000000000003,"time":-8.824009331916444E-4}
,{"prob":0.6610000000000003,"time":7.521662027034542E-4}
,{"prob":0.6620000000000003,"time":-1.6907331901562934E-5}
,{"prob":0.6630000000000003,"time":0.0031454076367673444}
,{"prob":0.6640000000000003,"time":2.7740328213798795E-4}
,{"prob":0.6650000000000003,"time":-0.0015047486607337444}
,{"prob":0.6660000000000003,"time":4.937668821277727E-4}
,{"prob":0.6670000000000003,"time":-5.040979324119491E-4}
,{"prob":0.6680000000000003,"time":6.685393135361852E-4}
,{"prob":0.6690000000000003,"time":-2.820834735514553E-4}
,{"prob":0.6700000000000003,"time":7.549445906031417E-4}
,{"prob":0.6710000000000003,"time":-2.5572730861663656E-4}
,{"prob":0.6720000000000003,"time":7.067159838568453E-4}
,{"prob":0.6730000000000003,"time":-3.9692294012850854E-4}
,{"prob":0.6740000000000003,"time":5.579511399637704E-4}
,{"prob":0.6750000000000003,"time":-9.79513352302092E-4}
,{"prob":0.6760000000000003,"time":3.6662211976478006E-4}
,{"prob":0.6770000000000003,"time":0.016067775675680816}
,{"prob":0.6780000000000003,"time":1.2873080028984865E-4}
,{"prob":0.6790000000000003,"time":0.0010264712268172108}
,{"prob":0.6800000000000003,"time":-3.5205081403721005E-4}
,{"prob":0.6810000000000003,"time":4.344681719894692E-4}
,{"prob":0.6820000000000003,"time":0.005162767700797919}
,{"prob":0.6830000000000003,"time":2.1870050592066526E-6}
,{"prob":0.6840000000000003,"time":6.06908091064291E-4}
,{"prob":0.6850000000000003,"time":-0.006462093719336995}
,{"prob":0.6860000000000003,"time":5.6398661583550026E-5}
,{"prob":0.6870000000000003,"time":5.916839066313538E-4}
,{"prob":0.6880000000000003,"time":0.007951759907305992}
,{"prob":0.6890000000000003,"time":-9.801643367438558E-5}
,{"prob":0.6900000000000003,"time":4.094665244854508E-4}
,{"prob":0.6910000000000003,"time":0.0011904389919898365}
,{"prob":0.6920000000000003,"time":-0.0010709856425012716}
,{"prob":0.6930000000000003,"time":9.71577224244322E-5}
,{"prob":0.6940000000000003,"time":4.881816288455359E-4}
,{"prob":0.6950000000000003,"time":0.0011894090550407068}
,{"prob":0.6960000000000003,"time":-0.002054012169089966}
,{"prob":0.6970000000000003,"time":-6.874739426791908E-5}
,{"prob":0.6980000000000003,"time":3.063362746414917E-4}
,{"prob":0.6990000000000003,"time":6.234604781738094E-4}
,{"prob":0.7000000000000003,"time":0.001293166124482822}
,{"prob":0.7010000000000003,"time":-0.005713443841084089}
,{"prob":0.7020000000000003,"time":-3.55415098200826E-4}
,{"prob":0.7030000000000003,"time":9.570832316123357E-5}
,{"prob":0.7040000000000003,"time":3.312780250106397E-4}
,{"prob":0.7050000000000003,"time":5.350361992081449E-4}
,{"prob":0.7060000000000003,"time":7.854172996902784E-4}
,{"prob":0.7070000000000003,"time":0.001237045849116606}
,{"prob":0.7080000000000003,"time":0.0029652848149842852}
,{"prob":0.7090000000000003,"time":-0.003873024639545121}
,{"prob":0.7100000000000003,"time":-8.261530427622085E-4}
,{"prob":0.7110000000000003,"time":-2.9810361910034204E-4}
,{"prob":0.7120000000000003,"time":-6.466878735811643E-5}
,{"prob":0.7130000000000003,"time":7.229414914671943E-5}
,{"prob":0.7140000000000003,"time":1.6335975401850754E-4}
,{"prob":0.7150000000000003,"time":2.267765530155584E-4}
,{"prob":0.7160000000000003,"time":2.7025005232183717E-4}
,{"prob":0.7170000000000003,"time":2.972287015994643E-4}
,{"prob":0.7180000000000003,"time":3.0920641385331465E-4}
,{"prob":0.7190000000000003,"time":3.0662997737780444E-4}
,{"prob":0.7200000000000003,"time":2.891069451309458E-4}
,{"prob":0.7210000000000003,"time":2.5504989517672493E-4}
,{"prob":0.7220000000000003,"time":2.0054831628930922E-4}
,{"prob":0.7230000000000003,"time":1.1654756144391673E-4}
,{"prob":0.7240000000000003,"time":-1.918463522546677E-5}
,{"prob":0.7250000000000003,"time":-2.721071971929467E-4}
,{"prob":0.7260000000000003,"time":-9.355966636634212E-4}
,{"prob":0.7270000000000003,"time":-0.00951452603773}
,{"prob":0.7280000000000003,"time":0.002348671067391656}
,{"prob":0.7290000000000003,"time":0.001264075923157771}
,{"prob":0.7300000000000003,"time":9.154808001216594E-4}
,{"prob":0.7310000000000003,"time":7.163874259403973E-4}
,{"prob":0.7320000000000003,"time":5.540143418432708E-4}
,{"prob":0.7330000000000003,"time":3.61816162136554E-4}
,{"prob":0.7340000000000003,"time":-2.7569415211083905E-5}
,{"prob":0.7350000000000003,"time":-0.004311163573365943}
,{"prob":0.7360000000000003,"time":0.001713944542712953}
,{"prob":0.7370000000000003,"time":0.001131219777702282}
,{"prob":0.7380000000000003,"time":0.0011006340974181888}
,{"prob":0.7390000000000003,"time":8.809980938088701E-4}
,{"prob":0.7400000000000003,"time":7.681555482242753E-4}
,{"prob":0.7410000000000003,"time":7.061701046951317E-4}
,{"prob":0.7420000000000003,"time":6.631734526681059E-4}
,{"prob":0.7430000000000003,"time":6.30212521305995E-4}
,{"prob":0.7440000000000003,"time":6.034777808369522E-4}
,{"prob":0.7450000000000003,"time":5.809891047562467E-4}
,{"prob":0.7460000000000003,"time":5.615841418991364E-4}
,{"prob":0.7470000000000003,"time":5.445218246190709E-4}
,{"prob":0.7480000000000003,"time":5.293004360415981E-4}
,{"prob":0.7490000000000003,"time":5.155644076200105E-4}
,{"prob":0.7500000000000003,"time":5.030524970940255E-4}
,{"prob":0.7510000000000003,"time":4.915670842999947E-4}
,{"prob":0.7520000000000003,"time":4.80955030219499E-4}
,{"prob":0.7530000000000003,"time":4.710952367295608E-4}
,{"prob":0.7540000000000003,"time":4.6189027476901577E-4}
,{"prob":0.7550000000000003,"time":4.53260581557798E-4}
,{"prob":0.7560000000000003,"time":4.4514033495787617E-4}
,{"prob":0.7570000000000003,"time":4.3747445482359077E-4}
,{"prob":0.7580000000000003,"time":4.3021638082323994E-4}
,{"prob":0.7590000000000003,"time":4.2332639720722536E-4}
,{"prob":0.7600000000000003,"time":4.1677035049616715E-4}
,{"prob":0.7610000000000003,"time":4.105186543382607E-4}
,{"prob":0.7620000000000003,"time":4.0454550766990023E-4}
,{"prob":0.7630000000000003,"time":3.988282735156191E-4}
,{"prob":0.7640000000000003,"time":3.9334698036497506E-4}
,{"prob":0.7650000000000003,"time":3.8808391817093723E-4}
,{"prob":0.7660000000000003,"time":3.8302330821682936E-4}
,{"prob":0.7670000000000003,"time":3.781510311839117E-4}
,{"prob":0.7680000000000003,"time":3.7345440153814443E-4}
,{"prob":0.7690000000000003,"time":3.689219790475497E-4}
,{"prob":0.7700000000000004,"time":3.645434103440776E-4}
,{"prob":0.7710000000000004,"time":3.60309294955296E-4}
,{"prob":0.7720000000000004,"time":3.562110713833989E-4}
,{"prob":0.7730000000000004,"time":3.522409197673433E-4}
,{"prob":0.7740000000000004,"time":3.483916782683304E-4}
,{"prob":0.7750000000000004,"time":3.4465677095707513E-4}
,{"prob":0.7760000000000004,"time":3.4103014532831105E-4}
,{"prob":0.7770000000000004,"time":3.375062179412614E-4}
,{"prob":0.7780000000000004,"time":3.340798269744084E-4}
,{"prob":0.7790000000000004,"time":3.307461906208964E-4}
,{"prob":0.7800000000000004,"time":3.2750087051397215E-4}
,{"prob":0.7810000000000004,"time":3.243397394645016E-4}
,{"prob":0.7820000000000004,"time":3.2125895290301896E-4}
,{"prob":0.7830000000000004,"time":3.182549235346234E-4}
,{"prob":0.7840000000000004,"time":3.1532429877549823E-4}
,{"prob":0.7850000000000004,"time":3.1246394062482246E-4}
,{"prob":0.7860000000000004,"time":3.096709076533739E-4}
,{"prob":0.7870000000000004,"time":3.0694243883743724E-4}
,{"prob":0.7880000000000004,"time":3.0427593903999757E-4}
,{"prob":0.7890000000000004,"time":3.0166896592008404E-4}
,{"prob":0.7900000000000004,"time":2.991192181118709E-4}
,{"prob":0.7910000000000004,"time":2.96624524530535E-4}
,{"prob":0.7920000000000004,"time":2.941828346827871E-4}
,{"prob":0.7930000000000004,"time":2.917922098483796E-4}
,{"prob":0.7940000000000004,"time":2.8945081507128246E-4}
,{"prob":0.7950000000000004,"time":2.871569118481751E-4}
,{"prob":0.7960000000000004,"time":2.8490885146169933E-4}
,{"prob":0.7970000000000004,"time":2.8270506887026177E-4}
,{"prob":0.7980000000000004,"time":2.8054407711190397E-4}
,{"prob":0.7990000000000004,"time":2.784244621856768E-4}
,{"prob":0.8000000000000004,"time":2.76344878328355E-4}
,{"prob":0.8010000000000004,"time":2.7430404367171816E-4}
,{"prob":0.8020000000000004,"time":2.7230073625253795E-4}
,{"prob":0.8030000000000004,"time":2.7033379031937655E-4}
,{"prob":0.8040000000000004,"time":2.68402092920281E-4}
,{"prob":0.8050000000000004,"time":2.6650458075962174E-4}
,{"prob":0.8060000000000004,"time":2.646402372641416E-4}
,{"prob":0.8070000000000004,"time":2.6280808988869784E-4}
,{"prob":0.8080000000000004,"time":2.6100720758897997E-4}
,{"prob":0.8090000000000004,"time":2.59236698496808E-4}
,{"prob":0.8100000000000004,"time":2.574957077408286E-4}
,{"prob":0.8110000000000004,"time":2.557834154167155E-4}
,{"prob":0.8120000000000004,"time":2.540990347131506E-4}
,{"prob":0.8130000000000004,"time":2.5244181013582117E-4}
,{"prob":0.8140000000000004,"time":2.508110158772902E-4}
,{"prob":0.8150000000000004,"time":2.492059542624523E-4}
,{"prob":0.8160000000000004,"time":2.4762595432216997E-4}
,{"prob":0.8170000000000004,"time":2.4607037044333403E-4}
,{"prob":0.8180000000000004,"time":2.445385810926254E-4}
,{"prob":0.8190000000000004,"time":2.4302998765065998E-4}
,{"prob":0.8200000000000004,"time":2.4154401328082314E-4}
,{"prob":0.8210000000000004,"time":2.400801018920731E-4}
,{"prob":0.8220000000000004,"time":2.3863771715497726E-4}
,{"prob":0.8230000000000004,"time":2.372163415705141E-4}
,{"prob":0.8240000000000004,"time":2.3581547560310153E-4}
,{"prob":0.8250000000000004,"time":2.3443463685339071E-4}
,{"prob":0.8260000000000004,"time":2.3307335928803848E-4}
,{"prob":0.8270000000000004,"time":2.3173119250106023E-4}
,{"prob":0.8280000000000004,"time":2.3040770103109932E-4}
,{"prob":0.8290000000000004,"time":2.2910246369968774E-4}
,{"prob":0.8300000000000004,"time":2.2781507299685658E-4}
,{"prob":0.8310000000000004,"time":2.265451344997914E-4}
,{"prob":0.8320000000000004,"time":2.2529226630930884E-4}
,{"prob":0.8330000000000004,"time":2.2405609853856978E-4}
,{"prob":0.8340000000000004,"time":2.2283627280268736E-4}
,{"prob":0.8350000000000004,"time":2.2163244175530165E-4}
,{"prob":0.8360000000000004,"time":2.204442686376485E-4}
,{"prob":0.8370000000000004,"time":2.1927142685511126E-4}
,{"prob":0.8380000000000004,"time":2.181135995701218E-4}
,{"prob":0.8390000000000004,"time":2.1697047931985554E-4}
,{"prob":0.8400000000000004,"time":2.1584176765578145E-4}
,{"prob":0.8410000000000004,"time":2.147271747835506E-4}
,{"prob":0.8420000000000004,"time":2.1362641924478122E-4}
,{"prob":0.8430000000000004,"time":2.125392275971818E-4}
,{"prob":0.8440000000000004,"time":2.1146533410805433E-4}
,{"prob":0.8450000000000004,"time":2.1040448048189825E-4}
,{"prob":0.8460000000000004,"time":2.0935641557031704E-4}
,{"prob":0.8470000000000004,"time":2.0832089512523507E-4}
,{"prob":0.8480000000000004,"time":2.0729768154087693E-4}
,{"prob":0.8490000000000004,"time":2.062865436221911E-4}
,{"prob":0.8500000000000004,"time":2.052872563517033E-4}
,{"prob":0.8510000000000004,"time":2.0429960067993663E-4}
,{"prob":0.8520000000000004,"time":2.0332336330734256E-4}
,{"prob":0.8530000000000004,"time":2.023583364946388E-4}
,{"prob":0.8540000000000004,"time":2.014043178711841E-4}
,{"prob":0.8550000000000004,"time":2.004611102456169E-4}
,{"prob":0.8560000000000004,"time":1.9952852144036612E-4}
,{"prob":0.8570000000000004,"time":1.9860636412162672E-4}
,{"prob":0.8580000000000004,"time":1.9769445563635527E-4}
,{"prob":0.8590000000000004,"time":1.9679261786021294E-4}
,{"prob":0.8600000000000004,"time":1.9590067705172398E-4}
,{"prob":0.8610000000000004,"time":1.9501846370952115E-4}
,{"prob":0.8620000000000004,"time":1.9414581243670353E-4}
,{"prob":0.8630000000000004,"time":1.932825618091846E-4}
,{"prob":0.8640000000000004,"time":1.9242855425620584E-4}
,{"prob":0.8650000000000004,"time":1.915836359288948E-4}
,{"prob":0.8660000000000004,"time":1.9074765659597096E-4}
,{"prob":0.8670000000000004,"time":1.8992046952840384E-4}
,{"prob":0.8680000000000004,"time":1.8910193138846034E-4}
,{"prob":0.8690000000000004,"time":1.8829190213246591E-4}
,{"prob":0.8700000000000004,"time":1.874902449104873E-4}
,{"prob":0.8710000000000004,"time":1.8669682596838264E-4}
,{"prob":0.8720000000000004,"time":1.859115145588837E-4}
,{"prob":0.8730000000000004,"time":1.851341828505341E-4}
,{"prob":0.8740000000000004,"time":1.8436470584671385E-4}
,{"prob":0.8750000000000004,"time":1.8360296130089142E-4}
,{"prob":0.8760000000000004,"time":1.8284882963361205E-4}
,{"prob":0.8770000000000004,"time":1.821021938629705E-4}
,{"prob":0.8780000000000004,"time":1.8136293952975056E-4}
,{"prob":0.8790000000000004,"time":1.806309546225138E-4}
,{"prob":0.8800000000000004,"time":1.79906129510525E-4}
,{"prob":0.8810000000000004,"time":1.7918835688032276E-4}
,{"prob":0.8820000000000005,"time":1.7847753167059914E-4}
,{"prob":0.8830000000000005,"time":1.7777355100671667E-4}
,{"prob":0.8840000000000005,"time":1.770763141477169E-4}
,{"prob":0.8850000000000005,"time":1.7638572242234443E-4}
,{"prob":0.8860000000000005,"time":1.7570167917994436E-4}
,{"prob":0.8870000000000005,"time":1.7502408972905616E-4}
,{"prob":0.8880000000000005,"time":1.7435286129315923E-4}
,{"prob":0.8890000000000005,"time":1.736879029528212E-4}
,{"prob":0.8900000000000005,"time":1.730291256034763E-4}
,{"prob":0.8910000000000005,"time":1.7237644190587403E-4}
,{"prob":0.8920000000000005,"time":1.717297662393401E-4}
,{"prob":0.8930000000000005,"time":1.7108901465903264E-4}
,{"prob":0.8940000000000005,"time":1.704541048532859E-4}
,{"prob":0.8950000000000005,"time":1.6982495610111446E-4}
,{"prob":0.8960000000000005,"time":1.6920148923346711E-4}
,{"prob":0.8970000000000005,"time":1.6858362659327635E-4}
,{"prob":0.8980000000000005,"time":1.679712919979314E-4}
,{"prob":0.8990000000000005,"time":1.6736441070657994E-4}
,{"prob":0.9000000000000005,"time":1.6676290937753653E-4}
,{"prob":0.9010000000000005,"time":1.661667160414281E-4}
,{"prob":0.9020000000000005,"time":1.6557576006076465E-4}
,{"prob":0.9030000000000005,"time":1.6498997210626423E-4}
,{"prob":0.9040000000000005,"time":1.644092841160252E-4}
,{"prob":0.9050000000000005,"time":1.6383362927367684E-4}
,{"prob":0.9060000000000005,"time":1.632629419742441E-4}
,{"prob":0.9070000000000005,"time":1.626971577956286E-4}
,{"prob":0.9080000000000005,"time":1.6213621347334597E-4}
,{"prob":0.9090000000000005,"time":1.6158004687245585E-4}
,{"prob":0.9100000000000005,"time":1.6102859695913197E-4}
,{"prob":0.9110000000000005,"time":1.6048180378002788E-4}
,{"prob":0.9120000000000005,"time":1.5993960843063972E-4}
,{"prob":0.9130000000000005,"time":1.59401953040731E-4}
,{"prob":0.9140000000000005,"time":1.5886878074178223E-4}
,{"prob":0.9150000000000005,"time":1.5834003565020109E-4}
,{"prob":0.9160000000000005,"time":1.5781566284191767E-4}
,{"prob":0.9170000000000005,"time":1.5729560833448324E-4}
,{"prob":0.9180000000000005,"time":1.5677981906400915E-4}
,{"prob":0.9190000000000005,"time":1.5626824286270368E-4}
,{"prob":0.9200000000000005,"time":1.557608284460833E-4}
,{"prob":0.9210000000000005,"time":1.552575253847641E-4}
,{"prob":0.9220000000000005,"time":1.5475828409268727E-4}
,{"prob":0.9230000000000005,"time":1.5426305580678085E-4}
,{"prob":0.9240000000000005,"time":1.537717925693399E-4}
,{"prob":0.9250000000000005,"time":1.532844472097786E-4}
,{"prob":0.9260000000000005,"time":1.5280097333017853E-4}
,{"prob":0.9270000000000005,"time":1.5232132528682964E-4}
,{"prob":0.9280000000000005,"time":1.5184545817329098E-4}
,{"prob":0.9290000000000005,"time":1.513733278116601E-4}
,{"prob":0.9300000000000005,"time":1.5090489072756895E-4}
,{"prob":0.9310000000000005,"time":1.5044010414443453E-4}
,{"prob":0.9320000000000005,"time":1.4997892596149516E-4}
,{"prob":0.9330000000000005,"time":1.495213147486961E-4}
,{"prob":0.9340000000000005,"time":1.4906722972224667E-4}
,{"prob":0.9350000000000005,"time":1.4861663074232148E-4}
,{"prob":0.9360000000000005,"time":1.481694782925907E-4}
,{"prob":0.9370000000000005,"time":1.4772573347094655E-4}
,{"prob":0.9380000000000005,"time":1.4728535797512197E-4}
,{"prob":0.9390000000000005,"time":1.4684831409292654E-4}
,{"prob":0.9400000000000005,"time":1.4641456469061261E-4}
,{"prob":0.9410000000000005,"time":1.4598407319832573E-4}
,{"prob":0.9420000000000005,"time":1.455568036022548E-4}
,{"prob":0.9430000000000005,"time":1.4513272043381787E-4}
,{"prob":0.9440000000000005,"time":1.447117887570068E-4}
,{"prob":0.9450000000000005,"time":1.4429397415707256E-4}
,{"prob":0.9460000000000005,"time":1.4387924273679206E-4}
,{"prob":0.9470000000000005,"time":1.4346756109722366E-4}
,{"prob":0.9480000000000005,"time":1.4305889633653727E-4}
,{"prob":0.9490000000000005,"time":1.426532160364753E-4}
,{"prob":0.9500000000000005,"time":1.4225048825324335E-4}
,{"prob":0.9510000000000005,"time":1.4185068150965492E-4}
,{"prob":0.9520000000000005,"time":1.4145376478539058E-4}
,{"prob":0.9530000000000005,"time":1.4105970750953898E-4}
,{"prob":0.9540000000000005,"time":1.4066847955228372E-4}
,{"prob":0.9550000000000005,"time":1.4028005121373915E-4}
,{"prob":0.9560000000000005,"time":1.3989439322215384E-4}
,{"prob":0.9570000000000005,"time":1.395114767190174E-4}
,{"prob":0.9580000000000005,"time":1.391312732565921E-4}
,{"prob":0.9590000000000005,"time":1.3875375478950423E-4}
,{"prob":0.9600000000000005,"time":1.38378893663447E-4}
,{"prob":0.9610000000000005,"time":1.3800666261419846E-4}
,{"prob":0.9620000000000005,"time":1.3763703475666103E-4}
,{"prob":0.9630000000000005,"time":1.3726998358011815E-4}
,{"prob":0.9640000000000005,"time":1.3690548293961442E-4}
,{"prob":0.9650000000000005,"time":1.3654350705050438E-4}
,{"prob":0.9660000000000005,"time":1.3618403048212932E-4}
,{"prob":0.9670000000000005,"time":1.358270281516309E-4}
,{"prob":0.9680000000000005,"time":1.3547247531888512E-4}
,{"prob":0.9690000000000005,"time":1.3512034757664048E-4}
,{"prob":0.9700000000000005,"time":1.347706208506432E-4}
,{"prob":0.9710000000000005,"time":1.3442327138902906E-4}
,{"prob":0.9720000000000005,"time":1.3407827575779644E-4}
,{"prob":0.9730000000000005,"time":1.337356108373128E-4}
,{"prob":0.9740000000000005,"time":1.333952538140774E-4}
,{"prob":0.9750000000000005,"time":1.3305718218038616E-4}
,{"prob":0.9760000000000005,"time":1.3272137372243405E-4}
,{"prob":0.9770000000000005,"time":1.3238780651922706E-4}
,{"prob":0.9780000000000005,"time":1.3205645893864896E-4}
,{"prob":0.9790000000000005,"time":1.317273096297929E-4}
,{"prob":0.9800000000000005,"time":1.3140033752116967E-4}
,{"prob":0.9810000000000005,"time":1.310755218122789E-4}
,{"prob":0.9820000000000005,"time":1.3075284197295567E-4}
,{"prob":0.9830000000000005,"time":1.30432277737051E-4}
,{"prob":0.9840000000000005,"time":1.3011380909907678E-4}
,{"prob":0.9850000000000005,"time":1.2979741630619212E-4}
,{"prob":0.9860000000000005,"time":1.294830798606976E-4}
,{"prob":0.9870000000000005,"time":1.2917078050936098E-4}
,{"prob":0.9880000000000005,"time":1.2886049924604482E-4}
,{"prob":0.9890000000000005,"time":1.285522173002821E-4}
,{"prob":0.9900000000000005,"time":1.2824591613909994E-4}
,{"prob":0.9910000000000005,"time":1.2794157746047537E-4}
,{"prob":0.9920000000000005,"time":1.2763918319153394E-4}
,{"prob":0.9930000000000005,"time":1.2733871548400625E-4}
,{"prob":0.9940000000000005,"time":1.2704015670886952E-4}
,{"prob":0.9950000000000006,"time":1.2674348945751368E-4}
,{"prob":0.9960000000000006,"time":1.2644869653188206E-4}
,{"prob":0.9970000000000006,"time":1.261557609476145E-4}
,{"prob":0.9980000000000006,"time":1.258646659261752E-4}
,{"prob":0.9990000000000006,"time":1.2557539489350099E-4}
,{"prob":1.0000000000000004,"time":1.2528793147686837E-4}
,{"prob":1.0010000000000003,"time":1.25002259500907E-4}
,{"prob":1.0020000000000002,"time":1.2471836298639174E-4}
,{"prob":1.0030000000000001,"time":1.2443622614456747E-4}
,{"prob":1.004,"time":1.2415583337606283E-4}
,{"prob":1.005,"time":1.2387716926714066E-4}
,{"prob":1.0059999999999998,"time":1.2360021858869578E-4}
,{"prob":1.0069999999999997,"time":1.2332496629171178E-4}
,{"prob":1.0079999999999996,"time":1.2305139750367654E-4}
,{"prob":1.0089999999999995,"time":1.2277949752773475E-4}
,{"prob":1.0099999999999993,"time":1.2250925184099142E-4}
,{"prob":1.0109999999999992,"time":1.2224064608838122E-4}
,{"prob":1.0119999999999991,"time":1.2197366608286175E-4}
,{"prob":1.012999999999999,"time":1.2170829780206662E-4}
,{"prob":1.013999999999999,"time":1.214445273876656E-4}
,{"prob":1.0149999999999988,"time":1.2118234114034306E-4}
,{"prob":1.0159999999999987,"time":1.2092172551748043E-4}
,{"prob":1.0169999999999986,"time":1.2066266713264365E-4}
,{"prob":1.0179999999999985,"time":1.2040515275334916E-4}
,{"prob":1.0189999999999984,"time":1.2014916929709043E-4}
,{"prob":1.0199999999999982,"time":1.1989470383094851E-4}
,{"prob":1.0209999999999981,"time":1.1964174356684091E-4}
,{"prob":1.021999999999998,"time":1.1939027586293454E-4}
,{"prob":1.022999999999998,"time":1.1914028821898792E-4}
,{"prob":1.0239999999999978,"time":1.1889176827606443E-4}
,{"prob":1.0249999999999977,"time":1.1864470381197219E-4}
,{"prob":1.0259999999999976,"time":1.1839908274277914E-4}
,{"prob":1.0269999999999975,"time":1.1815489311745217E-4}
,{"prob":1.0279999999999974,"time":1.1791212311771597E-4}
,{"prob":1.0289999999999973,"time":1.1767076105791854E-4}
,{"prob":1.0299999999999971,"time":1.1743079537893663E-4}
,{"prob":1.030999999999997,"time":1.1719221464897715E-4}
,{"prob":1.031999999999997,"time":1.169550075635299E-4}
,{"prob":1.0329999999999968,"time":1.1671916294023547E-4}
,{"prob":1.0339999999999967,"time":1.1648466971805444E-4}
,{"prob":1.0349999999999966,"time":1.1625151695646049E-4}
,{"prob":1.0359999999999965,"time":1.1601969383550769E-4}
,{"prob":1.0369999999999964,"time":1.1578918964828617E-4}
,{"prob":1.0379999999999963,"time":1.1555999380696643E-4}
,{"prob":1.0389999999999961,"time":1.1533209583533911E-4}
,{"prob":1.039999999999996,"time":1.1510548536981616E-4}
,{"prob":1.040999999999996,"time":1.1488015215709825E-4}
,{"prob":1.0419999999999958,"time":1.1465608605353658E-4}
,{"prob":1.0429999999999957,"time":1.1443327702367983E-4}
,{"prob":1.0439999999999956,"time":1.1421171513718224E-4}
,{"prob":1.0449999999999955,"time":1.1399139056990351E-4}
,{"prob":1.0459999999999954,"time":1.1377229359920134E-4}
,{"prob":1.0469999999999953,"time":1.1355441460590067E-4}
,{"prob":1.0479999999999952,"time":1.1333774407130056E-4}
,{"prob":1.048999999999995,"time":1.1312227257668599E-4}
,{"prob":1.049999999999995,"time":1.1290799079956026E-4}
,{"prob":1.0509999999999948,"time":1.1269488951568267E-4}
,{"prob":1.0519999999999947,"time":1.1248295959616338E-4}
,{"prob":1.0529999999999946,"time":1.1227219200623329E-4}
,{"prob":1.0539999999999945,"time":1.1206257780404064E-4}
,{"prob":1.0549999999999944,"time":1.1185410813946025E-4}
,{"prob":1.0559999999999943,"time":1.1164677425210977E-4}
,{"prob":1.0569999999999942,"time":1.1144056747344919E-4}
,{"prob":1.057999999999994,"time":1.1123547922077176E-4}
,{"prob":1.058999999999994,"time":1.1103150100014395E-4}
,{"prob":1.0599999999999938,"time":1.1082862440288078E-4}
,{"prob":1.0609999999999937,"time":1.1062684110446434E-4}
,{"prob":1.0619999999999936,"time":1.1042614286670434E-4}
,{"prob":1.0629999999999935,"time":1.1022652153185608E-4}
,{"prob":1.0639999999999934,"time":1.1002796902480942E-4}
,{"prob":1.0649999999999933,"time":1.0983047735047813E-4}
,{"prob":1.0659999999999932,"time":1.096340385951813E-4}
,{"prob":1.066999999999993,"time":1.0943864492168239E-4}
,{"prob":1.067999999999993,"time":1.0924428857219895E-4}
,{"prob":1.0689999999999928,"time":1.0905096186506292E-4}
,{"prob":1.0699999999999927,"time":1.0885865719457634E-4}
,{"prob":1.0709999999999926,"time":1.086673670284999E-4}
,{"prob":1.0719999999999925,"time":1.0847708391031828E-4}
,{"prob":1.0729999999999924,"time":1.0828780045595564E-4}
,{"prob":1.0739999999999923,"time":1.0809950935369211E-4}
,{"prob":1.0749999999999922,"time":1.079122033617123E-4}
,{"prob":1.075999999999992,"time":1.0772587530962248E-4}
,{"prob":1.076999999999992,"time":1.075405180960189E-4}
,{"prob":1.0779999999999919,"time":1.073561246892359E-4}
,{"prob":1.0789999999999917,"time":1.0717268812339072E-4}
,{"prob":1.0799999999999916,"time":1.0699020150226717E-4}
,{"prob":1.0809999999999915,"time":1.0680865799227878E-4}
,{"prob":1.0819999999999914,"time":1.0662805082870614E-4}
,{"prob":1.0829999999999913,"time":1.0644837330946072E-4}
,{"prob":1.0839999999999912,"time":1.0626961879590442E-4}
,{"prob":1.084999999999991,"time":1.0609178071363287E-4}
,{"prob":1.085999999999991,"time":1.0591485255019968E-4}
,{"prob":1.0869999999999909,"time":1.057388278536124E-4}
,{"prob":1.0879999999999908,"time":1.0556370023470149E-4}
,{"prob":1.0889999999999906,"time":1.0538946336256855E-4}
,{"prob":1.0899999999999905,"time":1.0521611096619555E-4}
,{"prob":1.0909999999999904,"time":1.0504363683299559E-4}
,{"prob":1.0919999999999903,"time":1.04872034810424E-4}
,{"prob":1.0929999999999902,"time":1.04701298799211E-4}
,{"prob":1.09399999999999,"time":1.0453142276109315E-4}
,{"prob":1.09499999999999,"time":1.0436240071054454E-4}
,{"prob":1.0959999999999899,"time":1.0419422671795519E-4}
,{"prob":1.0969999999999898,"time":1.0402689491051152E-4}
,{"prob":1.0979999999999897,"time":1.038603994670264E-4}
,{"prob":1.0989999999999895,"time":1.0369473461960821E-4}
,{"prob":1.0999999999999894,"time":1.0352989465608018E-4}
,{"prob":1.1009999999999893,"time":1.0336587391258653E-4}
,{"prob":1.1019999999999892,"time":1.0320266677980321E-4}
,{"prob":1.102999999999989,"time":1.0304026769783848E-4}
,{"prob":1.103999999999989,"time":1.0287867115791454E-4}
,{"prob":1.1049999999999889,"time":1.0271787170106775E-4}
,{"prob":1.1059999999999888,"time":1.025578639168387E-4}
,{"prob":1.1069999999999887,"time":1.0239864244497312E-4}
,{"prob":1.1079999999999885,"time":1.0224020197189679E-4}
,{"prob":1.1089999999999884,"time":1.0208253723168059E-4}
,{"prob":1.1099999999999883,"time":1.0192564300700511E-4}
,{"prob":1.1109999999999882,"time":1.0176951412492455E-4}
,{"prob":1.111999999999988,"time":1.0161414546155935E-4}
,{"prob":1.112999999999988,"time":1.0145953193491772E-4}
,{"prob":1.1139999999999879,"time":1.0130566851107102E-4}
,{"prob":1.1149999999999878,"time":1.0115255019848501E-4}
,{"prob":1.1159999999999877,"time":1.0100017205049881E-4}
,{"prob":1.1169999999999876,"time":1.0084852916484242E-4}
,{"prob":1.1179999999999874,"time":1.0069761668096088E-4}
,{"prob":1.1189999999999873,"time":1.0054742978176265E-4}
,{"prob":1.1199999999999872,"time":1.0039796369096226E-4}
,{"prob":1.1209999999999871,"time":1.0024921367483021E-4}
,{"prob":1.121999999999987,"time":1.0010117504174122E-4}
,{"prob":1.122999999999987,"time":9.99538431395526E-5}
,{"prob":1.1239999999999868,"time":9.980721335662906E-5}
,{"prob":1.1249999999999867,"time":9.966128112141986E-5}
,{"prob":1.1259999999999866,"time":9.951604190130816E-5}
,{"prob":1.1269999999999865,"time":9.937149120292742E-5}
,{"prob":1.1279999999999863,"time":9.922762457247127E-5}
,{"prob":1.1289999999999862,"time":9.908443759312169E-5}
,{"prob":1.1299999999999861,"time":9.89419258860903E-5}
,{"prob":1.130999999999986,"time":9.880008511023768E-5}
,{"prob":1.131999999999986,"time":9.86589109602367E-5}
,{"prob":1.1329999999999858,"time":9.851839916978525E-5}
,{"prob":1.1339999999999857,"time":9.837854550548411E-5}
,{"prob":1.1349999999999856,"time":9.823934577220711E-5}
,{"prob":1.1359999999999855,"time":9.810079580986182E-5}
,{"prob":1.1369999999999854,"time":9.796289149230792E-5}
,{"prob":1.1379999999999852,"time":9.782562872914957E-5}
,{"prob":1.1389999999999851,"time":9.76890034639553E-5}
,{"prob":1.139999999999985,"time":9.75530116738988E-5}
,{"prob":1.140999999999985,"time":9.741764936942521E-5}
,{"prob":1.1419999999999848,"time":9.728291259533076E-5}
,{"prob":1.1429999999999847,"time":9.714879742970382E-5}
,{"prob":1.1439999999999846,"time":9.701529998006815E-5}
,{"prob":1.1449999999999845,"time":9.688241639012018E-5}
,{"prob":1.1459999999999844,"time":9.675014283305068E-5}
,{"prob":1.1469999999999843,"time":9.661847551334185E-5}
,{"prob":1.1479999999999841,"time":9.648741066856235E-5}
,{"prob":1.148999999999984,"time":9.635694456554667E-5}
,{"prob":1.149999999999984,"time":9.622707350288694E-5}
,{"prob":1.1509999999999838,"time":9.609779380783305E-5}
,{"prob":1.1519999999999837,"time":9.596910183879211E-5}
,{"prob":1.1529999999999836,"time":9.584099398433007E-5}
,{"prob":1.1539999999999835,"time":9.571346666078878E-5}
,{"prob":1.1549999999999834,"time":9.558651631478409E-5}
,{"prob":1.1559999999999833,"time":9.546013942083382E-5}
,{"prob":1.1569999999999832,"time":9.533433248316182E-5}
,{"prob":1.157999999999983,"time":9.520909203264269E-5}
,{"prob":1.158999999999983,"time":9.50844146286076E-5}
,{"prob":1.1599999999999828,"time":9.496029685926694E-5}
,{"prob":1.1609999999999827,"time":9.48367353379795E-5}
,{"prob":1.1619999999999826,"time":9.471372670645124E-5}
,{"prob":1.1629999999999825,"time":9.459126763377563E-5}
,{"prob":1.1639999999999824,"time":9.446935481342447E-5}
,{"prob":1.1649999999999823,"time":9.43479849671203E-5}
,{"prob":1.1659999999999822,"time":9.422715484252555E-5}
,{"prob":1.166999999999982,"time":9.410686121161328E-5}
,{"prob":1.167999999999982,"time":9.398710087248839E-5}
,{"prob":1.1689999999999818,"time":9.386787064982754E-5}
,{"prob":1.1699999999999817,"time":9.374916739052593E-5}
,{"prob":1.1709999999999816,"time":9.363098796962662E-5}
,{"prob":1.1719999999999815,"time":9.351332928324619E-5}
,{"prob":1.1729999999999814,"time":9.339618825380742E-5}
,{"prob":1.1739999999999813,"time":9.327956182776286E-5}
,{"prob":1.1749999999999812,"time":9.316344697536966E-5}
,{"prob":1.175999999999981,"time":9.304784068843206E-5}
,{"prob":1.176999999999981,"time":9.293273998482896E-5}
,{"prob":1.1779999999999808,"time":9.281814190422964E-5}
,{"prob":1.1789999999999807,"time":9.270404350855788E-5}
,{"prob":1.1799999999999806,"time":9.259044188380223E-5}
,{"prob":1.1809999999999805,"time":9.247733413778804E-5}
,{"prob":1.1819999999999804,"time":9.236471739996337E-5}
,{"prob":1.1829999999999803,"time":9.225258882254668E-5}
,{"prob":1.1839999999999802,"time":9.214094557897502E-5}
,{"prob":1.18499999999998,"time":9.20297848657192E-5}
,{"prob":1.18599999999998,"time":9.191910389806437E-5}
,{"prob":1.1869999999999798,"time":9.18088999152672E-5}
,{"prob":1.1879999999999797,"time":9.169917017501883E-5}
,{"prob":1.1889999999999796,"time":9.158991195792575E-5}
,{"prob":1.1899999999999795,"time":9.148112256332078E-5}
,{"prob":1.1909999999999794,"time":9.137279931306859E-5}
,{"prob":1.1919999999999793,"time":9.126493954673047E-5}
,{"prob":1.1929999999999792,"time":9.115754062602976E-5}
,{"prob":1.193999999999979,"time":9.105059993201439E-5}
,{"prob":1.194999999999979,"time":9.094411486355865E-5}
,{"prob":1.1959999999999789,"time":9.083808284182051E-5}
,{"prob":1.1969999999999787,"time":9.07325013047735E-5}
,{"prob":1.1979999999999786,"time":9.062736771166512E-5}
,{"prob":1.1989999999999785,"time":9.052267953821788E-5}
,{"prob":1.1999999999999784,"time":9.041843428108507E-5}
,{"prob":1.2009999999999783,"time":9.031462945438952E-5}
,{"prob":1.2019999999999782,"time":9.021126259087033E-5}
,{"prob":1.202999999999978,"time":9.010833124172452E-5}
,{"prob":1.203999999999978,"time":9.000583297513292E-5}
,{"prob":1.2049999999999779,"time":8.990376537872494E-5}
,{"prob":1.2059999999999778,"time":8.980212605614719E-5}
,{"prob":1.2069999999999776,"time":8.9700912630829E-5}
,{"prob":1.2079999999999775,"time":8.960012274191292E-5}
,{"prob":1.2089999999999774,"time":8.949975404540583E-5}
,{"prob":1.2099999999999773,"time":8.939980421663781E-5}
,{"prob":1.2109999999999772,"time":8.930027094490493E-5}
,{"prob":1.211999999999977,"time":8.920115193852692E-5}
,{"prob":1.212999999999977,"time":8.910244492209739E-5}
,{"prob":1.2139999999999769,"time":8.900414763504906E-5}
,{"prob":1.2149999999999768,"time":8.890625783604939E-5}
,{"prob":1.2159999999999767,"time":8.880877329702213E-5}
,{"prob":1.2169999999999765,"time":8.871169180755299E-5}
,{"prob":1.2179999999999764,"time":8.861501117280245E-5}
,{"prob":1.2189999999999763,"time":8.85187292133729E-5}
,{"prob":1.2199999999999762,"time":8.842284376646286E-5}
,{"prob":1.220999999999976,"time":8.832735268315923E-5}
,{"prob":1.221999999999976,"time":8.823225383152423E-5}
,{"prob":1.2229999999999759,"time":8.813754509324795E-5}
,{"prob":1.2239999999999758,"time":8.80432243660965E-5}
,{"prob":1.2249999999999757,"time":8.794928956248786E-5}
,{"prob":1.2259999999999756,"time":8.785573860938335E-5}
,{"prob":1.2269999999999754,"time":8.776256944879093E-5}
,{"prob":1.2279999999999753,"time":8.76697800376465E-5}
,{"prob":1.2289999999999752,"time":8.757736834641155E-5}
,{"prob":1.2299999999999751,"time":8.748533236023483E-5}
,{"prob":1.230999999999975,"time":8.739367007819244E-5}
,{"prob":1.231999999999975,"time":8.730237951380691E-5}
,{"prob":1.2329999999999748,"time":8.721145869366094E-5}
,{"prob":1.2339999999999747,"time":8.712090565918725E-5}
,{"prob":1.2349999999999746,"time":8.703071846528036E-5}
,{"prob":1.2359999999999745,"time":8.694089517955695E-5}
,{"prob":1.2369999999999743,"time":8.685143388414172E-5}
,{"prob":1.2379999999999742,"time":8.676233267365473E-5}
,{"prob":1.2389999999999741,"time":8.667358965637444E-5}
,{"prob":1.239999999999974,"time":8.658520295286191E-5}
,{"prob":1.240999999999974,"time":8.649717069837702E-5}
,{"prob":1.2419999999999738,"time":8.640949103899071E-5}
,{"prob":1.2429999999999737,"time":8.632216213526442E-5}
,{"prob":1.2439999999999736,"time":8.623518215898929E-5}
,{"prob":1.2449999999999735,"time":8.614854929561357E-5}
,{"prob":1.2459999999999734,"time":8.606226174224123E-5}
,{"prob":1.2469999999999732,"time":8.597631770817232E-5}
,{"prob":1.2479999999999731,"time":8.589071541604939E-5}
,{"prob":1.248999999999973,"time":8.580545309988012E-5}
,{"prob":1.249999999999973,"time":8.572052900494898E-5}
,{"prob":1.2509999999999728,"time":8.56359413902085E-5}
,{"prob":1.2519999999999727,"time":8.555168852445079E-5}
,{"prob":1.2529999999999726,"time":8.546776868994323E-5}
,{"prob":1.2539999999999725,"time":8.538418017861023E-5}
,{"prob":1.2549999999999724,"time":8.530092129690552E-5}
,{"prob":1.2559999999999722,"time":8.521799035889317E-5}
,{"prob":1.2569999999999721,"time":8.513538569298501E-5}
,{"prob":1.257999999999972,"time":8.505310563688943E-5}
,{"prob":1.258999999999972,"time":8.497114854123718E-5}
,{"prob":1.2599999999999718,"time":8.488951276639975E-5}
,{"prob":1.2609999999999717,"time":8.480819668364769E-5}
,{"prob":1.2619999999999716,"time":8.472719867628414E-5}
,{"prob":1.2629999999999715,"time":8.464651713649243E-5}
,{"prob":1.2639999999999714,"time":8.456615046893759E-5}
,{"prob":1.2649999999999713,"time":8.448609708761176E-5}
,{"prob":1.2659999999999711,"time":8.440635541820862E-5}
,{"prob":1.266999999999971,"time":8.432692389558168E-5}
,{"prob":1.267999999999971,"time":8.424780096612591E-5}
,{"prob":1.2689999999999708,"time":8.41689850852374E-5}
,{"prob":1.2699999999999707,"time":8.409047471907982E-5}
,{"prob":1.2709999999999706,"time":8.401226834450061E-5}
,{"prob":1.2719999999999705,"time":8.393436444773013E-5}
,{"prob":1.2729999999999704,"time":8.385676152369627E-5}
,{"prob":1.2739999999999703,"time":8.377945808022719E-5}
,{"prob":1.2749999999999702,"time":8.370245263125244E-5}
,{"prob":1.27599999999997,"time":8.362574370344749E-5}
,{"prob":1.27699999999997,"time":8.354932983127804E-5}
,{"prob":1.2779999999999698,"time":8.347320955936722E-5}
,{"prob":1.2789999999999697,"time":8.339738144181039E-5}
,{"prob":1.2799999999999696,"time":8.332184404210862E-5}
,{"prob":1.2809999999999695,"time":8.324659593248536E-5}
,{"prob":1.2819999999999694,"time":8.317163569443072E-5}
,{"prob":1.2829999999999693,"time":8.309696191983646E-5}
,{"prob":1.2839999999999692,"time":8.302257320790336E-5}
,{"prob":1.284999999999969,"time":8.294846816809792E-5}
,{"prob":1.285999999999969,"time":8.287464541827116E-5}
,{"prob":1.2869999999999688,"time":8.280110358519528E-5}
,{"prob":1.2879999999999687,"time":8.272784130449758E-5}
,{"prob":1.2889999999999686,"time":8.265485722060003E-5}
,{"prob":1.2899999999999685,"time":8.25821499860411E-5}
,{"prob":1.2909999999999684,"time":8.250971826263003E-5}
,{"prob":1.2919999999999683,"time":8.243756072016614E-5}
,{"prob":1.2929999999999682,"time":8.236567603758895E-5}
,{"prob":1.293999999999968,"time":8.229406290110763E-5}
,{"prob":1.294999999999968,"time":8.222272000654232E-5}
,{"prob":1.2959999999999678,"time":8.215164605686296E-5}
,{"prob":1.2969999999999677,"time":8.208083976333077E-5}
,{"prob":1.2979999999999676,"time":8.201029984603492E-5}
,{"prob":1.2989999999999675,"time":8.194002503263524E-5}
,{"prob":1.2999999999999674,"time":8.187001405830555E-5}
,{"prob":1.3009999999999673,"time":8.18002656674663E-5}
,{"prob":1.3019999999999672,"time":8.17307786113416E-5}
,{"prob":1.302999999999967,"time":8.166155164849559E-5}
,{"prob":1.303999999999967,"time":8.15925835471579E-5}
,{"prob":1.3049999999999669,"time":8.152387308101117E-5}
,{"prob":1.3059999999999667,"time":8.145541903328393E-5}
,{"prob":1.3069999999999666,"time":8.138722019313959E-5}
,{"prob":1.3079999999999665,"time":8.131927535799641E-5}
,{"prob":1.3089999999999664,"time":8.125158333288033E-5}
,{"prob":1.3099999999999663,"time":8.118414293036511E-5}
,{"prob":1.3109999999999662,"time":8.111695296934544E-5}
,{"prob":1.311999999999966,"time":8.105001227734352E-5}
,{"prob":1.312999999999966,"time":8.098331968750561E-5}
,{"prob":1.3139999999999659,"time":8.091687404209198E-5}
,{"prob":1.3149999999999658,"time":8.085067418888599E-5}
,{"prob":1.3159999999999656,"time":8.078471898291299E-5}
,{"prob":1.3169999999999655,"time":8.071900728698399E-5}
,{"prob":1.3179999999999654,"time":8.065353797104684E-5}
,{"prob":1.3189999999999653,"time":8.058830990979375E-5}
,{"prob":1.3199999999999652,"time":8.052332198789799E-5}
,{"prob":1.320999999999965,"time":8.04585730940966E-5}
,{"prob":1.321999999999965,"time":8.03940621258325E-5}
,{"prob":1.3229999999999649,"time":8.032978798569488E-5}
,{"prob":1.3239999999999648,"time":8.026574958371275E-5}
,{"prob":1.3249999999999647,"time":8.020194583730266E-5}
,{"prob":1.3259999999999645,"time":8.013837566831476E-5}
,{"prob":1.3269999999999644,"time":8.007503800706086E-5}
,{"prob":1.3279999999999643,"time":8.001193178935763E-5}
,{"prob":1.3289999999999642,"time":7.994905595765256E-5}
,{"prob":1.329999999999964,"time":7.988640946038586E-5}
,{"prob":1.330999999999964,"time":7.98239912531254E-5}
,{"prob":1.3319999999999639,"time":7.976180029676264E-5}
,{"prob":1.3329999999999638,"time":7.969983555922885E-5}
,{"prob":1.3339999999999637,"time":7.963809601369805E-5}
,{"prob":1.3349999999999635,"time":7.957658064029191E-5}
,{"prob":1.3359999999999634,"time":7.951528842429728E-5}
,{"prob":1.3369999999999633,"time":7.945421835844191E-5}
,{"prob":1.3379999999999632,"time":7.939336944053645E-5}
,{"prob":1.338999999999963,"time":7.933274067343489E-5}
,{"prob":1.339999999999963,"time":7.927233106788676E-5}
,{"prob":1.3409999999999629,"time":7.921213963902613E-5}
,{"prob":1.3419999999999628,"time":7.915216540807159E-5}
,{"prob":1.3429999999999627,"time":7.909240740170153E-5}
,{"prob":1.3439999999999626,"time":7.903286465374946E-5}
,{"prob":1.3449999999999624,"time":7.897353620228488E-5}
,{"prob":1.3459999999999623,"time":7.891442109187672E-5}
,{"prob":1.3469999999999622,"time":7.88555183712543E-5}
,{"prob":1.3479999999999621,"time":7.879682709614772E-5}
,{"prob":1.348999999999962,"time":7.873834632809565E-5}
,{"prob":1.349999999999962,"time":7.868007513268967E-5}
,{"prob":1.3509999999999618,"time":7.86220125818359E-5}
,{"prob":1.3519999999999617,"time":7.856415775256591E-5}
,{"prob":1.3529999999999616,"time":7.850650972757556E-5}
,{"prob":1.3539999999999615,"time":7.844906759462378E-5}
,{"prob":1.3549999999999613,"time":7.83918304470555E-5}
,{"prob":1.3559999999999612,"time":7.833479738263843E-5}
,{"prob":1.3569999999999611,"time":7.827796750523161E-5}
,{"prob":1.357999999999961,"time":7.82213399241873E-5}
,{"prob":1.358999999999961,"time":7.816491375203066E-5}
,{"prob":1.3599999999999608,"time":7.810868810898728E-5}
,{"prob":1.3609999999999607,"time":7.805266211839348E-5}
,{"prob":1.3619999999999606,"time":7.799683490951207E-5}
,{"prob":1.3629999999999605,"time":7.794120561635605E-5}
,{"prob":1.3639999999999604,"time":7.788577337766053E-5}
,{"prob":1.3649999999999602,"time":7.783053733741932E-5}
,{"prob":1.3659999999999601,"time":7.777549664484726E-5}
,{"prob":1.36699999999996,"time":7.772065045265386E-5}
,{"prob":1.36799999999996,"time":7.766599792040622E-5}
,{"prob":1.3689999999999598,"time":7.761153821054106E-5}
,{"prob":1.3699999999999597,"time":7.755727049115719E-5}
,{"prob":1.3709999999999596,"time":7.750319393542067E-5}
,{"prob":1.3719999999999595,"time":7.74493077198398E-5}
,{"prob":1.3729999999999594,"time":7.739561102762426E-5}
,{"prob":1.3739999999999593,"time":7.734210304414297E-5}
,{"prob":1.3749999999999591,"time":7.728878296083638E-5}
,{"prob":1.375999999999959,"time":7.723564997406527E-5}
,{"prob":1.376999999999959,"time":7.718270328394892E-5}
,{"prob":1.3779999999999588,"time":7.71299420949087E-5}
,{"prob":1.3789999999999587,"time":7.707736561619401E-5}
,{"prob":1.3799999999999586,"time":7.702497306185925E-5}
,{"prob":1.3809999999999585,"time":7.697276364960597E-5}
,{"prob":1.3819999999999584,"time":7.692073660188516E-5}
,{"prob":1.3829999999999583,"time":7.686889114530758E-5}
,{"prob":1.3839999999999582,"time":7.681722651060952E-5}
,{"prob":1.384999999999958,"time":7.676574193431337E-5}
,{"prob":1.385999999999958,"time":7.67144366547824E-5}
,{"prob":1.3869999999999578,"time":7.666330991610216E-5}
,{"prob":1.3879999999999577,"time":7.661236096638969E-5}
,{"prob":1.3889999999999576,"time":7.656158905775409E-5}
,{"prob":1.3899999999999575,"time":7.651099344628064E-5}
,{"prob":1.3909999999999574,"time":7.646057339200118E-5}
,{"prob":1.3919999999999573,"time":7.641032816053787E-5}
,{"prob":1.3929999999999572,"time":7.636025701862968E-5}
,{"prob":1.393999999999957,"time":7.631035924022278E-5}
,{"prob":1.394999999999957,"time":7.626063410144086E-5}
,{"prob":1.3959999999999568,"time":7.621108088167724E-5}
,{"prob":1.3969999999999567,"time":7.616169886689822E-5}
,{"prob":1.3979999999999566,"time":7.611248734406802E-5}
,{"prob":1.3989999999999565,"time":7.606344560612129E-5}
]