[{32768}
,{"prob":0.05,"time":7.254819535479785E8}
,{"prob":0.051000000000000004,"time":3.513878462409544E8}
,{"prob":0.052000000000000005,"time":1.7521311141937092E8}
,{"prob":0.053000000000000005,"time":8.979303855852097E7}
,{"prob":0.054000000000000006,"time":4.722210639710369E7}
,{"prob":0.05500000000000001,"time":2.5448027250999346E7}
,{"prob":0.05600000000000001,"time":1.4034374571552975E7}
,{"prob":0.05700000000000001,"time":7910919.91798197}
,{"prob":0.05800000000000001,"time":4552583.125978643}
,{"prob":0.05900000000000001,"time":2671909.5938004637}
,{"prob":0.06000000000000001,"time":1597665.2575615898}
,{"prob":0.06100000000000001,"time":972401.8182413839}
,{"prob":0.06200000000000001,"time":601899.1657502474}
,{"prob":0.06300000000000001,"time":378587.25413913565}
,{"prob":0.06400000000000002,"time":241791.51452124756}
,{"prob":0.06500000000000002,"time":156688.83934211408}
,{"prob":0.06600000000000002,"time":102959.19466977021}
,{"prob":0.06700000000000002,"time":68556.39595244582}
,{"prob":0.06800000000000002,"time":46230.49785028125}
,{"prob":0.06900000000000002,"time":31554.695162606433}
,{"prob":0.07000000000000002,"time":21788.399079968745}
,{"prob":0.07100000000000002,"time":15212.362756213364}
,{"prob":0.07200000000000002,"time":10734.313150266018}
,{"prob":0.07300000000000002,"time":7651.834658193246}
,{"prob":0.07400000000000002,"time":5507.932716824353}
,{"prob":0.07500000000000002,"time":4001.945953770889}
,{"prob":0.07600000000000003,"time":2933.933895749362}
,{"prob":0.07700000000000003,"time":2169.5590355261484}
,{"prob":0.07800000000000003,"time":1617.6635531406225}
,{"prob":0.07900000000000003,"time":1215.7983472327078}
,{"prob":0.08000000000000003,"time":920.7878562644958}
,{"prob":0.08100000000000003,"time":702.5172024763335}
,{"prob":0.08200000000000003,"time":539.8020598035928}
,{"prob":0.08300000000000003,"time":417.61776757148294}
,{"prob":0.08400000000000003,"time":325.2238459793331}
,{"prob":0.08500000000000003,"time":254.88369228936102}
,{"prob":0.08600000000000003,"time":200.98335238813345}
,{"prob":0.08700000000000004,"time":159.4201324289992}
,{"prob":0.08800000000000004,"time":127.1751522507897}
,{"prob":0.08900000000000004,"time":102.0122730173821}
,{"prob":0.09000000000000004,"time":82.26450886181732}
,{"prob":0.09100000000000004,"time":66.68144605295461}
,{"prob":0.09200000000000004,"time":54.31950910440911}
,{"prob":0.09300000000000004,"time":44.46252673264614}
,{"prob":0.09400000000000004,"time":36.56386782870818}
,{"prob":0.09500000000000004,"time":30.20403213769819}
,{"prob":0.09600000000000004,"time":25.059383494249154}
,{"prob":0.09700000000000004,"time":20.8789654566006}
,{"prob":0.09800000000000005,"time":17.467214172965424}
,{"prob":0.09900000000000005,"time":14.67099870005204}
,{"prob":0.10000000000000005,"time":12.369854478647378}
,{"prob":0.10100000000000005,"time":10.468585685236322}
,{"prob":0.10200000000000005,"time":8.8916341512638}
,{"prob":0.10300000000000005,"time":7.578772384416236}
,{"prob":0.10400000000000005,"time":6.48179394984887}
,{"prob":0.10500000000000005,"time":5.561958707635994}
,{"prob":0.10600000000000005,"time":4.788012031476517}
,{"prob":0.10700000000000005,"time":4.134642459589195}
,{"prob":0.10800000000000005,"time":3.5812757165417564}
,{"prob":0.10900000000000006,"time":3.1111279153342877}
,{"prob":0.11000000000000006,"time":2.7104592972354}
,{"prob":0.11100000000000006,"time":2.3679837693251664}
,{"prob":0.11200000000000006,"time":2.0743999607536816}
,{"prob":0.11300000000000006,"time":1.822017428376966}
,{"prob":0.11400000000000006,"time":1.6044576448792598}
,{"prob":0.11500000000000006,"time":1.4164139781992369}
,{"prob":0.11600000000000006,"time":1.2534583723839043}
,{"prob":0.11700000000000006,"time":1.1118851294004208}
,{"prob":0.11800000000000006,"time":0.9885842657088386}
,{"prob":0.11900000000000006,"time":0.8809385222070532}
,{"prob":0.12000000000000006,"time":0.7867393534803363}
,{"prob":0.12100000000000007,"time":0.7041181939356621}
,{"prob":0.12200000000000007,"time":0.6314900586780942}
,{"prob":0.12300000000000007,"time":0.5675071338890236}
,{"prob":0.12400000000000007,"time":0.5110204809982498}
,{"prob":0.12500000000000006,"time":0.46104835027793317}
,{"prob":0.12600000000000006,"time":0.4167498935847326}
,{"prob":0.12700000000000006,"time":0.3774032996144924}
,{"prob":0.12800000000000006,"time":0.3423875615941766}
,{"prob":0.12900000000000006,"time":0.31116723620396575}
,{"prob":0.13000000000000006,"time":0.28327967213176286}
,{"prob":0.13100000000000006,"time":0.2583242827009515}
,{"prob":0.13200000000000006,"time":0.23595351453969915}
,{"prob":0.13300000000000006,"time":0.21586522687273738}
,{"prob":0.13400000000000006,"time":0.19779624685264577}
,{"prob":0.13500000000000006,"time":0.18151690759961184}
,{"prob":0.13600000000000007,"time":0.1668264092472606}
,{"prob":0.13700000000000007,"time":0.1535488708014754}
,{"prob":0.13800000000000007,"time":0.14152996307732835}
,{"prob":0.13900000000000007,"time":0.13063403145652275}
,{"prob":0.14000000000000007,"time":0.12074163242142716}
,{"prob":0.14100000000000007,"time":0.11174742029594217}
,{"prob":0.14200000000000007,"time":0.1035583310263389}
,{"prob":0.14300000000000007,"time":0.09609201836065032}
,{"prob":0.14400000000000007,"time":0.08927550493818637}
,{"prob":0.14500000000000007,"time":0.08304401669496002}
,{"prob":0.14600000000000007,"time":0.07733997392118955}
,{"prob":0.14700000000000008,"time":0.0721121164418872}
,{"prob":0.14800000000000008,"time":0.06731474382138335}
,{"prob":0.14900000000000008,"time":0.06290705439569749}
,{"prob":0.15000000000000008,"time":0.058852569350784235}
,{"prob":0.15100000000000008,"time":0.055118630115171756}
,{"prob":0.15200000000000008,"time":0.05167595906425}
,{"prob":0.15300000000000008,"time":0.04849827496819462}
,{"prob":0.15400000000000008,"time":0.04556195587059288}
,{"prob":0.15500000000000008,"time":0.04284574311329566}
,{"prob":0.15600000000000008,"time":0.04033048110990456}
,{"prob":0.15700000000000008,"time":0.03799888823496184}
,{"prob":0.15800000000000008,"time":0.03583535482334886}
,{"prob":0.15900000000000009,"time":0.03382576483400031}
,{"prob":0.1600000000000001,"time":0.031957338194469116}
,{"prob":0.1610000000000001,"time":0.030218491245795943}
,{"prob":0.1620000000000001,"time":0.02859871305123981}
,{"prob":0.1630000000000001,"time":0.027088455626571667}
,{"prob":0.1640000000000001,"time":0.025679036403143812}
,{"prob":0.1650000000000001,"time":0.024362551456946935}
,{"prob":0.1660000000000001,"time":0.02313179821977091}
,{"prob":0.1670000000000001,"time":0.02198020655828313}
,{"prob":0.1680000000000001,"time":0.020901777240572857}
,{"prob":0.1690000000000001,"time":0.019891026938248353}
,{"prob":0.1700000000000001,"time":0.018942939013049772}
,{"prob":0.1710000000000001,"time":0.0180529194323013}
,{"prob":0.1720000000000001,"time":0.01721675723441356}
,{"prob":0.1730000000000001,"time":0.016430589038616494}
,{"prob":0.1740000000000001,"time":0.015690867150409883}
,{"prob":0.1750000000000001,"time":0.014994330869391998}
,{"prob":0.1760000000000001,"time":0.01433798065187014}
,{"prob":0.1770000000000001,"time":0.013719054820274102}
,{"prob":0.1780000000000001,"time":0.013135008548808442}
,{"prob":0.1790000000000001,"time":0.012583494882465369}
,{"prob":0.1800000000000001,"time":0.012062347579180227}
,{"prob":0.1810000000000001,"time":0.011569565582544742}
,{"prob":0.1820000000000001,"time":0.011103298959056236}
,{"prob":0.1830000000000001,"time":0.010661836149586568}
,{"prob":0.1840000000000001,"time":0.010243592401455032}
,{"prob":0.1850000000000001,"time":0.00984709926333108}
,{"prob":0.1860000000000001,"time":0.009470995036096977}
,{"prob":0.1870000000000001,"time":0.009114016086341246}
,{"prob":0.1880000000000001,"time":0.008774988936560573}
,{"prob":0.1890000000000001,"time":0.008452823057730593}
,{"prob":0.1900000000000001,"time":0.008146504296220299}
,{"prob":0.19100000000000011,"time":0.007855088873852832}
,{"prob":0.19200000000000012,"time":0.007577697907348885}
,{"prob":0.19300000000000012,"time":0.007313512398405563}
,{"prob":0.19400000000000012,"time":0.007061768649547558}
,{"prob":0.19500000000000012,"time":0.0068217540674438484}
,{"prob":0.19600000000000012,"time":0.006592803317239159}
,{"prob":0.19700000000000012,"time":0.006374294796683103}
,{"prob":0.19800000000000012,"time":0.006165647400252934}
,{"prob":0.19900000000000012,"time":0.00596631754794483}
,{"prob":0.20000000000000012,"time":0.005775796454866555}
,{"prob":0.20100000000000012,"time":0.005593607620426153}
,{"prob":0.20200000000000012,"time":0.0054193045178061085}
,{"prob":0.20300000000000012,"time":0.005252468466356741}
,{"prob":0.20400000000000013,"time":0.005092706671207172}
,{"prob":0.20500000000000013,"time":0.0049396504153330625}
,{"prob":0.20600000000000013,"time":0.004792953391865753}
,{"prob":0.20700000000000013,"time":0.004652290163887241}
,{"prob":0.20800000000000013,"time":0.004517354741983996}
,{"prob":0.20900000000000013,"time":0.0043878592688618495}
,{"prob":0.21000000000000013,"time":0.004263532802830491}
,{"prob":0.21100000000000013,"time":0.004144120191861261}
,{"prob":0.21200000000000013,"time":0.004029381030648097}
,{"prob":0.21300000000000013,"time":0.0039190886942528595}
,{"prob":0.21400000000000013,"time":0.0038130294419955247}
,{"prob":0.21500000000000014,"time":0.003711001586173757}
,{"prob":0.21600000000000014,"time":0.0036128147202761}
,{"prob":0.21700000000000014,"time":0.003518289002164095}
,{"prob":0.21800000000000014,"time":0.0034272544879440044}
,{"prob":0.21900000000000014,"time":0.003339550512534089}
,{"prob":0.22000000000000014,"time":0.0032550251133004276}
,{"prob":0.22100000000000014,"time":0.0031735344936039242}
,{"prob":0.22200000000000014,"time":0.003094942523231693}
,{"prob":0.22300000000000014,"time":0.0030191202727615305}
,{"prob":0.22400000000000014,"time":0.0029459455794667013}
,{"prob":0.22500000000000014,"time":0.002875302642422245}
,{"prob":0.22600000000000015,"time":0.0028070816445988013}
,{"prob":0.22700000000000015,"time":0.0027411784000150818}
,{"prob":0.22800000000000015,"time":0.0026774940240885366}
,{"prob":0.22900000000000015,"time":0.002615934625476103}
,{"prob":0.23000000000000015,"time":0.0025564110180365993}
,{"prob":0.23100000000000015,"time":0.002498838451255907}
,{"prob":0.23200000000000015,"time":0.0024431363579270763}
,{"prob":0.23300000000000015,"time":0.0023892281178736533}
,{"prob":0.23400000000000015,"time":0.0023370408367007897}
,{"prob":0.23500000000000015,"time":0.002286505138206871}
,{"prob":0.23600000000000015,"time":0.00223755496995688}
,{"prob":0.23700000000000015,"time":0.0021901274206692096}
,{"prob":0.23800000000000016,"time":0.0021441625490357242}
,{"prob":0.23900000000000016,"time":0.0020996032228520808}
,{"prob":0.24000000000000016,"time":0.0020563949679117924}
,{"prob":0.24100000000000016,"time":0.002014485826057659}
,{"prob":0.24200000000000016,"time":0.001973826221765982}
,{"prob":0.24300000000000016,"time":0.0019343688365308104}
,{"prob":0.24400000000000016,"time":0.0018960684907695826}
,{"prob":0.24500000000000016,"time":0.0018588820326859458}
,{"prob":0.24600000000000016,"time":0.0018227682335210326}
,{"prob":0.24700000000000016,"time":0.0017876876889580328}
,{"prob":0.24800000000000016,"time":0.0017536027261555094}
,{"prob":0.24900000000000017,"time":0.001720477316118334}
,{"prob":0.25000000000000017,"time":0.0016882769910696123}
,{"prob":0.25100000000000017,"time":0.0016569687664368784}
,{"prob":0.25200000000000017,"time":0.0016265210672757084}
,{"prob":0.25300000000000017,"time":0.0015969036587953527}
,{"prob":0.25400000000000017,"time":0.0015680875806882355}
,{"prob":0.25500000000000017,"time":0.0015400450851358511}
,{"prob":0.25600000000000017,"time":0.0015127495781427861}
,{"prob":0.2570000000000002,"time":0.0014861755641541199}
,{"prob":0.2580000000000002,"time":0.001460298593594048}
,{"prob":0.2590000000000002,"time":0.0014350952132506738}
,{"prob":0.2600000000000002,"time":0.0014105429193366269}
,{"prob":0.2610000000000002,"time":0.0013866201129955965}
,{"prob":0.2620000000000002,"time":0.0013633060581748069}
,{"prob":0.2630000000000002,"time":0.0013405808417724983}
,{"prob":0.2640000000000002,"time":0.0013184253357436317}
,{"prob":0.2650000000000002,"time":0.0012968211612747603}
,{"prob":0.2660000000000002,"time":0.0012757506547835325}
,{"prob":0.2670000000000002,"time":0.0012551968355941807}
,{"prob":0.2680000000000002,"time":0.0012351433753692651}
,{"prob":0.2690000000000002,"time":0.0012155745689803891}
,{"prob":0.2700000000000002,"time":0.0011964753069612902}
,{"prob":0.2710000000000002,"time":0.0011778310492174334}
,{"prob":0.2720000000000002,"time":0.0011596278001323771}
,{"prob":0.2730000000000002,"time":0.0011418520849056637}
,{"prob":0.2740000000000002,"time":0.0011244909269657378}
,{"prob":0.2750000000000002,"time":0.0011075318266051415}
,{"prob":0.2760000000000002,"time":0.0010909627405835116}
,{"prob":0.2770000000000002,"time":0.0010747720627361877}
,{"prob":0.2780000000000002,"time":0.001058948605510558}
,{"prob":0.2790000000000002,"time":0.0010434815823885592}
,{"prob":0.2800000000000002,"time":0.0010283605911488127}
,{"prob":0.2810000000000002,"time":0.001013575597945715}
,{"prob":0.2820000000000002,"time":9.991169220456982E-4}
,{"prob":0.2830000000000002,"time":9.849752214199942E-4}
,{"prob":0.2840000000000002,"time":9.711414788674286E-4}
,{"prob":0.2850000000000002,"time":9.576069888765039E-4}
,{"prob":0.2860000000000002,"time":9.443633450400569E-4}
,{"prob":0.2870000000000002,"time":9.314024280783547E-4}
,{"prob":0.2880000000000002,"time":9.187163943778724E-4}
,{"prob":0.2890000000000002,"time":9.062976650677074E-4}
,{"prob":0.2900000000000002,"time":8.941389155859787E-4}
,{"prob":0.2910000000000002,"time":8.822330657122651E-4}
,{"prob":0.2920000000000002,"time":8.705732700426855E-4}
,{"prob":0.2930000000000002,"time":8.591529088676092E-4}
,{"prob":0.2940000000000002,"time":8.479655795066325E-4}
,{"prob":0.2950000000000002,"time":8.370050879608993E-4}
,{"prob":0.2960000000000002,"time":8.262654409659402E-4}
,{"prob":0.2970000000000002,"time":8.157408383590352E-4}
,{"prob":0.2980000000000002,"time":8.054256658468538E-4}
,{"prob":0.2990000000000002,"time":7.953144879719973E-4}
,{"prob":0.3000000000000002,"time":7.854020414792027E-4}
,{"prob":0.3010000000000002,"time":7.756832289285875E-4}
,{"prob":0.3020000000000002,"time":7.661531125400912E-4}
,{"prob":0.3030000000000002,"time":7.568069083645286E-4}
,{"prob":0.3040000000000002,"time":7.476399806653513E-4}
,{"prob":0.3050000000000002,"time":7.386478365136637E-4}
,{"prob":0.3060000000000002,"time":7.298261206349169E-4}
,{"prob":0.3070000000000002,"time":7.211706104896847E-4}
,{"prob":0.3080000000000002,"time":7.126772114785353E-4}
,{"prob":0.3090000000000002,"time":7.043419524370944E-4}
,{"prob":0.3100000000000002,"time":6.961609812379364E-4}
,{"prob":0.3110000000000002,"time":6.881305606171431E-4}
,{"prob":0.3120000000000002,"time":6.802470641446795E-4}
,{"prob":0.3130000000000002,"time":6.72506972367223E-4}
,{"prob":0.3140000000000002,"time":6.649068690960224E-4}
,{"prob":0.3150000000000002,"time":6.574434378577776E-4}
,{"prob":0.3160000000000002,"time":6.501134584485924E-4}
,{"prob":0.3170000000000002,"time":6.429138036721312E-4}
,{"prob":0.3180000000000002,"time":6.358414361782604E-4}
,{"prob":0.31900000000000023,"time":6.288934054169608E-4}
,{"prob":0.32000000000000023,"time":6.220668447165009E-4}
,{"prob":0.32100000000000023,"time":6.153589684981943E-4}
,{"prob":0.32200000000000023,"time":6.087670695590965E-4}
,{"prob":0.32300000000000023,"time":6.022885164824208E-4}
,{"prob":0.32400000000000023,"time":5.959207511348441E-4}
,{"prob":0.32500000000000023,"time":5.896612862687151E-4}
,{"prob":0.32600000000000023,"time":5.835077032119747E-4}
,{"prob":0.32700000000000023,"time":5.774576496251364E-4}
,{"prob":0.32800000000000024,"time":5.715088373816219E-4}
,{"prob":0.32900000000000024,"time":5.65659040470208E-4}
,{"prob":0.33000000000000024,"time":5.59906093051091E-4}
,{"prob":0.33100000000000024,"time":5.542478874872976E-4}
,{"prob":0.33200000000000024,"time":5.486823725471506E-4}
,{"prob":0.33300000000000024,"time":5.432075515940158E-4}
,{"prob":0.33400000000000024,"time":5.378214808794724E-4}
,{"prob":0.33500000000000024,"time":5.325222679000188E-4}
,{"prob":0.33600000000000024,"time":5.273080697952633E-4}
,{"prob":0.33700000000000024,"time":5.221770918057765E-4}
,{"prob":0.33800000000000024,"time":5.171275857991243E-4}
,{"prob":0.33900000000000025,"time":5.121578488501235E-4}
,{"prob":0.34000000000000025,"time":5.072662218286681E-4}
,{"prob":0.34100000000000025,"time":5.024510881094968E-4}
,{"prob":0.34200000000000025,"time":4.977108722521009E-4}
,{"prob":0.34300000000000025,"time":4.930440387833862E-4}
,{"prob":0.34400000000000025,"time":4.884490909885344E-4}
,{"prob":0.34500000000000025,"time":4.8392456976009105E-4}
,{"prob":0.34600000000000025,"time":4.794690524850695E-4}
,{"prob":0.34700000000000025,"time":4.7508115195494545E-4}
,{"prob":0.34800000000000025,"time":4.7075951532882075E-4}
,{"prob":0.34900000000000025,"time":4.6650282313040876E-4}
,{"prob":0.35000000000000026,"time":4.623097882776196E-4}
,{"prob":0.35100000000000026,"time":4.581791551334974E-4}
,{"prob":0.35200000000000026,"time":4.541096986012047E-4}
,{"prob":0.35300000000000026,"time":4.5010022324797375E-4}
,{"prob":0.35400000000000026,"time":4.461495624472643E-4}
,{"prob":0.35500000000000026,"time":4.4225657757089777E-4}
,{"prob":0.35600000000000026,"time":4.3842015718099404E-4}
,{"prob":0.35700000000000026,"time":4.34639216272897E-4}
,{"prob":0.35800000000000026,"time":4.3091269551659835E-4}
,{"prob":0.35900000000000026,"time":4.2723956055628183E-4}
,{"prob":0.36000000000000026,"time":4.236188012943502E-4}
,{"prob":0.36100000000000027,"time":4.200494312315028E-4}
,{"prob":0.36200000000000027,"time":4.1653048680880504E-4}
,{"prob":0.36300000000000027,"time":4.130610267729437E-4}
,{"prob":0.36400000000000027,"time":4.0964013156993216E-4}
,{"prob":0.36500000000000027,"time":4.06266902751153E-4}
,{"prob":0.36600000000000027,"time":4.029404623974872E-4}
,{"prob":0.36700000000000027,"time":3.996599525636561E-4}
,{"prob":0.36800000000000027,"time":3.964245347450465E-4}
,{"prob":0.36900000000000027,"time":3.9323338934598746E-4}
,{"prob":0.3700000000000003,"time":3.900857151839542E-4}
,{"prob":0.3710000000000003,"time":3.8698072899132665E-4}
,{"prob":0.3720000000000003,"time":3.839176649487114E-4}
,{"prob":0.3730000000000003,"time":3.8089577421799003E-4}
,{"prob":0.3740000000000003,"time":3.7791432449460607E-4}
,{"prob":0.3750000000000003,"time":3.7497259958103066E-4}
,{"prob":0.3760000000000003,"time":3.720698989616934E-4}
,{"prob":0.3770000000000003,"time":3.692055373982899E-4}
,{"prob":0.3780000000000003,"time":3.663788445366112E-4}
,{"prob":0.3790000000000003,"time":3.635891645114342E-4}
,{"prob":0.3800000000000003,"time":3.608358555916571E-4}
,{"prob":0.3810000000000003,"time":3.581182898065687E-4}
,{"prob":0.3820000000000003,"time":3.5543585260096403E-4}
,{"prob":0.3830000000000003,"time":3.527879424973175E-4}
,{"prob":0.3840000000000003,"time":3.5017397075966987E-4}
,{"prob":0.3850000000000003,"time":3.475933610720736E-4}
,{"prob":0.3860000000000003,"time":3.45045549238524E-4}
,{"prob":0.3870000000000003,"time":3.425299828685348E-4}
,{"prob":0.3880000000000003,"time":3.4004612108890425E-4}
,{"prob":0.3890000000000003,"time":3.375934342632693E-4}
,{"prob":0.3900000000000003,"time":3.351714037021739E-4}
,{"prob":0.3910000000000003,"time":3.327795214102692E-4}
,{"prob":0.3920000000000003,"time":3.3041728980881015E-4}
,{"prob":0.3930000000000003,"time":3.280842214969638E-4}
,{"prob":0.3940000000000003,"time":3.2577983899077366E-4}
,{"prob":0.3950000000000003,"time":3.2350367449525245E-4}
,{"prob":0.3960000000000003,"time":3.212552696612795E-4}
,{"prob":0.3970000000000003,"time":3.190341753676608E-4}
,{"prob":0.3980000000000003,"time":3.168399514903986E-4}
,{"prob":0.3990000000000003,"time":3.1467216669870903E-4}
,{"prob":0.4000000000000003,"time":3.125303982403602E-4}
,{"prob":0.4010000000000003,"time":3.1041423173945067E-4}
,{"prob":0.4020000000000003,"time":3.0832326100167063E-4}
,{"prob":0.4030000000000003,"time":3.062570878200843E-4}
,{"prob":0.4040000000000003,"time":3.042153217881843E-4}
,{"prob":0.4050000000000003,"time":3.0219758011992956E-4}
,{"prob":0.4060000000000003,"time":3.002034874721352E-4}
,{"prob":0.4070000000000003,"time":2.982326757714603E-4}
,{"prob":0.4080000000000003,"time":2.9628478405004837E-4}
,{"prob":0.4090000000000003,"time":2.943594582767005E-4}
,{"prob":0.4100000000000003,"time":2.92456351209423E-4}
,{"prob":0.4110000000000003,"time":2.905751222218998E-4}
,{"prob":0.4120000000000003,"time":2.887154371765675E-4}
,{"prob":0.4130000000000003,"time":2.8687696826082594E-4}
,{"prob":0.4140000000000003,"time":2.850593938462792E-4}
,{"prob":0.4150000000000003,"time":2.83262398361629E-4}
,{"prob":0.4160000000000003,"time":2.8148567214198366E-4}
,{"prob":0.4170000000000003,"time":2.797289113064238E-4}
,{"prob":0.4180000000000003,"time":2.779918176303553E-4}
,{"prob":0.4190000000000003,"time":2.762740984149258E-4}
,{"prob":0.4200000000000003,"time":2.7457546636762E-4}
,{"prob":0.4210000000000003,"time":2.728956394798029E-4}
,{"prob":0.4220000000000003,"time":2.712343409249239E-4}
,{"prob":0.4230000000000003,"time":2.6959129892178095E-4}
,{"prob":0.4240000000000003,"time":2.6796624665197967E-4}
,{"prob":0.4250000000000003,"time":2.663589221267038E-4}
,{"prob":0.4260000000000003,"time":2.6476906809930694E-4}
,{"prob":0.4270000000000003,"time":2.6319643196255827E-4}
,{"prob":0.4280000000000003,"time":2.6164076563682764E-4}
,{"prob":0.4290000000000003,"time":2.601018254894681E-4}
,{"prob":0.4300000000000003,"time":2.5857937222197546E-4}
,{"prob":0.4310000000000003,"time":2.57073170799266E-4}
,{"prob":0.43200000000000033,"time":2.5558299034129516E-4}
,{"prob":0.43300000000000033,"time":2.541086040450991E-4}
,{"prob":0.43400000000000033,"time":2.5264978909381094E-4}
,{"prob":0.43500000000000033,"time":2.512063265787672E-4}
,{"prob":0.43600000000000033,"time":2.4977800141425514E-4}
,{"prob":0.43700000000000033,"time":2.4836460225964146E-4}
,{"prob":0.43800000000000033,"time":2.469659214378368E-4}
,{"prob":0.43900000000000033,"time":2.4558175486638547E-4}
,{"prob":0.44000000000000034,"time":2.44211901979321E-4}
,{"prob":0.44100000000000034,"time":2.4285616565263173E-4}
,{"prob":0.44200000000000034,"time":2.4151435213838843E-4}
,{"prob":0.44300000000000034,"time":2.4018627099505686E-4}
,{"prob":0.44400000000000034,"time":2.388717350193654E-4}
,{"prob":0.44500000000000034,"time":2.3757056017966217E-4}
,{"prob":0.44600000000000034,"time":2.362825655524941E-4}
,{"prob":0.44700000000000034,"time":2.3500757326393496E-4}
,{"prob":0.44800000000000034,"time":2.337454084219877E-4}
,{"prob":0.44900000000000034,"time":2.3249589906233602E-4}
,{"prob":0.45000000000000034,"time":2.312588760834472E-4}
,{"prob":0.45100000000000035,"time":2.300341731998621E-4}
,{"prob":0.45200000000000035,"time":2.2882162687474434E-4}
,{"prob":0.45300000000000035,"time":2.27621076278834E-4}
,{"prob":0.45400000000000035,"time":2.2643236322378234E-4}
,{"prob":0.45500000000000035,"time":2.2525533211669027E-4}
,{"prob":0.45600000000000035,"time":2.2408982991229442E-4}
,{"prob":0.45700000000000035,"time":2.2293570605802683E-4}
,{"prob":0.45800000000000035,"time":2.2179281244831672E-4}
,{"prob":0.45900000000000035,"time":2.2066100337664942E-4}
,{"prob":0.46000000000000035,"time":2.1954013548861325E-4}
,{"prob":0.46100000000000035,"time":2.184300677375011E-4}
,{"prob":0.46200000000000035,"time":2.1733066133925775E-4}
,{"prob":0.46300000000000036,"time":2.1624177973151825E-4}
,{"prob":0.46400000000000036,"time":2.151632885287425E-4}
,{"prob":0.46500000000000036,"time":2.1409505547987756E-4}
,{"prob":0.46600000000000036,"time":2.1303695042996265E-4}
,{"prob":0.46700000000000036,"time":2.1198884528099418E-4}
,{"prob":0.46800000000000036,"time":2.1095061395506192E-4}
,{"prob":0.46900000000000036,"time":2.0992213234604555E-4}
,{"prob":0.47000000000000036,"time":2.0890327829969595E-4}
,{"prob":0.47100000000000036,"time":2.078939315607131E-4}
,{"prob":0.47200000000000036,"time":2.0689397374810088E-4}
,{"prob":0.47300000000000036,"time":2.0590328831595651E-4}
,{"prob":0.47400000000000037,"time":2.0492176051954697E-4}
,{"prob":0.47500000000000037,"time":2.0394927738500741E-4}
,{"prob":0.47600000000000037,"time":2.0298572767372264E-4}
,{"prob":0.47700000000000037,"time":2.0203100185037234E-4}
,{"prob":0.47800000000000037,"time":2.0108499205597762E-4}
,{"prob":0.47900000000000037,"time":2.0014759207126015E-4}
,{"prob":0.48000000000000037,"time":1.9921869729090875E-4}
,{"prob":0.48100000000000037,"time":1.982982046954138E-4}
,{"prob":0.4820000000000004,"time":1.9738601281914434E-4}
,{"prob":0.4830000000000004,"time":1.964820217219192E-4}
,{"prob":0.4840000000000004,"time":1.9558613296538643E-4}
,{"prob":0.4850000000000004,"time":1.9469824958417753E-4}
,{"prob":0.4860000000000004,"time":1.9381827605760563E-4}
,{"prob":0.4870000000000004,"time":1.9294611829035843E-4}
,{"prob":0.4880000000000004,"time":1.9208168357672694E-4}
,{"prob":0.4890000000000004,"time":1.912248805878483E-4}
,{"prob":0.4900000000000004,"time":1.903756193369494E-4}
,{"prob":0.4910000000000004,"time":1.8953381116322814E-4}
,{"prob":0.4920000000000004,"time":1.8869936870364082E-4}
,{"prob":0.4930000000000004,"time":1.878722058748124E-4}
,{"prob":0.4940000000000004,"time":1.870522378470831E-4}
,{"prob":0.4950000000000004,"time":1.8623938102312935E-4}
,{"prob":0.4960000000000004,"time":1.8543355301831982E-4}
,{"prob":0.4970000000000004,"time":1.8463467263874424E-4}
,{"prob":0.4980000000000004,"time":1.8384265985829767E-4}
,{"prob":0.4990000000000004,"time":1.830574358055443E-4}
,{"prob":0.5000000000000003,"time":1.822789227348297E-4}
,{"prob":0.5010000000000003,"time":1.8150704401385844E-4}
,{"prob":0.5020000000000003,"time":1.807417241022265E-4}
,{"prob":0.5030000000000003,"time":1.799828885329686E-4}
,{"prob":0.5040000000000003,"time":1.792304638931523E-4}
,{"prob":0.5050000000000003,"time":1.7848437780871622E-4}
,{"prob":0.5060000000000003,"time":1.7774455892437564E-4}
,{"prob":0.5070000000000003,"time":1.77010936889081E-4}
,{"prob":0.5080000000000003,"time":1.7628344233655796E-4}
,{"prob":0.5090000000000003,"time":1.755620068700549E-4}
,{"prob":0.5100000000000003,"time":1.7484656304481635E-4}
,{"prob":0.5110000000000003,"time":1.741370443584524E-4}
,{"prob":0.5120000000000003,"time":1.7343338522379648E-4}
,{"prob":0.5130000000000003,"time":1.7273552096490886E-4}
,{"prob":0.5140000000000003,"time":1.7204338779556975E-4}
,{"prob":0.5150000000000003,"time":1.713569228056639E-4}
,{"prob":0.5160000000000003,"time":1.706760639502759E-4}
,{"prob":0.5170000000000003,"time":1.700007500327677E-4}
,{"prob":0.5180000000000003,"time":1.6933092068693702E-4}
,{"prob":0.5190000000000003,"time":1.686665163717658E-4}
,{"prob":0.5200000000000004,"time":1.680074783527812E-4}
,{"prob":0.5210000000000004,"time":1.6735374868861148E-4}
,{"prob":0.5220000000000004,"time":1.6670527022264977E-4}
,{"prob":0.5230000000000004,"time":1.6606198656515022E-4}
,{"prob":0.5240000000000004,"time":1.6542384208287925E-4}
,{"prob":0.5250000000000004,"time":1.6479078188893733E-4}
,{"prob":0.5260000000000004,"time":1.6416275182676806E-4}
,{"prob":0.5270000000000004,"time":1.6353969846277222E-4}
,{"prob":0.5280000000000004,"time":1.6292156907430136E-4}
,{"prob":0.5290000000000004,"time":1.623083116331164E-4}
,{"prob":0.5300000000000004,"time":1.6169987480091051E-4}
,{"prob":0.5310000000000004,"time":1.610962079143382E-4}
,{"prob":0.5320000000000004,"time":1.6049726097964074E-4}
,{"prob":0.5330000000000004,"time":1.5990298465220752E-4}
,{"prob":0.5340000000000004,"time":1.5931333023740246E-4}
,{"prob":0.5350000000000004,"time":1.5872824967282282E-4}
,{"prob":0.5360000000000004,"time":1.5814769552356079E-4}
,{"prob":0.5370000000000004,"time":1.5757162096832975E-4}
,{"prob":0.5380000000000004,"time":1.569999797926983E-4}
,{"prob":0.5390000000000004,"time":1.564327263778679E-4}
,{"prob":0.5400000000000004,"time":1.5586981569075978E-4}
,{"prob":0.5410000000000004,"time":1.5531120328107325E-4}
,{"prob":0.5420000000000004,"time":1.5475684526481532E-4}
,{"prob":0.5430000000000004,"time":1.5420669831713444E-4}
,{"prob":0.5440000000000004,"time":1.5366071966970777E-4}
,{"prob":0.5450000000000004,"time":1.5311886709256826E-4}
,{"prob":0.5460000000000004,"time":1.5258109889624004E-4}
,{"prob":0.5470000000000004,"time":1.52047373916071E-4}
,{"prob":0.5480000000000004,"time":1.515176515056926E-4}
,{"prob":0.5490000000000004,"time":1.50991891531672E-4}
,{"prob":0.5500000000000004,"time":1.5047005436493499E-4}
,{"prob":0.5510000000000004,"time":1.499521008723324E-4}
,{"prob":0.5520000000000004,"time":1.4943799240835364E-4}
,{"prob":0.5530000000000004,"time":1.4892769080912847E-4}
,{"prob":0.5540000000000004,"time":1.4842115838651406E-4}
,{"prob":0.5550000000000004,"time":1.4791835791904561E-4}
,{"prob":0.5560000000000004,"time":1.4741925264517876E-4}
,{"prob":0.5570000000000004,"time":1.4692380625769643E-4}
,{"prob":0.5580000000000004,"time":1.4643198289607384E-4}
,{"prob":0.5590000000000004,"time":1.4594374713789612E-4}
,{"prob":0.5600000000000004,"time":1.454590639988891E-4}
,{"prob":0.5610000000000004,"time":1.4497789891813832E-4}
,{"prob":0.5620000000000004,"time":1.4450021775936115E-4}
,{"prob":0.5630000000000004,"time":1.440259867974289E-4}
,{"prob":0.5640000000000004,"time":1.4355517272081618E-4}
,{"prob":0.5650000000000004,"time":1.430877426162618E-4}
,{"prob":0.5660000000000004,"time":1.4262366397342318E-4}
,{"prob":0.5670000000000004,"time":1.4216290466768707E-4}
,{"prob":0.5680000000000004,"time":1.417054329639168E-4}
,{"prob":0.5690000000000004,"time":1.412512175067316E-4}
,{"prob":0.5700000000000004,"time":1.4080022731607957E-4}
,{"prob":0.5710000000000004,"time":1.4035243177979622E-4}
,{"prob":0.5720000000000004,"time":1.39907800651384E-4}
,{"prob":0.5730000000000004,"time":1.3946630404272547E-4}
,{"prob":0.5740000000000004,"time":1.390279124199624E-4}
,{"prob":0.5750000000000004,"time":1.3859259659839709E-4}
,{"prob":0.5760000000000004,"time":1.38160327736482E-4}
,{"prob":0.5770000000000004,"time":1.3773107733491895E-4}
,{"prob":0.5780000000000004,"time":1.3730481722373542E-4}
,{"prob":0.5790000000000004,"time":1.368815195665442E-4}
,{"prob":0.5800000000000004,"time":1.364611568517808E-4}
,{"prob":0.5810000000000004,"time":1.3604370188506922E-4}
,{"prob":0.5820000000000004,"time":1.3562912779356882E-4}
,{"prob":0.5830000000000004,"time":1.3521740801151252E-4}
,{"prob":0.5840000000000004,"time":1.348085162826738E-4}
,{"prob":0.5850000000000004,"time":1.3440242665299702E-4}
,{"prob":0.5860000000000004,"time":1.339991134682039E-4}
,{"prob":0.5870000000000004,"time":1.3359855136755368E-4}
,{"prob":0.5880000000000004,"time":1.3320071528254049E-4}
,{"prob":0.5890000000000004,"time":1.328055804307638E-4}
,{"prob":0.5900000000000004,"time":1.3241312231278092E-4}
,{"prob":0.5910000000000004,"time":1.320233167080492E-4}
,{"prob":0.5920000000000004,"time":1.3163613966996006E-4}
,{"prob":0.5930000000000004,"time":1.3125156752476143E-4}
,{"prob":0.5940000000000004,"time":1.3086957686764616E-4}
,{"prob":0.5950000000000004,"time":1.304901445541227E-4}
,{"prob":0.5960000000000004,"time":1.3011324770386166E-4}
,{"prob":0.5970000000000004,"time":1.2973886369215218E-4}
,{"prob":0.5980000000000004,"time":1.293669701481185E-4}
,{"prob":0.5990000000000004,"time":1.2899754495011647E-4}
,{"prob":0.6000000000000004,"time":1.2863056622400962E-4}
,{"prob":0.6010000000000004,"time":1.2826601233960173E-4}
,{"prob":0.6020000000000004,"time":1.279038619061874E-4}
,{"prob":0.6030000000000004,"time":1.2754409377093673E-4}
,{"prob":0.6040000000000004,"time":1.27186687014545E-4}
,{"prob":0.6050000000000004,"time":1.2683162094783858E-4}
,{"prob":0.6060000000000004,"time":1.2647887511121612E-4}
,{"prob":0.6070000000000004,"time":1.261284292685614E-4}
,{"prob":0.6080000000000004,"time":1.2578026340491483E-4}
,{"prob":0.6090000000000004,"time":1.2543435772509876E-4}
,{"prob":0.6100000000000004,"time":1.2509069265050787E-4}
,{"prob":0.6110000000000004,"time":1.2474924881597445E-4}
,{"prob":0.6120000000000004,"time":1.2441000706393452E-4}
,{"prob":0.6130000000000004,"time":1.240729484486289E-4}
,{"prob":0.6140000000000004,"time":1.2373805422581034E-4}
,{"prob":0.6150000000000004,"time":1.2340530585518592E-4}
,{"prob":0.6160000000000004,"time":1.2307468499743503E-4}
,{"prob":0.6170000000000004,"time":1.2274617350680134E-4}
,{"prob":0.6180000000000004,"time":1.2241975343538648E-4}
,{"prob":0.6190000000000004,"time":1.2209540702579647E-4}
,{"prob":0.6200000000000004,"time":1.2177311671189162E-4}
,{"prob":0.6210000000000004,"time":1.2145286511243953E-4}
,{"prob":0.6220000000000004,"time":1.2113463503191315E-4}
,{"prob":0.6230000000000004,"time":1.2081840945862878E-4}
,{"prob":0.6240000000000004,"time":1.2050417155940462E-4}
,{"prob":0.6250000000000004,"time":1.2019190467954685E-4}
,{"prob":0.6260000000000004,"time":1.1988159234018844E-4}
,{"prob":0.6270000000000004,"time":1.1957321823483209E-4}
,{"prob":0.6280000000000004,"time":1.1926676622937864E-4}
,{"prob":0.6290000000000004,"time":1.1896222035783062E-4}
,{"prob":0.6300000000000004,"time":1.1865956482151709E-4}
,{"prob":0.6310000000000004,"time":1.1835878398745454E-4}
,{"prob":0.6320000000000005,"time":1.1805986238415357E-4}
,{"prob":0.6330000000000005,"time":1.1776278470176773E-4}
,{"prob":0.6340000000000005,"time":1.1746753578795322E-4}
,{"prob":0.6350000000000005,"time":1.1717410064806527E-4}
,{"prob":0.6360000000000005,"time":1.1688246444193422E-4}
,{"prob":0.6370000000000005,"time":1.1659261248322E-4}
,{"prob":0.6380000000000005,"time":1.1630453023540783E-4}
,{"prob":0.6390000000000005,"time":1.1601820331206233E-4}
,{"prob":0.6400000000000005,"time":1.1573361747287131E-4}
,{"prob":0.6410000000000005,"time":1.1545075862393592E-4}
,{"prob":0.6420000000000005,"time":1.1516961281554772E-4}
,{"prob":0.6430000000000005,"time":1.1489016623831774E-4}
,{"prob":0.6440000000000005,"time":1.1461240522435129E-4}
,{"prob":0.6450000000000005,"time":1.1433631624426202E-4}
,{"prob":0.6460000000000005,"time":1.1406188590503216E-4}
,{"prob":0.6470000000000005,"time":1.1378910094875164E-4}
,{"prob":0.6480000000000005,"time":1.1351794825217835E-4}
,{"prob":0.6490000000000005,"time":1.1324841482218426E-4}
,{"prob":0.6500000000000005,"time":1.1298048779702358E-4}
,{"prob":0.6510000000000005,"time":1.127141544442995E-4}
,{"prob":0.6520000000000005,"time":1.1244940215812643E-4}
,{"prob":0.6530000000000005,"time":1.1218621845797335E-4}
,{"prob":0.6540000000000005,"time":1.1192459098751124E-4}
,{"prob":0.6550000000000005,"time":1.1166450751429851E-4}
,{"prob":0.6560000000000005,"time":1.1140595592620035E-4}
,{"prob":0.6570000000000005,"time":1.1114892423031846E-4}
,{"prob":0.6580000000000005,"time":1.1089340055350353E-4}
,{"prob":0.6590000000000005,"time":1.1063937313887103E-4}
,{"prob":0.6600000000000005,"time":1.1038683034554586E-4}
,{"prob":0.6610000000000005,"time":1.1013576064602185E-4}
,{"prob":0.6620000000000005,"time":1.0988615262594085E-4}
,{"prob":0.6630000000000005,"time":1.0963799498308367E-4}
,{"prob":0.6640000000000005,"time":1.0939127652557488E-4}
,{"prob":0.6650000000000005,"time":1.0914598616930251E-4}
,{"prob":0.6660000000000005,"time":1.0890211293935284E-4}
,{"prob":0.6670000000000005,"time":1.086596459658688E-4}
,{"prob":0.6680000000000005,"time":1.0841857448629052E-4}
,{"prob":0.6690000000000005,"time":1.081788878388845E-4}
,{"prob":0.6700000000000005,"time":1.0794057546659387E-4}
,{"prob":0.6710000000000005,"time":1.0770362691453074E-4}
,{"prob":0.6720000000000005,"time":1.0746803182753584E-4}
,{"prob":0.6730000000000005,"time":1.072337799485218E-4}
,{"prob":0.6740000000000005,"time":1.0700086112074489E-4}
,{"prob":0.6750000000000005,"time":1.0676926528225822E-4}
,{"prob":0.6760000000000005,"time":1.0653898246821135E-4}
,{"prob":0.6770000000000005,"time":1.0631000280923255E-4}
,{"prob":0.6780000000000005,"time":1.0608231652674338E-4}
,{"prob":0.6790000000000005,"time":1.0585591393912648E-4}
,{"prob":0.6800000000000005,"time":1.056307854516568E-4}
,{"prob":0.6810000000000005,"time":1.054069215642143E-4}
,{"prob":0.6820000000000005,"time":1.0518431286281248E-4}
,{"prob":0.6830000000000005,"time":1.0496295002498862E-4}
,{"prob":0.6840000000000005,"time":1.0474282381368609E-4}
,{"prob":0.6850000000000005,"time":1.0452392507882267E-4}
,{"prob":0.6860000000000005,"time":1.0430624475579452E-4}
,{"prob":0.6870000000000005,"time":1.0408977386476518E-4}
,{"prob":0.6880000000000005,"time":1.038745035099488E-4}
,{"prob":0.6890000000000005,"time":1.0366042487816243E-4}
,{"prob":0.6900000000000005,"time":1.0344752923662696E-4}
,{"prob":0.6910000000000005,"time":1.0323580793455565E-4}
,{"prob":0.6920000000000005,"time":1.030252524017278E-4}
,{"prob":0.6930000000000005,"time":1.028158541448252E-4}
,{"prob":0.6940000000000005,"time":1.02607604752035E-4}
,{"prob":0.6950000000000005,"time":1.0240049588566009E-4}
,{"prob":0.6960000000000005,"time":1.0219451928524393E-4}
,{"prob":0.6970000000000005,"time":1.0198966676767555E-4}
,{"prob":0.6980000000000005,"time":1.017859302235947E-4}
,{"prob":0.6990000000000005,"time":1.0158330161605622E-4}
,{"prob":0.7000000000000005,"time":1.0138177298363139E-4}
,{"prob":0.7010000000000005,"time":1.0118133643611667E-4}
,{"prob":0.7020000000000005,"time":1.0098198415469166E-4}
,{"prob":0.7030000000000005,"time":1.0078370839208066E-4}
,{"prob":0.7040000000000005,"time":1.0058650147051503E-4}
,{"prob":0.7050000000000005,"time":1.0039035578117508E-4}
,{"prob":0.7060000000000005,"time":1.0019526378510021E-4}
,{"prob":0.7070000000000005,"time":1.0000121800899255E-4}
,{"prob":0.7080000000000005,"time":9.980821104905736E-5}
,{"prob":0.7090000000000005,"time":9.96162355653717E-5}
,{"prob":0.7100000000000005,"time":9.942528428500552E-5}
,{"prob":0.7110000000000005,"time":9.923535000004187E-5}
,{"prob":0.7120000000000005,"time":9.904642556635406E-5}
,{"prob":0.7130000000000005,"time":9.8858503903099E-5}
,{"prob":0.7140000000000005,"time":9.86715779922221E-5}
,{"prob":0.7150000000000005,"time":9.848564087869217E-5}
,{"prob":0.7160000000000005,"time":9.830068566786112E-5}
,{"prob":0.7170000000000005,"time":9.811670552641608E-5}
,{"prob":0.7180000000000005,"time":9.793369368192216E-5}
,{"prob":0.7190000000000005,"time":9.775164342020151E-5}
,{"prob":0.7200000000000005,"time":9.757054808773508E-5}
,{"prob":0.7210000000000005,"time":9.739040108694194E-5}
,{"prob":0.7220000000000005,"time":9.721119587929079E-5}
,{"prob":0.7230000000000005,"time":9.703292598413769E-5}
,{"prob":0.7240000000000005,"time":9.685558497617712E-5}
,{"prob":0.7250000000000005,"time":9.667916648571836E-5}
,{"prob":0.7260000000000005,"time":9.650366419967506E-5}
,{"prob":0.7270000000000005,"time":9.632907185903168E-5}
,{"prob":0.7280000000000005,"time":9.615538325773523E-5}
,{"prob":0.7290000000000005,"time":9.598259224579229E-5}
,{"prob":0.7300000000000005,"time":9.581069272395976E-5}
,{"prob":0.7310000000000005,"time":9.563967864756071E-5}
,{"prob":0.7320000000000005,"time":9.546954402118975E-5}
,{"prob":0.7330000000000005,"time":9.530028290321786E-5}
,{"prob":0.7340000000000005,"time":9.513188940261714E-5}
,{"prob":0.7350000000000005,"time":9.496435767720809E-5}
,{"prob":0.7360000000000005,"time":9.479768193536276E-5}
,{"prob":0.7370000000000005,"time":9.463185643632746E-5}
,{"prob":0.7380000000000005,"time":9.446687548640797E-5}
,{"prob":0.7390000000000005,"time":9.430273343999562E-5}
,{"prob":0.7400000000000005,"time":9.413942470059295E-5}
,{"prob":0.7410000000000005,"time":9.397694371839334E-5}
,{"prob":0.7420000000000005,"time":9.381528499064027E-5}
,{"prob":0.7430000000000005,"time":9.365444306058252E-5}
,{"prob":0.7440000000000005,"time":9.349441251716073E-5}
,{"prob":0.7450000000000006,"time":9.333518799603137E-5}
,{"prob":0.7460000000000006,"time":9.317676417651057E-5}
,{"prob":0.7470000000000006,"time":9.301913578261842E-5}
,{"prob":0.7480000000000006,"time":9.286229758411736E-5}
,{"prob":0.7490000000000006,"time":9.270624439145342E-5}
,{"prob":0.7500000000000006,"time":9.255097106086044E-5}
,{"prob":0.7510000000000006,"time":9.239647249066675E-5}
,{"prob":0.7520000000000006,"time":9.224274361966244E-5}
,{"prob":0.7530000000000006,"time":9.208977943216562E-5}
,{"prob":0.7540000000000006,"time":9.193757495035172E-5}
,{"prob":0.7550000000000006,"time":9.17861252399895E-5}
,{"prob":0.7560000000000006,"time":9.163542540613753E-5}
,{"prob":0.7570000000000006,"time":9.14854705948681E-5}
,{"prob":0.7580000000000006,"time":9.133625599231358E-5}
,{"prob":0.7590000000000006,"time":9.118777682239808E-5}
,{"prob":0.7600000000000006,"time":9.104002835055061E-5}
,{"prob":0.7610000000000006,"time":9.08930058794463E-5}
,{"prob":0.7620000000000006,"time":9.07467047500734E-5}
,{"prob":0.7630000000000006,"time":9.060112034146404E-5}
,{"prob":0.7640000000000006,"time":9.045624807109625E-5}
,{"prob":0.7650000000000006,"time":9.031208339265641E-5}
,{"prob":0.7660000000000006,"time":9.01686217971016E-5}
,{"prob":0.7670000000000006,"time":9.00258588110967E-5}
,{"prob":0.7680000000000006,"time":8.98837899987375E-5}
,{"prob":0.7690000000000006,"time":8.974241095933023E-5}
,{"prob":0.7700000000000006,"time":8.960171732715506E-5}
,{"prob":0.7710000000000006,"time":8.946170477253703E-5}
,{"prob":0.7720000000000006,"time":8.932236899899723E-5}
,{"prob":0.7730000000000006,"time":8.918370574627487E-5}
,{"prob":0.7740000000000006,"time":8.904571078685002E-5}
,{"prob":0.7750000000000006,"time":8.890837992765703E-5}
,{"prob":0.7760000000000006,"time":8.877170900921753E-5}
,{"prob":0.7770000000000006,"time":8.863569390347223E-5}
,{"prob":0.7780000000000006,"time":8.850033051744571E-5}
,{"prob":0.7790000000000006,"time":8.836561478979432E-5}
,{"prob":0.7800000000000006,"time":8.823154269059772E-5}
,{"prob":0.7810000000000006,"time":8.809811022243038E-5}
,{"prob":0.7820000000000006,"time":8.796531341951387E-5}
,{"prob":0.7830000000000006,"time":8.783314834750988E-5}
,{"prob":0.7840000000000006,"time":8.770161110202974E-5}
,{"prob":0.7850000000000006,"time":8.75706978097214E-5}
,{"prob":0.7860000000000006,"time":8.744040462870022E-5}
,{"prob":0.7870000000000006,"time":8.731072774580556E-5}
,{"prob":0.7880000000000006,"time":8.71816633783159E-5}
,{"prob":0.7890000000000006,"time":8.70532077731167E-5}
,{"prob":0.7900000000000006,"time":8.692535720588449E-5}
,{"prob":0.7910000000000006,"time":8.679810798089383E-5}
,{"prob":0.7920000000000006,"time":8.667145643273057E-5}
,{"prob":0.7930000000000006,"time":8.654539892294706E-5}
,{"prob":0.7940000000000006,"time":8.641993184177707E-5}
,{"prob":0.7950000000000006,"time":8.62950516066982E-5}
,{"prob":0.7960000000000006,"time":8.617075466413816E-5}
,{"prob":0.7970000000000006,"time":8.604703748741511E-5}
,{"prob":0.7980000000000006,"time":8.59238965753187E-5}
,{"prob":0.7990000000000006,"time":8.580132845568947E-5}
,{"prob":0.8000000000000006,"time":8.567932968274774E-5}
,{"prob":0.8010000000000006,"time":8.555789683568338E-5}
,{"prob":0.8020000000000006,"time":8.54370265209798E-5}
,{"prob":0.8030000000000006,"time":8.53167153710141E-5}
,{"prob":0.8040000000000006,"time":8.51969600426398E-5}
,{"prob":0.8050000000000006,"time":8.5077757220149E-5}
,{"prob":0.8060000000000006,"time":8.49591036107555E-5}
,{"prob":0.8070000000000006,"time":8.484099594879074E-5}
,{"prob":0.8080000000000006,"time":8.472343099121225E-5}
,{"prob":0.8090000000000006,"time":8.46064055211589E-5}
,{"prob":0.8100000000000006,"time":8.448991634595273E-5}
,{"prob":0.8110000000000006,"time":8.437396029509855E-5}
,{"prob":0.8120000000000006,"time":8.425853422445067E-5}
,{"prob":0.8130000000000006,"time":8.414363501114758E-5}
,{"prob":0.8140000000000006,"time":8.402925955837511E-5}
,{"prob":0.8150000000000006,"time":8.391540478971563E-5}
,{"prob":0.8160000000000006,"time":8.380206765329321E-5}
,{"prob":0.8170000000000006,"time":8.368924512101385E-5}
,{"prob":0.8180000000000006,"time":8.357693418416587E-5}
,{"prob":0.8190000000000006,"time":8.346513185998848E-5}
,{"prob":0.8200000000000006,"time":8.335383518544623E-5}
,{"prob":0.8210000000000006,"time":8.324304122014255E-5}
,{"prob":0.8220000000000006,"time":8.313274704618299E-5}
,{"prob":0.8230000000000006,"time":8.302294976623134E-5}
,{"prob":0.8240000000000006,"time":8.291364650519879E-5}
,{"prob":0.8250000000000006,"time":8.280483440829902E-5}
,{"prob":0.8260000000000006,"time":8.269651064274243E-5}
,{"prob":0.8270000000000006,"time":8.258867239519233E-5}
,{"prob":0.8280000000000006,"time":8.248131687466377E-5}
,{"prob":0.8290000000000006,"time":8.237444130938492E-5}
,{"prob":0.8300000000000006,"time":8.226804294788766E-5}
,{"prob":0.8310000000000006,"time":8.216211906008532E-5}
,{"prob":0.8320000000000006,"time":8.205666693356335E-5}
,{"prob":0.8330000000000006,"time":8.195168387824981E-5}
,{"prob":0.8340000000000006,"time":8.184716722151951E-5}
,{"prob":0.8350000000000006,"time":8.174311431106903E-5}
,{"prob":0.8360000000000006,"time":8.16395225136112E-5}
,{"prob":0.8370000000000006,"time":8.153638921535934E-5}
,{"prob":0.8380000000000006,"time":8.143371182073067E-5}
,{"prob":0.8390000000000006,"time":8.133148775283232E-5}
,{"prob":0.8400000000000006,"time":8.12297144551327E-5}
,{"prob":0.8410000000000006,"time":8.112838938661781E-5}
,{"prob":0.8420000000000006,"time":8.102751002642116E-5}
,{"prob":0.8430000000000006,"time":8.09270738719459E-5}
,{"prob":0.8440000000000006,"time":8.082707843640862E-5}
,{"prob":0.8450000000000006,"time":8.072752125403465E-5}
,{"prob":0.8460000000000006,"time":8.06283998734864E-5}
,{"prob":0.8470000000000006,"time":8.052971186306101E-5}
,{"prob":0.8480000000000006,"time":8.043145480706384E-5}
,{"prob":0.8490000000000006,"time":8.033362630806053E-5}
,{"prob":0.8500000000000006,"time":8.023622398443656E-5}
,{"prob":0.8510000000000006,"time":8.013924547322996E-5}
,{"prob":0.8520000000000006,"time":8.004268842594932E-5}
,{"prob":0.8530000000000006,"time":7.994655051197938E-5}
,{"prob":0.8540000000000006,"time":7.985082941791238E-5}
,{"prob":0.8550000000000006,"time":7.975552284454064E-5}
,{"prob":0.8560000000000006,"time":7.966062851026287E-5}
,{"prob":0.8570000000000007,"time":7.956614414982663E-5}
,{"prob":0.8580000000000007,"time":7.947206751308905E-5}
,{"prob":0.8590000000000007,"time":7.937839636550135E-5}
,{"prob":0.8600000000000007,"time":7.928512848861411E-5}
,{"prob":0.8610000000000007,"time":7.919226167940229E-5}
,{"prob":0.8620000000000007,"time":7.909979375018867E-5}
,{"prob":0.8630000000000007,"time":7.900772252798609E-5}
,{"prob":0.8640000000000007,"time":7.891604585670957E-5}
,{"prob":0.8650000000000007,"time":7.882476159250604E-5}
,{"prob":0.8660000000000007,"time":7.873386760826607E-5}
,{"prob":0.8670000000000007,"time":7.86433617918171E-5}
,{"prob":0.8680000000000007,"time":7.855324204413404E-5}
,{"prob":0.8690000000000007,"time":7.846350628154895E-5}
,{"prob":0.8700000000000007,"time":7.837415243510377E-5}
,{"prob":0.8710000000000007,"time":7.828517844932675E-5}
,{"prob":0.8720000000000007,"time":7.819658228330433E-5}
,{"prob":0.8730000000000007,"time":7.810836190946926E-5}
,{"prob":0.8740000000000007,"time":7.802051531522856E-5}
,{"prob":0.8750000000000007,"time":7.793304050175516E-5}
,{"prob":0.8760000000000007,"time":7.784593548221442E-5}
,{"prob":0.8770000000000007,"time":7.775919828453204E-5}
,{"prob":0.8780000000000007,"time":7.767282695075134E-5}
,{"prob":0.8790000000000007,"time":7.758681953526739E-5}
,{"prob":0.8800000000000007,"time":7.75011741053255E-5}
,{"prob":0.8810000000000007,"time":7.741588874208554E-5}
,{"prob":0.8820000000000007,"time":7.733096153998154E-5}
,{"prob":0.8830000000000007,"time":7.724639060497042E-5}
,{"prob":0.8840000000000007,"time":7.716217405728541E-5}
,{"prob":0.8850000000000007,"time":7.70783100285476E-5}
,{"prob":0.8860000000000007,"time":7.699479666452045E-5}
,{"prob":0.8870000000000007,"time":7.691163212167137E-5}
,{"prob":0.8880000000000007,"time":7.682881457047833E-5}
,{"prob":0.8890000000000007,"time":7.674634219200321E-5}
,{"prob":0.8900000000000007,"time":7.666421318063407E-5}
,{"prob":0.8910000000000007,"time":7.658242574289499E-5}
,{"prob":0.8920000000000007,"time":7.650097809683355E-5}
,{"prob":0.8930000000000007,"time":7.641986847252124E-5}
,{"prob":0.8940000000000007,"time":7.633909511198757E-5}
,{"prob":0.8950000000000007,"time":7.625865626861069E-5}
,{"prob":0.8960000000000007,"time":7.617855020761326E-5}
,{"prob":0.8970000000000007,"time":7.60987752054486E-5}
,{"prob":0.8980000000000007,"time":7.601932954974862E-5}
,{"prob":0.8990000000000007,"time":7.594021154092288E-5}
,{"prob":0.9000000000000007,"time":7.586141948878488E-5}
,{"prob":0.9010000000000007,"time":7.578295171581679E-5}
,{"prob":0.9020000000000007,"time":7.570480655379583E-5}
,{"prob":0.9030000000000007,"time":7.562698234760925E-5}
,{"prob":0.9040000000000007,"time":7.554947745078571E-5}
,{"prob":0.9050000000000007,"time":7.547229022930309E-5}
,{"prob":0.9060000000000007,"time":7.539541905932755E-5}
,{"prob":0.9070000000000007,"time":7.531886232716866E-5}
,{"prob":0.9080000000000007,"time":7.524261843032393E-5}
,{"prob":0.9090000000000007,"time":7.516668577687991E-5}
,{"prob":0.9100000000000007,"time":7.509106278436288E-5}
,{"prob":0.9110000000000007,"time":7.501574788188416E-5}
,{"prob":0.9120000000000007,"time":7.494073950680796E-5}
,{"prob":0.9130000000000007,"time":7.48660361090718E-5}
,{"prob":0.9140000000000007,"time":7.479163614677368E-5}
,{"prob":0.9150000000000007,"time":7.471753808885061E-5}
,{"prob":0.9160000000000007,"time":7.464374041339605E-5}
,{"prob":0.9170000000000007,"time":7.457024160924887E-5}
,{"prob":0.9180000000000007,"time":7.449704017485535E-5}
,{"prob":0.9190000000000007,"time":7.442413461714178E-5}
,{"prob":0.9200000000000007,"time":7.43515234547196E-5}
,{"prob":0.9210000000000007,"time":7.427920521350962E-5}
,{"prob":0.9220000000000007,"time":7.42071784299455E-5}
,{"prob":0.9230000000000007,"time":7.41354416498469E-5}
,{"prob":0.9240000000000007,"time":7.406399342837117E-5}
,{"prob":0.9250000000000007,"time":7.399283232944292E-5}
,{"prob":0.9260000000000007,"time":7.392195692677717E-5}
,{"prob":0.9270000000000007,"time":7.385136580276463E-5}
,{"prob":0.9280000000000007,"time":7.378105754789759E-5}
,{"prob":0.9290000000000007,"time":7.371103076394589E-5}
,{"prob":0.9300000000000007,"time":7.364128405908461E-5}
,{"prob":0.9310000000000007,"time":7.357181605214863E-5}
,{"prob":0.9320000000000007,"time":7.350262536883923E-5}
,{"prob":0.9330000000000007,"time":7.343371064596697E-5}
,{"prob":0.9340000000000007,"time":7.336507052606531E-5}
,{"prob":0.9350000000000007,"time":7.329670366269369E-5}
,{"prob":0.9360000000000007,"time":7.322860871666233E-5}
,{"prob":0.9370000000000007,"time":7.316078435759601E-5}
,{"prob":0.9380000000000007,"time":7.30932292628265E-5}
,{"prob":0.9390000000000007,"time":7.302594211842685E-5}
,{"prob":0.9400000000000007,"time":7.295892161916713E-5}
,{"prob":0.9410000000000007,"time":7.289216646688844E-5}
,{"prob":0.9420000000000007,"time":7.282567537205973E-5}
,{"prob":0.9430000000000007,"time":7.275944705373766E-5}
,{"prob":0.9440000000000007,"time":7.269348023847357E-5}
,{"prob":0.9450000000000007,"time":7.26277736597489E-5}
,{"prob":0.9460000000000007,"time":7.256232606111787E-5}
,{"prob":0.9470000000000007,"time":7.249713619140835E-5}
,{"prob":0.9480000000000007,"time":7.243220280892163E-5}
,{"prob":0.9490000000000007,"time":7.236752467928036E-5}
,{"prob":0.9500000000000007,"time":7.230310057539799E-5}
,{"prob":0.9510000000000007,"time":7.223892927797435E-5}
,{"prob":0.9520000000000007,"time":7.21750095749331E-5}
,{"prob":0.9530000000000007,"time":7.211134026192015E-5}
,{"prob":0.9540000000000007,"time":7.204792014226498E-5}
,{"prob":0.9550000000000007,"time":7.19847480253787E-5}
,{"prob":0.9560000000000007,"time":7.192182272986842E-5}
,{"prob":0.9570000000000007,"time":7.185914307983806E-5}
,{"prob":0.9580000000000007,"time":7.179670790747449E-5}
,{"prob":0.9590000000000007,"time":7.17345160524927E-5}
,{"prob":0.9600000000000007,"time":7.167256636001761E-5}
,{"prob":0.9610000000000007,"time":7.161085768368693E-5}
,{"prob":0.9620000000000007,"time":7.154938888353375E-5}
,{"prob":0.9630000000000007,"time":7.148815882700101E-5}
,{"prob":0.9640000000000007,"time":7.142716638786492E-5}
,{"prob":0.9650000000000007,"time":7.13664104467346E-5}
,{"prob":0.9660000000000007,"time":7.130588989101909E-5}
,{"prob":0.9670000000000007,"time":7.124560361490116E-5}
,{"prob":0.9680000000000007,"time":7.118555051982469E-5}
,{"prob":0.9690000000000007,"time":7.112572951239882E-5}
,{"prob":0.9700000000000008,"time":7.106613950747241E-5}
,{"prob":0.9710000000000008,"time":7.100677942552242E-5}
,{"prob":0.9720000000000008,"time":7.094764819314274E-5}
,{"prob":0.9730000000000008,"time":7.088874474405447E-5}
,{"prob":0.9740000000000008,"time":7.083006801752661E-5}
,{"prob":0.9750000000000008,"time":7.077161696093188E-5}
,{"prob":0.9760000000000008,"time":7.071339052610643E-5}
,{"prob":0.9770000000000008,"time":7.065538767139598E-5}
,{"prob":0.9780000000000008,"time":7.059760736213398E-5}
,{"prob":0.9790000000000008,"time":7.054004856908097E-5}
,{"prob":0.9800000000000008,"time":7.04827102699361E-5}
,{"prob":0.9810000000000008,"time":7.042559144726236E-5}
,{"prob":0.9820000000000008,"time":7.036869109051359E-5}
,{"prob":0.9830000000000008,"time":7.031200819498304E-5}
,{"prob":0.9840000000000008,"time":7.025554176229285E-5}
,{"prob":0.9850000000000008,"time":7.0199290798325E-5}
,{"prob":0.9860000000000008,"time":7.014325431677492E-5}
,{"prob":0.9870000000000008,"time":7.008743133555379E-5}
,{"prob":0.9880000000000008,"time":7.003182088033608E-5}
,{"prob":0.9890000000000008,"time":6.997642198045757E-5}
,{"prob":0.9900000000000008,"time":6.992123367195034E-5}
,{"prob":0.9910000000000008,"time":6.986625499599556E-5}
,{"prob":0.9920000000000008,"time":6.981148499991585E-5}
,{"prob":0.9930000000000008,"time":6.975692273664408E-5}
,{"prob":0.9940000000000008,"time":6.970256726368823E-5}
,{"prob":0.9950000000000008,"time":6.964841764564709E-5}
,{"prob":0.9960000000000008,"time":6.959447295063652E-5}
,{"prob":0.9970000000000008,"time":6.954073225382023E-5}
,{"prob":0.9980000000000008,"time":6.948719463485089E-5}
,{"prob":0.9990000000000008,"time":6.943385917886679E-5}
,{"prob":1.0000000000000007,"time":6.938072497646812E-5}
,{"prob":1.0010000000000006,"time":6.932779112319287E-5}
,{"prob":1.0020000000000004,"time":6.927505672050757E-5}
,{"prob":1.0030000000000003,"time":6.922252087426734E-5}
,{"prob":1.0040000000000002,"time":6.917018269571331E-5}
,{"prob":1.0050000000000001,"time":6.911804130094511E-5}
,{"prob":1.006,"time":6.906609581190646E-5}
,{"prob":1.007,"time":6.901434535536268E-5}
,{"prob":1.0079999999999998,"time":6.896278906237601E-5}
,{"prob":1.0089999999999997,"time":6.891142606929736E-5}
,{"prob":1.0099999999999996,"time":6.886025551823999E-5}
,{"prob":1.0109999999999995,"time":6.880927655506564E-5}
,{"prob":1.0119999999999993,"time":6.875848833086067E-5}
,{"prob":1.0129999999999992,"time":6.870789000142314E-5}
,{"prob":1.0139999999999991,"time":6.865748072824348E-5}
,{"prob":1.014999999999999,"time":6.860725967698288E-5}
,{"prob":1.015999999999999,"time":6.855722601746058E-5}
,{"prob":1.0169999999999988,"time":6.850737892463628E-5}
,{"prob":1.0179999999999987,"time":6.845771757858723E-5}
,{"prob":1.0189999999999986,"time":6.840824116349653E-5}
,{"prob":1.0199999999999985,"time":6.835894886863358E-5}
,{"prob":1.0209999999999984,"time":6.830983988684138E-5}
,{"prob":1.0219999999999982,"time":6.826091341651471E-5}
,{"prob":1.0229999999999981,"time":6.821216866008383E-5}
,{"prob":1.023999999999998,"time":6.816360482500072E-5}
,{"prob":1.024999999999998,"time":6.811522112222702E-5}
,{"prob":1.0259999999999978,"time":6.806701676820316E-5}
,{"prob":1.0269999999999977,"time":6.801899098285366E-5}
,{"prob":1.0279999999999976,"time":6.797114299055869E-5}
,{"prob":1.0289999999999975,"time":6.792347202112819E-5}
,{"prob":1.0299999999999974,"time":6.787597730731477E-5}
,{"prob":1.0309999999999973,"time":6.782865808627807E-5}
,{"prob":1.0319999999999971,"time":6.778151360056481E-5}
,{"prob":1.032999999999997,"time":6.773454309610994E-5}
,{"prob":1.033999999999997,"time":6.768774582271892E-5}
,{"prob":1.0349999999999968,"time":6.764112103454943E-5}
,{"prob":1.0359999999999967,"time":6.759466799107678E-5}
,{"prob":1.0369999999999966,"time":6.754838595363713E-5}
,{"prob":1.0379999999999965,"time":6.75022741898362E-5}
,{"prob":1.0389999999999964,"time":6.745633197009775E-5}
,{"prob":1.0399999999999963,"time":6.741055856912164E-5}
,{"prob":1.0409999999999962,"time":6.736495326537964E-5}
,{"prob":1.041999999999996,"time":6.731951534159286E-5}
,{"prob":1.042999999999996,"time":6.727424408471424E-5}
,{"prob":1.0439999999999958,"time":6.72291387849387E-5}
,{"prob":1.0449999999999957,"time":6.718419873715904E-5}
,{"prob":1.0459999999999956,"time":6.713942323899148E-5}
,{"prob":1.0469999999999955,"time":6.709481159272158E-5}
,{"prob":1.0479999999999954,"time":6.705036310431391E-5}
,{"prob":1.0489999999999953,"time":6.700607708388348E-5}
,{"prob":1.0499999999999952,"time":6.69619528442252E-5}
,{"prob":1.050999999999995,"time":6.69179897027457E-5}
,{"prob":1.051999999999995,"time":6.687418698047941E-5}
,{"prob":1.0529999999999948,"time":6.683054400207556E-5}
,{"prob":1.0539999999999947,"time":6.678706009578436E-5}
,{"prob":1.0549999999999946,"time":6.67437345934469E-5}
,{"prob":1.0559999999999945,"time":6.670056682999366E-5}
,{"prob":1.0569999999999944,"time":6.66575561453803E-5}
,{"prob":1.0579999999999943,"time":6.6614701881657E-5}
,{"prob":1.0589999999999942,"time":6.65720033853879E-5}
,{"prob":1.059999999999994,"time":6.652946000618122E-5}
,{"prob":1.060999999999994,"time":6.64870710966785E-5}
,{"prob":1.0619999999999938,"time":6.644483601448167E-5}
,{"prob":1.0629999999999937,"time":6.640275411923484E-5}
,{"prob":1.0639999999999936,"time":6.636082477454923E-5}
,{"prob":1.0649999999999935,"time":6.631904734702722E-5}
,{"prob":1.0659999999999934,"time":6.627742120769527E-5}
,{"prob":1.0669999999999933,"time":6.62359457295848E-5}
,{"prob":1.0679999999999932,"time":6.619462029012989E-5}
,{"prob":1.068999999999993,"time":6.61534442697109E-5}
,{"prob":1.069999999999993,"time":6.611241705212572E-5}
,{"prob":1.0709999999999928,"time":6.607153802361467E-5}
,{"prob":1.0719999999999927,"time":6.603080657477982E-5}
,{"prob":1.0729999999999926,"time":6.599022209912517E-5}
,{"prob":1.0739999999999925,"time":6.594978399352921E-5}
,{"prob":1.0749999999999924,"time":6.590949165727579E-5}
,{"prob":1.0759999999999923,"time":6.586934449348448E-5}
,{"prob":1.0769999999999922,"time":6.582934190813732E-5}
,{"prob":1.077999999999992,"time":6.57894833110296E-5}
,{"prob":1.078999999999992,"time":6.574976811384604E-5}
,{"prob":1.0799999999999919,"time":6.571019573301765E-5}
,{"prob":1.0809999999999917,"time":6.567076558589119E-5}
,{"prob":1.0819999999999916,"time":6.563147709501739E-5}
,{"prob":1.0829999999999915,"time":6.559232968479999E-5}
,{"prob":1.0839999999999914,"time":6.555332278243896E-5}
,{"prob":1.0849999999999913,"time":6.551445581887852E-5}
,{"prob":1.0859999999999912,"time":6.547572822784077E-5}
,{"prob":1.086999999999991,"time":6.543713944534075E-5}
,{"prob":1.087999999999991,"time":6.539868891158391E-5}
,{"prob":1.0889999999999909,"time":6.536037606857604E-5}
,{"prob":1.0899999999999908,"time":6.532220036154011E-5}
,{"prob":1.0909999999999906,"time":6.528416123843564E-5}
,{"prob":1.0919999999999905,"time":6.524625815137044E-5}
,{"prob":1.0929999999999904,"time":6.520849055279812E-5}
,{"prob":1.0939999999999903,"time":6.517085790072456E-5}
,{"prob":1.0949999999999902,"time":6.513335965395893E-5}
,{"prob":1.09599999999999,"time":6.509599527447732E-5}
,{"prob":1.09699999999999,"time":6.505876422835878E-5}
,{"prob":1.0979999999999899,"time":6.502166598293594E-5}
,{"prob":1.0989999999999898,"time":6.498470000820858E-5}
,{"prob":1.0999999999999897,"time":6.494786577872532E-5}
,{"prob":1.1009999999999895,"time":6.491116276932311E-5}
,{"prob":1.1019999999999894,"time":6.48745904593682E-5}
,{"prob":1.1029999999999893,"time":6.48381483299176E-5}
,{"prob":1.1039999999999892,"time":6.480183586512743E-5}
,{"prob":1.104999999999989,"time":6.476565255176929E-5}
,{"prob":1.105999999999989,"time":6.472959787875431E-5}
,{"prob":1.1069999999999889,"time":6.469367133854145E-5}
,{"prob":1.1079999999999888,"time":6.465787242523922E-5}
,{"prob":1.1089999999999887,"time":6.462220063554512E-5}
,{"prob":1.1099999999999886,"time":6.458665546967689E-5}
,{"prob":1.1109999999999884,"time":6.455123642901458E-5}
,{"prob":1.1119999999999883,"time":6.451594301938341E-5}
,{"prob":1.1129999999999882,"time":6.44807747468157E-5}
,{"prob":1.113999999999988,"time":6.444573112177381E-5}
,{"prob":1.114999999999988,"time":6.441081165585452E-5}
,{"prob":1.115999999999988,"time":6.437601586365966E-5}
,{"prob":1.1169999999999878,"time":6.434134326278962E-5}
,{"prob":1.1179999999999877,"time":6.430679337242787E-5}
,{"prob":1.1189999999999876,"time":6.427236571474005E-5}
,{"prob":1.1199999999999875,"time":6.42380598134661E-5}
,{"prob":1.1209999999999873,"time":6.420387519531427E-5}
,{"prob":1.1219999999999872,"time":6.416981138995241E-5}
,{"prob":1.1229999999999871,"time":6.413586792860336E-5}
,{"prob":1.123999999999987,"time":6.410204434496843E-5}
,{"prob":1.124999999999987,"time":6.406834017522364E-5}
,{"prob":1.1259999999999868,"time":6.403475495754651E-5}
,{"prob":1.1269999999999867,"time":6.400128823257489E-5}
,{"prob":1.1279999999999866,"time":6.396793954386551E-5}
,{"prob":1.1289999999999865,"time":6.39347084364935E-5}
,{"prob":1.1299999999999863,"time":6.39015944579714E-5}
,{"prob":1.1309999999999862,"time":6.386859715825243E-5}
,{"prob":1.1319999999999861,"time":6.383571608878365E-5}
,{"prob":1.132999999999986,"time":6.380295080483083E-5}
,{"prob":1.133999999999986,"time":6.377030086175191E-5}
,{"prob":1.1349999999999858,"time":6.373776581870949E-5}
,{"prob":1.1359999999999857,"time":6.370534523680605E-5}
,{"prob":1.1369999999999856,"time":6.367303867861192E-5}
,{"prob":1.1379999999999855,"time":6.364084570955441E-5}
,{"prob":1.1389999999999854,"time":6.360876589698356E-5}
,{"prob":1.1399999999999852,"time":6.357679881016552E-5}
,{"prob":1.1409999999999851,"time":6.354494402027757E-5}
,{"prob":1.141999999999985,"time":6.351320110132973E-5}
,{"prob":1.142999999999985,"time":6.348156962969164E-5}
,{"prob":1.1439999999999848,"time":6.345004918178093E-5}
,{"prob":1.1449999999999847,"time":6.341863933867473E-5}
,{"prob":1.1459999999999846,"time":6.338733968194969E-5}
,{"prob":1.1469999999999845,"time":6.335614979505908E-5}
,{"prob":1.1479999999999844,"time":6.332506926471615E-5}
,{"prob":1.1489999999999843,"time":6.329409767857544E-5}
,{"prob":1.1499999999999841,"time":6.326323462707968E-5}
,{"prob":1.150999999999984,"time":6.323247970160496E-5}
,{"prob":1.151999999999984,"time":6.32018324963009E-5}
,{"prob":1.1529999999999838,"time":6.317129260762507E-5}
,{"prob":1.1539999999999837,"time":6.314085963295681E-5}
,{"prob":1.1549999999999836,"time":6.311053317243026E-5}
,{"prob":1.1559999999999835,"time":6.30803128275539E-5}
,{"prob":1.1569999999999834,"time":6.305019820258085E-5}
,{"prob":1.1579999999999833,"time":6.302018890266826E-5}
,{"prob":1.1589999999999832,"time":6.299028453524911E-5}
,{"prob":1.159999999999983,"time":6.29604847104869E-5}
,{"prob":1.160999999999983,"time":6.2930789038975E-5}
,{"prob":1.1619999999999828,"time":6.290119713402846E-5}
,{"prob":1.1629999999999827,"time":6.287170861121684E-5}
,{"prob":1.1639999999999826,"time":6.28423230865303E-5}
,{"prob":1.1649999999999825,"time":6.281304017912038E-5}
,{"prob":1.1659999999999824,"time":6.278385950992233E-5}
,{"prob":1.1669999999999823,"time":6.275478070073768E-5}
,{"prob":1.1679999999999822,"time":6.272580337559719E-5}
,{"prob":1.168999999999982,"time":6.269692716121945E-5}
,{"prob":1.169999999999982,"time":6.266815168425988E-5}
,{"prob":1.1709999999999818,"time":6.26394765754179E-5}
,{"prob":1.1719999999999817,"time":6.261090146487029E-5}
,{"prob":1.1729999999999816,"time":6.258242598591368E-5}
,{"prob":1.1739999999999815,"time":6.25540497735939E-5}
,{"prob":1.1749999999999814,"time":6.252577246469879E-5}
,{"prob":1.1759999999999813,"time":6.249759369639346E-5}
,{"prob":1.1769999999999812,"time":6.24695131093969E-5}
,{"prob":1.177999999999981,"time":6.244153034525008E-5}
,{"prob":1.178999999999981,"time":6.24136450467684E-5}
,{"prob":1.1799999999999808,"time":6.238585685939634E-5}
,{"prob":1.1809999999999807,"time":6.235816542984621E-5}
,{"prob":1.1819999999999806,"time":6.233057040608962E-5}
,{"prob":1.1829999999999805,"time":6.230307143826371E-5}
,{"prob":1.1839999999999804,"time":6.227566817776007E-5}
,{"prob":1.1849999999999803,"time":6.224836027857786E-5}
,{"prob":1.1859999999999802,"time":6.222114739460424E-5}
,{"prob":1.18699999999998,"time":6.219402918323247E-5}
,{"prob":1.18799999999998,"time":6.216700530173755E-5}
,{"prob":1.1889999999999799,"time":6.21400754104389E-5}
,{"prob":1.1899999999999797,"time":6.211323916998272E-5}
,{"prob":1.1909999999999796,"time":6.208649624405079E-5}
,{"prob":1.1919999999999795,"time":6.205984629619494E-5}
,{"prob":1.1929999999999794,"time":6.203328899299218E-5}
,{"prob":1.1939999999999793,"time":6.200682400223945E-5}
,{"prob":1.1949999999999792,"time":6.19804509920425E-5}
,{"prob":1.195999999999979,"time":6.19541696339743E-5}
,{"prob":1.196999999999979,"time":6.192797959946176E-5}
,{"prob":1.1979999999999789,"time":6.190188056293683E-5}
,{"prob":1.1989999999999787,"time":6.187587219868295E-5}
,{"prob":1.1999999999999786,"time":6.184995418397873E-5}
,{"prob":1.2009999999999785,"time":6.182412619684695E-5}
,{"prob":1.2019999999999784,"time":6.179838791695098E-5}
,{"prob":1.2029999999999783,"time":6.177273902558983E-5}
,{"prob":1.2039999999999782,"time":6.174717920479879E-5}
,{"prob":1.204999999999978,"time":6.172170813913895E-5}
,{"prob":1.205999999999978,"time":6.169632551345296E-5}
,{"prob":1.2069999999999779,"time":6.167103101555175E-5}
,{"prob":1.2079999999999778,"time":6.164582433352071E-5}
,{"prob":1.2089999999999776,"time":6.162070515661216E-5}
,{"prob":1.2099999999999775,"time":6.159567317703713E-5}
,{"prob":1.2109999999999774,"time":6.157072808637607E-5}
,{"prob":1.2119999999999773,"time":6.154586957916038E-5}
,{"prob":1.2129999999999772,"time":6.152109735107641E-5}
,{"prob":1.213999999999977,"time":6.149641109806855E-5}
,{"prob":1.214999999999977,"time":6.147181051946804E-5}
,{"prob":1.2159999999999769,"time":6.144729531396371E-5}
,{"prob":1.2169999999999768,"time":6.142286518272974E-5}
,{"prob":1.2179999999999767,"time":6.139851982808155E-5}
,{"prob":1.2189999999999765,"time":6.137425895347281E-5}
,{"prob":1.2199999999999764,"time":6.135008226438495E-5}
,{"prob":1.2209999999999763,"time":6.132598946654028E-5}
,{"prob":1.2219999999999762,"time":6.130198026812702E-5}
,{"prob":1.222999999999976,"time":6.127805437757068E-5}
,{"prob":1.223999999999976,"time":6.125421150531148E-5}
,{"prob":1.2249999999999759,"time":6.123045136291191E-5}
,{"prob":1.2259999999999758,"time":6.12067736630512E-5}
,{"prob":1.2269999999999757,"time":6.118317811997287E-5}
,{"prob":1.2279999999999756,"time":6.115966444947598E-5}
,{"prob":1.2289999999999754,"time":6.113623236802649E-5}
,{"prob":1.2299999999999753,"time":6.111288159364339E-5}
,{"prob":1.2309999999999752,"time":6.108961184545037E-5}
,{"prob":1.2319999999999751,"time":6.10664228441192E-5}
,{"prob":1.232999999999975,"time":6.104331431097585E-5}
,{"prob":1.233999999999975,"time":6.102028596933563E-5}
,{"prob":1.2349999999999748,"time":6.099733754360579E-5}
,{"prob":1.2359999999999747,"time":6.097446875884307E-5}
,{"prob":1.2369999999999746,"time":6.095167934208227E-5}
,{"prob":1.2379999999999745,"time":6.092896902100159E-5}
,{"prob":1.2389999999999743,"time":6.0906337524809794E-5}
,{"prob":1.2399999999999742,"time":6.088378458335184E-5}
,{"prob":1.2409999999999741,"time":6.0861309928884334E-5}
,{"prob":1.241999999999974,"time":6.0838913293413047E-5}
,{"prob":1.242999999999974,"time":6.0816594411347294E-5}
,{"prob":1.2439999999999738,"time":6.07943530172841E-5}
,{"prob":1.2449999999999737,"time":6.077218884777623E-5}
,{"prob":1.2459999999999736,"time":6.075010164000248E-5}
,{"prob":1.2469999999999735,"time":6.07280911322085E-5}
,{"prob":1.2479999999999734,"time":6.070615706458769E-5}
,{"prob":1.2489999999999732,"time":6.0684299177952035E-5}
,{"prob":1.2499999999999731,"time":6.066251721373368E-5}
,{"prob":1.250999999999973,"time":6.064081091574332E-5}
,{"prob":1.251999999999973,"time":6.06191800275253E-5}
,{"prob":1.2529999999999728,"time":6.0597624294999454E-5}
,{"prob":1.2539999999999727,"time":6.057614346381153E-5}
,{"prob":1.2549999999999726,"time":6.0554737282862234E-5}
,{"prob":1.2559999999999725,"time":6.053340549945259E-5}
,{"prob":1.2569999999999724,"time":6.051214786413133E-5}
,{"prob":1.2579999999999723,"time":6.049096412716802E-5}
,{"prob":1.2589999999999721,"time":6.046985404119318E-5}
,{"prob":1.259999999999972,"time":6.04488173589936E-5}
,{"prob":1.260999999999972,"time":6.042785383439211E-5}
,{"prob":1.2619999999999718,"time":6.040696322312604E-5}
,{"prob":1.2629999999999717,"time":6.038614528064449E-5}
,{"prob":1.2639999999999716,"time":6.0365399764744564E-5}
,{"prob":1.2649999999999715,"time":6.034472643337296E-5}
,{"prob":1.2659999999999714,"time":6.0324125046379956E-5}
,{"prob":1.2669999999999713,"time":6.0303595363760294E-5}
,{"prob":1.2679999999999712,"time":6.028313714741121E-5}
,{"prob":1.268999999999971,"time":6.0262750159369423E-5}
,{"prob":1.269999999999971,"time":6.024243416312794E-5}
,{"prob":1.2709999999999708,"time":6.022218892363632E-5}
,{"prob":1.2719999999999707,"time":6.020201420641911E-5}
,{"prob":1.2729999999999706,"time":6.0181909777135306E-5}
,{"prob":1.2739999999999705,"time":6.016187540464521E-5}
,{"prob":1.2749999999999704,"time":6.0141910856189985E-5}
,{"prob":1.2759999999999703,"time":6.012201590220673E-5}
,{"prob":1.2769999999999702,"time":6.0102190312824156E-5}
,{"prob":1.27799999999997,"time":6.008243385961036E-5}
,{"prob":1.27899999999997,"time":6.006274631513568E-5}
,{"prob":1.2799999999999698,"time":6.0043127452969186E-5}
,{"prob":1.2809999999999697,"time":6.0023577047240846E-5}
,{"prob":1.2819999999999696,"time":6.000409487307642E-5}
,{"prob":1.2829999999999695,"time":5.9984680707469504E-5}
,{"prob":1.2839999999999694,"time":5.9965334327094776E-5}
,{"prob":1.2849999999999693,"time":5.994605551049207E-5}
,{"prob":1.2859999999999692,"time":5.9926844036752696E-5}
,{"prob":1.286999999999969,"time":5.990769968595697E-5}
,{"prob":1.287999999999969,"time":5.988862223916787E-5}
,{"prob":1.2889999999999688,"time":5.9869611478434977E-5}
,{"prob":1.2899999999999687,"time":5.9850667186351425E-5}
,{"prob":1.2909999999999686,"time":5.983178914692941E-5}
,{"prob":1.2919999999999685,"time":5.981297714472317E-5}
,{"prob":1.2929999999999684,"time":5.9794230965700555E-5}
,{"prob":1.2939999999999683,"time":5.977555039593277E-5}
,{"prob":1.2949999999999682,"time":5.975693522333618E-5}
,{"prob":1.295999999999968,"time":5.9738385235930825E-5}
,{"prob":1.296999999999968,"time":5.9719900222706494E-5}
,{"prob":1.2979999999999678,"time":5.970147997405789E-5}
,{"prob":1.2989999999999677,"time":5.968312428091181E-5}
,{"prob":1.2999999999999676,"time":5.966483293472927E-5}
,{"prob":1.3009999999999675,"time":5.964660572880171E-5}
,{"prob":1.3019999999999674,"time":5.9628442456518336E-5}
,{"prob":1.3029999999999673,"time":5.9610342911793714E-5}
,{"prob":1.3039999999999672,"time":5.9592306890806226E-5}
,{"prob":1.304999999999967,"time":5.9574334188957936E-5}
,{"prob":1.305999999999967,"time":5.9556424603906875E-5}
,{"prob":1.3069999999999669,"time":5.9538577932970094E-5}
,{"prob":1.3079999999999667,"time":5.952079397484965E-5}
,{"prob":1.3089999999999666,"time":5.950307252920187E-5}
,{"prob":1.3099999999999665,"time":5.9485413396634474E-5}
,{"prob":1.3109999999999664,"time":5.946781637783986E-5}
,{"prob":1.3119999999999663,"time":5.945028127532415E-5}
,{"prob":1.3129999999999662,"time":5.943280789124343E-5}
,{"prob":1.313999999999966,"time":5.941539602999752E-5}
,{"prob":1.314999999999966,"time":5.9398045495632174E-5}
,{"prob":1.3159999999999659,"time":5.9380756093138956E-5}
,{"prob":1.3169999999999658,"time":5.936352762888201E-5}
,{"prob":1.3179999999999656,"time":5.9346359910166656E-5}
,{"prob":1.3189999999999655,"time":5.9329252743509275E-5}
,{"prob":1.3199999999999654,"time":5.9312205938522865E-5}
,{"prob":1.3209999999999653,"time":5.929521930360109E-5}
,{"prob":1.3219999999999652,"time":5.927829264936418E-5}
,{"prob":1.322999999999965,"time":5.9261425786075235E-5}
,{"prob":1.323999999999965,"time":5.924461852536044E-5}
,{"prob":1.3249999999999649,"time":5.9227870680206766E-5}
,{"prob":1.3259999999999648,"time":5.921118206281072E-5}
,{"prob":1.3269999999999647,"time":5.919455248758825E-5}
,{"prob":1.3279999999999645,"time":5.917798176902234E-5}
,{"prob":1.3289999999999644,"time":5.916146972252182E-5}
,{"prob":1.3299999999999643,"time":5.91450161639914E-5}
,{"prob":1.3309999999999642,"time":5.912862091068985E-5}
,{"prob":1.331999999999964,"time":5.9112283779938776E-5}
,{"prob":1.332999999999964,"time":5.909600459040955E-5}
,{"prob":1.3339999999999639,"time":5.90797831608375E-5}
,{"prob":1.3349999999999638,"time":5.90636193113033E-5}
,{"prob":1.3359999999999637,"time":5.9047512861949285E-5}
,{"prob":1.3369999999999636,"time":5.903146363469315E-5}
,{"prob":1.3379999999999634,"time":5.901547145150985E-5}
,{"prob":1.3389999999999633,"time":5.899953613442833E-5}
,{"prob":1.3399999999999632,"time":5.898365750768166E-5}
,{"prob":1.340999999999963,"time":5.896783539512534E-5}
,{"prob":1.341999999999963,"time":5.895206962152825E-5}
,{"prob":1.342999999999963,"time":5.8936360012139965E-5}
,{"prob":1.3439999999999628,"time":5.892070639397598E-5}
,{"prob":1.3449999999999627,"time":5.8905108593675094E-5}
,{"prob":1.3459999999999626,"time":5.8889566439210476E-5}
,{"prob":1.3469999999999624,"time":5.887407975817585E-5}
,{"prob":1.3479999999999623,"time":5.8858648379927356E-5}
,{"prob":1.3489999999999622,"time":5.884327213472399E-5}
,{"prob":1.3499999999999621,"time":5.882795085244403E-5}
,{"prob":1.350999999999962,"time":5.881268436429466E-5}
,{"prob":1.351999999999962,"time":5.879747250195503E-5}
,{"prob":1.3529999999999618,"time":5.878231509800636E-5}
,{"prob":1.3539999999999617,"time":5.87672119854982E-5}
,{"prob":1.3549999999999616,"time":5.875216299837879E-5}
,{"prob":1.3559999999999615,"time":5.873716797063791E-5}
,{"prob":1.3569999999999613,"time":5.872222673758855E-5}
,{"prob":1.3579999999999612,"time":5.870733913543752E-5}
,{"prob":1.3589999999999611,"time":5.869250499957701E-5}
,{"prob":1.359999999999961,"time":5.867772416800043E-5}
,{"prob":1.360999999999961,"time":5.86629964778846E-5}
,{"prob":1.3619999999999608,"time":5.8648321767724E-5}
,{"prob":1.3629999999999607,"time":5.863369987647686E-5}
,{"prob":1.3639999999999606,"time":5.861913064356026E-5}
,{"prob":1.3649999999999605,"time":5.860461390928482E-5}
,{"prob":1.3659999999999604,"time":5.8590149514843194E-5}
,{"prob":1.3669999999999602,"time":5.8575737301037526E-5}
,{"prob":1.3679999999999601,"time":5.8561377110832616E-5}
,{"prob":1.36899999999996,"time":5.854706878637377E-5}
,{"prob":1.36999999999996,"time":5.85328121711156E-5}
,{"prob":1.3709999999999598,"time":5.851860710939441E-5}
,{"prob":1.3719999999999597,"time":5.850445344515064E-5}
,{"prob":1.3729999999999596,"time":5.8490351024482075E-5}
,{"prob":1.3739999999999595,"time":5.847629969224061E-5}
,{"prob":1.3749999999999594,"time":5.8462299295004914E-5}
,{"prob":1.3759999999999593,"time":5.8448349680233384E-5}
,{"prob":1.3769999999999591,"time":5.843445069541093E-5}
,{"prob":1.377999999999959,"time":5.842060218847277E-5}
,{"prob":1.378999999999959,"time":5.840680400823002E-5}
,{"prob":1.3799999999999588,"time":5.839305600436855E-5}
,{"prob":1.3809999999999587,"time":5.837935802659749E-5}
,{"prob":1.3819999999999586,"time":5.8365709925499776E-5}
,{"prob":1.3829999999999585,"time":5.835211155210539E-5}
,{"prob":1.3839999999999584,"time":5.8338562757891424E-5}
,{"prob":1.3849999999999583,"time":5.83250633960536E-5}
,{"prob":1.3859999999999582,"time":5.831161331853585E-5}
,{"prob":1.386999999999958,"time":5.829821237900036E-5}
,{"prob":1.387999999999958,"time":5.8284860431551664E-5}
,{"prob":1.3889999999999578,"time":5.827155733073815E-5}
,{"prob":1.3899999999999577,"time":5.8258302931551605E-5}
,{"prob":1.3909999999999576,"time":5.82450970894251E-5}
,{"prob":1.3919999999999575,"time":5.8231939661502504E-5}
,{"prob":1.3929999999999574,"time":5.821883050325385E-5}
,{"prob":1.3939999999999573,"time":5.820576947312649E-5}
,{"prob":1.3949999999999572,"time":5.8192756428738644E-5}
,{"prob":1.395999999999957,"time":5.817979122772289E-5}
,{"prob":1.396999999999957,"time":5.816687373026718E-5}
,{"prob":1.3979999999999568,"time":5.815400379487945E-5}
,{"prob":1.3989999999999567,"time":5.814118128219854E-5}
,{"prob":1.3999999999999566,"time":5.812840605245011E-5}
,{"prob":1.4009999999999565,"time":5.8115677966722E-5}
,{"prob":1.4019999999999564,"time":5.810299688738046E-5}
,{"prob":1.4029999999999563,"time":5.80903626755351E-5}
,{"prob":1.4039999999999562,"time":5.8077775194841166E-5}
,{"prob":1.404999999999956,"time":5.80652343076987E-5}
,{"prob":1.405999999999956,"time":5.805273987863025E-5}
,{"prob":1.4069999999999558,"time":5.8040291771320287E-5}
,{"prob":1.4079999999999557,"time":5.802788985073054E-5}
,{"prob":1.4089999999999556,"time":5.8015533982254036E-5}
,{"prob":1.4099999999999555,"time":5.8003224031290494E-5}
,{"prob":1.4109999999999554,"time":5.7990959864514246E-5}
,{"prob":1.4119999999999553,"time":5.797874134902688E-5}
,{"prob":1.4129999999999552,"time":5.796656835151719E-5}
,{"prob":1.413999999999955,"time":5.795444074036384E-5}
,{"prob":1.414999999999955,"time":5.794235838310906E-5}
,{"prob":1.4159999999999549,"time":5.7930321149409254E-5}
,{"prob":1.4169999999999547,"time":5.7918328908501356E-5}
,{"prob":1.4179999999999546,"time":5.790638152962896E-5}
,{"prob":1.4189999999999545,"time":5.789447888330176E-5}
,{"prob":1.4199999999999544,"time":5.7882620840875284E-5}
,{"prob":1.4209999999999543,"time":5.787080727286471E-5}
,{"prob":1.4219999999999542,"time":5.7859038051053596E-5}
,{"prob":1.422999999999954,"time":5.784731304806675E-5}
,{"prob":1.423999999999954,"time":5.7835632136531E-5}
,{"prob":1.4249999999999539,"time":5.782399518991617E-5}
,{"prob":1.4259999999999537,"time":5.781240208127176E-5}
,{"prob":1.4269999999999536,"time":5.780085268490866E-5}
,{"prob":1.4279999999999535,"time":5.7789346875559884E-5}
,{"prob":1.4289999999999534,"time":5.777788452837666E-5}
,{"prob":1.4299999999999533,"time":5.776646551893035E-5}
,{"prob":1.4309999999999532,"time":5.775508972321072E-5}
,{"prob":1.431999999999953,"time":5.7743757017205194E-5}
,{"prob":1.432999999999953,"time":5.773246727858156E-5}
,{"prob":1.4339999999999529,"time":5.7721220384161704E-5}
,{"prob":1.4349999999999528,"time":5.771001621202756E-5}
,{"prob":1.4359999999999526,"time":5.769885464025389E-5}
,{"prob":1.4369999999999525,"time":5.768773554817586E-5}
,{"prob":1.4379999999999524,"time":5.7676658814280285E-5}
,{"prob":1.4389999999999523,"time":5.766562431873171E-5}
,{"prob":1.4399999999999522,"time":5.765463194126748E-5}
,{"prob":1.440999999999952,"time":5.76436815624601E-5}
,{"prob":1.441999999999952,"time":5.763277306329465E-5}
,{"prob":1.4429999999999519,"time":5.762190632559064E-5}
,{"prob":1.4439999999999518,"time":5.761108123073933E-5}
,{"prob":1.4449999999999517,"time":5.760029766096559E-5}
,{"prob":1.4459999999999515,"time":5.7589555499324884E-5}
,{"prob":1.4469999999999514,"time":5.7578854628446E-5}
,{"prob":1.4479999999999513,"time":5.756819493262534E-5}
,{"prob":1.4489999999999512,"time":5.755757629531353E-5}
,{"prob":1.449999999999951,"time":5.7546998601209286E-5}
,{"prob":1.450999999999951,"time":5.753646173500253E-5}
,{"prob":1.4519999999999509,"time":5.752596558221104E-5}
,{"prob":1.4529999999999508,"time":5.751551002834303E-5}
,{"prob":1.4539999999999507,"time":5.7505094959315326E-5}
,{"prob":1.4549999999999506,"time":5.749472026228961E-5}
,{"prob":1.4559999999999504,"time":5.748438582358163E-5}
,{"prob":1.4569999999999503,"time":5.7474091530747946E-5}
,{"prob":1.4579999999999502,"time":5.74638372713384E-5}
,{"prob":1.4589999999999501,"time":5.745362293414182E-5}
,{"prob":1.45999999999995,"time":5.744344840710181E-5}
,{"prob":1.46099999999995,"time":5.743331357940147E-5}
,{"prob":1.4619999999999498,"time":5.7423218340632726E-5}
,{"prob":1.4629999999999497,"time":5.741316258037003E-5}
,{"prob":1.4639999999999496,"time":5.7403146188597746E-5}
,{"prob":1.4649999999999495,"time":5.739316905653631E-5}
,{"prob":1.4659999999999493,"time":5.738323107497613E-5}
,{"prob":1.4669999999999492,"time":5.73733321346938E-5}
,{"prob":1.4679999999999491,"time":5.7363472128122004E-5}
,{"prob":1.468999999999949,"time":5.73536509468433E-5}
,{"prob":1.469999999999949,"time":5.734386848409519E-5}
,{"prob":1.4709999999999488,"time":5.733412463268336E-5}
,{"prob":1.4719999999999487,"time":5.732441928539672E-5}
,{"prob":1.4729999999999486,"time":5.731475233626205E-5}
,{"prob":1.4739999999999485,"time":5.730512367928871E-5}
,{"prob":1.4749999999999484,"time":5.7295533209303865E-5}
,{"prob":1.4759999999999482,"time":5.728598082070348E-5}
,{"prob":1.4769999999999481,"time":5.727646640911437E-5}
,{"prob":1.477999999999948,"time":5.726698986973173E-5}
,{"prob":1.478999999999948,"time":5.7257551098566274E-5}
,{"prob":1.4799999999999478,"time":5.724814999244408E-5}
,{"prob":1.4809999999999477,"time":5.723878644734155E-5}
,{"prob":1.4819999999999476,"time":5.7229460361298795E-5}
,{"prob":1.4829999999999475,"time":5.722017163067189E-5}
,{"prob":1.4839999999999474,"time":5.721092015429668E-5}
,{"prob":1.4849999999999473,"time":5.720170582974283E-5}
,{"prob":1.4859999999999471,"time":5.719252855580797E-5}
,{"prob":1.486999999999947,"time":5.718338823127097E-5}
,{"prob":1.487999999999947,"time":5.71742847553082E-5}
,{"prob":1.4889999999999468,"time":5.716521802790698E-5}
,{"prob":1.4899999999999467,"time":5.715618794862162E-5}
,{"prob":1.4909999999999466,"time":5.7147194418229745E-5}
,{"prob":1.4919999999999465,"time":5.713823733666103E-5}
,{"prob":1.4929999999999464,"time":5.7129316605900996E-5}
,{"prob":1.4939999999999463,"time":5.7120432127083535E-5}
,{"prob":1.4949999999999461,"time":5.711158380132194E-5}
,{"prob":1.495999999999946,"time":5.7102771531371055E-5}
,{"prob":1.496999999999946,"time":5.7093995219546914E-5}
,{"prob":1.4979999999999458,"time":5.708525476856098E-5}
,{"prob":1.4989999999999457,"time":5.707655008151734E-5}
,{"prob":1.4999999999999456,"time":5.706788106191445E-5}
,{"prob":1.5009999999999455,"time":5.7059247613226374E-5}
,{"prob":1.5019999999999454,"time":5.705064964015302E-5}
,{"prob":1.5029999999999453,"time":5.7042087046539634E-5}
,{"prob":1.5039999999999452,"time":5.7033559737868103E-5}
,{"prob":1.504999999999945,"time":5.702506761918439E-5}
,{"prob":1.505999999999945,"time":5.701661059509336E-5}
,{"prob":1.5069999999999448,"time":5.700818857266952E-5}
,{"prob":1.5079999999999447,"time":5.6999801457299894E-5}
,{"prob":1.5089999999999446,"time":5.699144915518112E-5}
,{"prob":1.5099999999999445,"time":5.698313157414242E-5}
,{"prob":1.5109999999999444,"time":5.697484862033007E-5}
,{"prob":1.5119999999999443,"time":5.696660020152526E-5}
,{"prob":1.5129999999999442,"time":5.695838622548379E-5}
,{"prob":1.513999999999944,"time":5.6950206600351256E-5}
,{"prob":1.514999999999944,"time":5.6942061234248505E-5}
,{"prob":1.5159999999999438,"time":5.6933950036515344E-5}
,{"prob":1.5169999999999437,"time":5.6925872915633746E-5}
,{"prob":1.5179999999999436,"time":5.691782978130722E-5}
,{"prob":1.5189999999999435,"time":5.690982054279731E-5}
,{"prob":1.5199999999999434,"time":5.690184511058202E-5}
,{"prob":1.5209999999999433,"time":5.689390339428606E-5}
,{"prob":1.5219999999999432,"time":5.688599530516205E-5}
,{"prob":1.522999999999943,"time":5.687812075402503E-5}
,{"prob":1.523999999999943,"time":5.6870279652074504E-5}
,{"prob":1.5249999999999428,"time":5.686247191048599E-5}
,{"prob":1.5259999999999427,"time":5.685469744164701E-5}
,{"prob":1.5269999999999426,"time":5.6846956157091956E-5}
,{"prob":1.5279999999999425,"time":5.683924796956947E-5}
,{"prob":1.5289999999999424,"time":5.6831572791799125E-5}
,{"prob":1.5299999999999423,"time":5.6823930537300454E-5}
,{"prob":1.5309999999999422,"time":5.6816321118326814E-5}
,{"prob":1.531999999999942,"time":5.680874444958256E-5}
,{"prob":1.532999999999942,"time":5.680120044450437E-5}
,{"prob":1.5339999999999419,"time":5.67936890173272E-5}
,{"prob":1.5349999999999417,"time":5.678621008225805E-5}
,{"prob":1.5359999999999416,"time":5.677876355512892E-5}
,{"prob":1.5369999999999415,"time":5.67713493500889E-5}
,{"prob":1.5379999999999414,"time":5.676396738291323E-5}
,{"prob":1.5389999999999413,"time":5.6756617568932614E-5}
,{"prob":1.5399999999999412,"time":5.6749299824690433E-5}
,{"prob":1.540999999999941,"time":5.674201406628664E-5}
,{"prob":1.541999999999941,"time":5.6734760210203906E-5}
,{"prob":1.5429999999999409,"time":5.672753817289723E-5}
,{"prob":1.5439999999999408,"time":5.6720347872030585E-5}
,{"prob":1.5449999999999406,"time":5.671318922441068E-5}
,{"prob":1.5459999999999405,"time":5.670606214846839E-5}
,{"prob":1.5469999999999404,"time":5.6698966561775704E-5}
,{"prob":1.5479999999999403,"time":5.6691902382289954E-5}
,{"prob":1.5489999999999402,"time":5.66848695291758E-5}
]